INFO: [VRFC 10-2263] Analyzing Verilog file "C:/Users/user/Desktop/mart2020/alex/alex.gen/sources_1/ip/gig_ethernet_pcs_pma_0/synth/gig_ethernet_pcs_pma_0_resets.v" into library xil_defaultlib
INFO: [VRFC 10-311] analyzing module gig_ethernet_pcs_pma_0_resets
INFO: [VRFC 10-2263] Analyzing Verilog file "C:/Users/user/Desktop/mart2020/alex/alex.gen/sources_1/ip/gig_ethernet_pcs_pma_0/synth/gig_ethernet_pcs_pma_0_clocking.v" into library xil_defaultlib
INFO: [VRFC 10-311] analyzing module gig_ethernet_pcs_pma_0_clocking
INFO: [VRFC 10-2263] Analyzing Verilog file "C:/Users/user/Desktop/mart2020/alex/alex.gen/sources_1/ip/gig_ethernet_pcs_pma_0/synth/gig_ethernet_pcs_pma_0_support.v" into library xil_defaultlib
INFO: [VRFC 10-311] analyzing module gig_ethernet_pcs_pma_0_support
INFO: [VRFC 10-2263] Analyzing Verilog file "C:/Users/user/Desktop/mart2020/alex/alex.gen/sources_1/ip/gig_ethernet_pcs_pma_0/synth/gig_ethernet_pcs_pma_0_gt_common.v" into library xil_defaultlib
INFO: [VRFC 10-311] analyzing module gig_ethernet_pcs_pma_0_gt_common
INFO: [VRFC 10-2263] Analyzing Verilog file "C:/Users/user/Desktop/mart2020/alex/alex.gen/sources_1/ip/gig_ethernet_pcs_pma_0/synth/transceiver/gig_ethernet_pcs_pma_0_cpll_railing.v" into library xil_defaultlib
INFO: [VRFC 10-311] analyzing module gig_ethernet_pcs_pma_0_cpll_railing
INFO: [VRFC 10-2263] Analyzing Verilog file "C:/Users/user/Desktop/mart2020/alex/alex.gen/sources_1/ip/gig_ethernet_pcs_pma_0/synth/transceiver/gig_ethernet_pcs_pma_0_gtwizard_init.v" into library xil_defaultlib
INFO: [VRFC 10-311] analyzing module gig_ethernet_pcs_pma_0_GTWIZARD_init
INFO: [VRFC 10-2263] Analyzing Verilog file "C:/Users/user/Desktop/mart2020/alex/alex.gen/sources_1/ip/gig_ethernet_pcs_pma_0/synth/transceiver/gig_ethernet_pcs_pma_0_tx_startup_fsm.v" into library xil_defaultlib
INFO: [VRFC 10-311] analyzing module gig_ethernet_pcs_pma_0_TX_STARTUP_FSM
INFO: [VRFC 10-2263] Analyzing Verilog file "C:/Users/user/Desktop/mart2020/alex/alex.gen/sources_1/ip/gig_ethernet_pcs_pma_0/synth/transceiver/gig_ethernet_pcs_pma_0_rx_startup_fsm.v" into library xil_defaultlib
INFO: [VRFC 10-311] analyzing module gig_ethernet_pcs_pma_0_RX_STARTUP_FSM
INFO: [VRFC 10-2263] Analyzing Verilog file "C:/Users/user/Desktop/mart2020/alex/alex.gen/sources_1/ip/gig_ethernet_pcs_pma_0/synth/transceiver/gig_ethernet_pcs_pma_0_reset_wtd_timer.v" into library xil_defaultlib
INFO: [VRFC 10-311] analyzing module gig_ethernet_pcs_pma_0_reset_wtd_timer
INFO: [VRFC 10-2263] Analyzing Verilog file "C:/Users/user/Desktop/mart2020/alex/alex.gen/sources_1/ip/gig_ethernet_pcs_pma_0/synth/transceiver/gig_ethernet_pcs_pma_0_gtwizard.v" into library xil_defaultlib
INFO: [VRFC 10-311] analyzing module gig_ethernet_pcs_pma_0_GTWIZARD
INFO: [VRFC 10-2263] Analyzing Verilog file "C:/Users/user/Desktop/mart2020/alex/alex.gen/sources_1/ip/gig_ethernet_pcs_pma_0/synth/transceiver/gig_ethernet_pcs_pma_0_gtwizard_multi_gt.v" into library xil_defaultlib
INFO: [VRFC 10-311] analyzing module gig_ethernet_pcs_pma_0_GTWIZARD_multi_gt
INFO: [VRFC 10-2263] Analyzing Verilog file "C:/Users/user/Desktop/mart2020/alex/alex.gen/sources_1/ip/gig_ethernet_pcs_pma_0/synth/transceiver/gig_ethernet_pcs_pma_0_gtwizard_gt.v" into library xil_defaultlib
INFO: [VRFC 10-311] analyzing module gig_ethernet_pcs_pma_0_GTWIZARD_GT
INFO: [VRFC 10-2263] Analyzing Verilog file "C:/Users/user/Desktop/mart2020/alex/alex.gen/sources_1/ip/gig_ethernet_pcs_pma_0/synth/gig_ethernet_pcs_pma_0_reset_sync.v" into library xil_defaultlib
INFO: [VRFC 10-311] analyzing module gig_ethernet_pcs_pma_0_reset_sync
INFO: [VRFC 10-2263] Analyzing Verilog file "C:/Users/user/Desktop/mart2020/alex/alex.gen/sources_1/ip/gig_ethernet_pcs_pma_0/synth/gig_ethernet_pcs_pma_0_sync_block.v" into library xil_defaultlib
INFO: [VRFC 10-311] analyzing module gig_ethernet_pcs_pma_0_sync_block
INFO: [VRFC 10-2263] Analyzing Verilog file "C:/Users/user/Desktop/mart2020/alex/alex.gen/sources_1/ip/gig_ethernet_pcs_pma_0/synth/transceiver/gig_ethernet_pcs_pma_0_transceiver.v" into library xil_defaultlib
INFO: [VRFC 10-311] analyzing module gig_ethernet_pcs_pma_0_transceiver
INFO: [VRFC 10-2263] Analyzing Verilog file "C:/Users/user/Desktop/mart2020/alex/alex.gen/sources_1/ip/gig_ethernet_pcs_pma_0/synth/gig_ethernet_pcs_pma_0_block.v" into library xil_defaultlib
INFO: [VRFC 10-311] analyzing module gig_ethernet_pcs_pma_0_block
INFO: [VRFC 10-2263] Analyzing Verilog file "C:/Users/user/Desktop/mart2020/alex/alex.gen/sources_1/ip/gig_ethernet_pcs_pma_0/synth/gig_ethernet_pcs_pma_0.v" into library xil_defaultlib
INFO: [VRFC 10-311] analyzing module gig_ethernet_pcs_pma_0
INFO: [VRFC 10-2263] Analyzing Verilog file "C:/Users/user/Desktop/mart2020/alex/alex.srcs/lib/arbiter.v" into library xil_defaultlib
INFO: [VRFC 10-311] analyzing module arbiter
INFO: [VRFC 10-2263] Analyzing Verilog file "C:/Users/user/Desktop/mart2020/alex/alex.srcs/sources_1/arp.v" into library xil_defaultlib
INFO: [VRFC 10-311] analyzing module arp
INFO: [VRFC 10-2263] Analyzing Verilog file "C:/Users/user/Desktop/mart2020/alex/alex.srcs/sources_1/arp_cache.v" into library xil_defaultlib
INFO: [VRFC 10-311] analyzing module arp_cache
INFO: [VRFC 10-2263] Analyzing Verilog file "C:/Users/user/Desktop/mart2020/alex/alex.srcs/sources_1/arp_eth_rx.v" into library xil_defaultlib
INFO: [VRFC 10-311] analyzing module arp_eth_rx
INFO: [VRFC 10-2263] Analyzing Verilog file "C:/Users/user/Desktop/mart2020/alex/alex.srcs/sources_1/arp_eth_tx.v" into library xil_defaultlib
INFO: [VRFC 10-311] analyzing module arp_eth_tx
INFO: [VRFC 10-2263] Analyzing Verilog file "C:/Users/user/Desktop/mart2020/alex/alex.srcs/lib/axis_async_fifo.v" into library xil_defaultlib
INFO: [VRFC 10-311] analyzing module axis_async_fifo
INFO: [VRFC 10-2263] Analyzing Verilog file "C:/Users/user/Desktop/mart2020/alex/alex.srcs/lib/axis_async_fifo_adapter.v" into library xil_defaultlib
INFO: [VRFC 10-311] analyzing module axis_async_fifo_adapter
INFO: [VRFC 10-2263] Analyzing Verilog file "C:/Users/user/Desktop/mart2020/alex/alex.srcs/lib/axis_fifo.v" into library xil_defaultlib
INFO: [VRFC 10-311] analyzing module axis_fifo
INFO: [VRFC 10-2263] Analyzing Verilog file "C:/Users/user/Desktop/mart2020/alex/alex.srcs/sources_1/axis_gmii_rx.v" into library xil_defaultlib
INFO: [VRFC 10-311] analyzing module axis_gmii_rx
INFO: [VRFC 10-2263] Analyzing Verilog file "C:/Users/user/Desktop/mart2020/alex/alex.srcs/sources_1/axis_gmii_tx.v" into library xil_defaultlib
INFO: [VRFC 10-311] analyzing module axis_gmii_tx
INFO: [VRFC 10-2263] Analyzing Verilog file "C:/Users/user/Desktop/mart2020/alex/alex.srcs/sources_1/eth_arb_mux.v" into library xil_defaultlib
INFO: [VRFC 10-311] analyzing module eth_arb_mux
INFO: [VRFC 10-2263] Analyzing Verilog file "C:/Users/user/Desktop/mart2020/alex/alex.srcs/sources_1/eth_axis_rx.v" into library xil_defaultlib
INFO: [VRFC 10-311] analyzing module eth_axis_rx
INFO: [VRFC 10-2263] Analyzing Verilog file "C:/Users/user/Desktop/mart2020/alex/alex.srcs/sources_1/eth_axis_tx.v" into library xil_defaultlib
INFO: [VRFC 10-311] analyzing module eth_axis_tx
INFO: [VRFC 10-2263] Analyzing Verilog file "C:/Users/user/Desktop/mart2020/alex/alex.srcs/sources_1/eth_mac_1g.v" into library xil_defaultlib
INFO: [VRFC 10-311] analyzing module eth_mac_1g
INFO: [VRFC 10-2263] Analyzing Verilog file "C:/Users/user/Desktop/mart2020/alex/alex.srcs/sources_1/eth_mac_1g_fifo.v" into library xil_defaultlib
INFO: [VRFC 10-311] analyzing module eth_mac_1g_fifo
INFO: [VRFC 10-2263] Analyzing Verilog file "C:/Users/user/Desktop/mart2020/alex/alex.srcs/sources_1/fpga_core.v" into library xil_defaultlib
INFO: [VRFC 10-311] analyzing module fpga_core
INFO: [VRFC 10-2263] Analyzing Verilog file "C:/Users/user/Desktop/mart2020/alex/alex.srcs/sources_1/ip.v" into library xil_defaultlib
INFO: [VRFC 10-311] analyzing module ip
INFO: [VRFC 10-2263] Analyzing Verilog file "C:/Users/user/Desktop/mart2020/alex/alex.srcs/sources_1/ip_arb_mux.v" into library xil_defaultlib
INFO: [VRFC 10-311] analyzing module ip_arb_mux
INFO: [VRFC 10-2263] Analyzing Verilog file "C:/Users/user/Desktop/mart2020/alex/alex.srcs/sources_1/ip_complete.v" into library xil_defaultlib
INFO: [VRFC 10-311] analyzing module ip_complete
INFO: [VRFC 10-2263] Analyzing Verilog file "C:/Users/user/Desktop/mart2020/alex/alex.srcs/sources_1/ip_eth_rx.v" into library xil_defaultlib
INFO: [VRFC 10-311] analyzing module ip_eth_rx
INFO: [VRFC 10-2263] Analyzing Verilog file "C:/Users/user/Desktop/mart2020/alex/alex.srcs/sources_1/ip_eth_tx.v" into library xil_defaultlib
INFO: [VRFC 10-311] analyzing module ip_eth_tx
INFO: [VRFC 10-2263] Analyzing Verilog file "C:/Users/user/Desktop/mart2020/alex/alex.srcs/sources_1/lfsr.v" into library xil_defaultlib
INFO: [VRFC 10-311] analyzing module lfsr
INFO: [VRFC 10-2263] Analyzing Verilog file "C:/Users/user/Desktop/mart2020/alex/alex.srcs/lib/priority_encoder.v" into library xil_defaultlib
INFO: [VRFC 10-311] analyzing module priority_encoder
INFO: [VRFC 10-2263] Analyzing Verilog file "C:/Users/user/Desktop/mart2020/alex/alex.srcs/lib/sync_reset.v" into library xil_defaultlib
INFO: [VRFC 10-311] analyzing module sync_reset
INFO: [VRFC 10-2263] Analyzing Verilog file "C:/Users/user/Desktop/mart2020/alex/alex.srcs/sources_1/udp.v" into library xil_defaultlib
INFO: [VRFC 10-311] analyzing module udp
INFO: [VRFC 10-2263] Analyzing Verilog file "C:/Users/user/Desktop/mart2020/alex/alex.srcs/sources_1/udp_checksum_gen.v" into library xil_defaultlib
INFO: [VRFC 10-311] analyzing module udp_checksum_gen
INFO: [VRFC 10-2263] Analyzing Verilog file "C:/Users/user/Desktop/mart2020/alex/alex.srcs/sources_1/udp_complete.v" into library xil_defaultlib
INFO: [VRFC 10-311] analyzing module udp_complete
INFO: [VRFC 10-2263] Analyzing Verilog file "C:/Users/user/Desktop/mart2020/alex/alex.srcs/sources_1/udp_ip_rx.v" into library xil_defaultlib
INFO: [VRFC 10-311] analyzing module udp_ip_rx
INFO: [VRFC 10-2263] Analyzing Verilog file "C:/Users/user/Desktop/mart2020/alex/alex.srcs/sources_1/udp_ip_tx.v" into library xil_defaultlib
INFO: [VRFC 10-311] analyzing module udp_ip_tx
INFO: [VRFC 10-2263] Analyzing Verilog file "C:/Users/user/Desktop/mart2020/alex/alex.srcs/sources_1/fpga.v" into library xil_defaultlib
INFO: [VRFC 10-311] analyzing module fpga
INFO: [VRFC 10-2263] Analyzing Verilog file "C:/Users/user/Desktop/mart2020/alex/alex.sim/sim_1/behav/xsim/glbl.v" into library xil_defaultlib
INFO: [VRFC 10-311] analyzing module glbl
