#-----------------------------------------------------------
# Vivado v2020.2 (64-bit)
# SW Build 3064766 on Wed Nov 18 09:12:45 MST 2020
# IP Build 3064653 on Wed Nov 18 14:17:31 MST 2020
# Start of session at: Thu May 13 01:51:31 2021
# Process ID: 18628
# Current directory: C:/Users/user/Desktop/nisan/alex_replying_working_first_example_plus_aurora_forwarding_rx_1byte
# Command line: vivado.exe -gui_launcher_event rodinguilauncherevent16792 C:\Users\user\Desktop\nisan\alex_replying_working_first_example_plus_aurora_forwarding_rx_1byte\alex.xpr
# Log file: C:/Users/user/Desktop/nisan/alex_replying_working_first_example_plus_aurora_forwarding_rx_1byte/vivado.log
# Journal file: C:/Users/user/Desktop/nisan/alex_replying_working_first_example_plus_aurora_forwarding_rx_1byte\vivado.jou
#-----------------------------------------------------------
start_gui
open_project C:/Users/user/Desktop/nisan/alex_replying_working_first_example_plus_aurora_forwarding_rx_1byte/alex.xpr
INFO: [ProjectBase 1-489] The host OS only allows 260 characters in a normal path. The project is stored in a path with more than 80 characters. If you experience issues with IP, Block Designs, or files not being found, please consider moving the project to a location with a shorter path. Alternately consider using the OS subst command to map part of the path to a drive letter.
Current project path is 'C:/Users/user/Desktop/nisan/alex_replying_working_first_example_plus_aurora_forwarding_rx_1byte'
Scanning sources...
Finished scanning sources
INFO: [IP_Flow 19-234] Refreshing IP repositories
INFO: [IP_Flow 19-1704] No user IP repositories specified
INFO: [IP_Flow 19-2313] Loaded Vivado IP repository 'C:/Xilinx/Vivado/2020.2/data/ip'.
open_project: Time (s): cpu = 00:00:19 ; elapsed = 00:00:15 . Memory (MB): peak = 1329.754 ; gain = 189.961
update_compile_order -fileset sources_1
open_hw_manager
connect_hw_server -allow_non_jtag
INFO: [Labtools 27-2285] Connecting to hw_server url TCP:localhost:3121
INFO: [Labtools 27-3415] Connecting to cs_server url TCP:localhost:3042
INFO: [Labtools 27-3414] Connected to existing cs_server.
open_hw_target
INFO: [Labtoolstcl 44-466] Opening hw_target localhost:3121/xilinx_tcf/Xilinx/13724327082d01
set_property PROGRAM.FILE {C:/Users/user/Desktop/nisan/alex_replying_working_first_example_plus_aurora_forwarding_rx_1byte/alex.runs/impl_1/fpga.bit} [get_hw_devices xc7k325t_0]
current_hw_device [get_hw_devices xc7k325t_0]
refresh_hw_device -update_hw_probes false [lindex [get_hw_devices xc7k325t_0] 0]
INFO: [Labtools 27-1434] Device xc7k325t (JTAG device index = 0) is programmed with a design that has no supported debug core(s) in it.
close_hw_target {localhost:3121/xilinx_tcf/Xilinx/13724327082d01}
INFO: [Labtoolstcl 44-464] Closing hw_target localhost:3121/xilinx_tcf/Xilinx/13724327082d01
open_hw_target {localhost:3121/xilinx_tcf/Xilinx/13724327082c01}
INFO: [Labtoolstcl 44-466] Opening hw_target localhost:3121/xilinx_tcf/Xilinx/13724327082c01
set_property PROGRAM.FILE {C:/Users/user/Desktop/nisan/alex_replying_working_first_example_plus_aurora_forwarding_rx_1byte/alex.runs/impl_1/fpga.bit} [get_hw_devices xc7k325t_0_1]
current_hw_device [get_hw_devices xc7k325t_0_1]
refresh_hw_device -update_hw_probes false [lindex [get_hw_devices xc7k325t_0_1] 0]
INFO: [Labtools 27-1434] Device xc7k325t (JTAG device index = 0) is programmed with a design that has no supported debug core(s) in it.
set_property PROBES.FILE {} [get_hw_devices xc7k325t_0_1]
set_property FULL_PROBES.FILE {} [get_hw_devices xc7k325t_0_1]
set_property PROGRAM.FILE {C:/Users/user/Desktop/nisan/alex_replying_working_first_example_plus_aurora_forwarding_rx_1byte/alex.runs/impl_1/fpga.bit} [get_hw_devices xc7k325t_0_1]
program_hw_devices [get_hw_devices xc7k325t_0_1]
INFO: [Labtools 27-3164] End of startup status: HIGH
program_hw_devices: Time (s): cpu = 00:00:06 ; elapsed = 00:00:06 . Memory (MB): peak = 2968.164 ; gain = 0.000
refresh_hw_device [lindex [get_hw_devices xc7k325t_0_1] 0]
INFO: [Labtools 27-1434] Device xc7k325t (JTAG device index = 0) is programmed with a design that has no supported debug core(s) in it.
ERROR: [Labtoolstcl 44-513] HW Target shutdown. Closing target: localhost:3121/xilinx_tcf/Xilinx/13724327082c01
exit
INFO: [Common 17-206] Exiting Vivado at Thu May 13 03:49:16 2021...
