#-----------------------------------------------------------
# Vivado v2020.2 (64-bit)
# SW Build 3064766 on Wed Nov 18 09:12:45 MST 2020
# IP Build 3064653 on Wed Nov 18 14:17:31 MST 2020
# Start of session at: Fri May 14 21:19:21 2021
# Process ID: 15484
# Current directory: C:/Users/user/Desktop/mayis/RX_1byte_tlast_enabled
# Command line: vivado.exe -gui_launcher_event rodinguilauncherevent21880 C:\Users\user\Desktop\mayis\RX_1byte_tlast_enabled\alex.xpr
# Log file: C:/Users/user/Desktop/mayis/RX_1byte_tlast_enabled/vivado.log
# Journal file: C:/Users/user/Desktop/mayis/RX_1byte_tlast_enabled\vivado.jou
#-----------------------------------------------------------
start_gui
open_project C:/Users/user/Desktop/mayis/RX_1byte_tlast_enabled/alex.xpr
INFO: [Project 1-313] Project file moved from 'C:/Users/user/Desktop/nisan/RX_1byte_tlast_enabled' since last save.
Scanning sources...
Finished scanning sources
INFO: [IP_Flow 19-234] Refreshing IP repositories
INFO: [IP_Flow 19-1704] No user IP repositories specified
INFO: [IP_Flow 19-2313] Loaded Vivado IP repository 'C:/Xilinx/Vivado/2020.2/data/ip'.
open_project: Time (s): cpu = 00:00:14 ; elapsed = 00:00:08 . Memory (MB): peak = 1215.832 ; gain = 53.777
update_compile_order -fileset sources_1
reset_run impl_1 -prev_step 
launch_runs impl_1 -to_step write_bitstream -jobs 6
[Fri May 14 21:19:56 2021] Launched impl_1...
Run output will be captured here: C:/Users/user/Desktop/mayis/RX_1byte_tlast_enabled/alex.runs/impl_1/runme.log
set_property -dict [list CONFIG.Interface_Mode {Framing}] [get_ips aurora_8b10b_0]
generate_target all [get_files  C:/Users/user/Desktop/mayis/RX_1byte_tlast_enabled/alex.srcs/sources_1/ip/aurora_8b10b_0/aurora_8b10b_0.xci]
INFO: [IP_Flow 19-1686] Generating 'Instantiation Template' target for IP 'aurora_8b10b_0'...
INFO: [IP_Flow 19-1686] Generating 'Synthesis' target for IP 'aurora_8b10b_0'...
INFO: [IP_Flow 19-1686] Generating 'Simulation' target for IP 'aurora_8b10b_0'...
INFO: [IP_Flow 19-1686] Generating 'Change Log' target for IP 'aurora_8b10b_0'...
catch { config_ip_cache -export [get_ips -all aurora_8b10b_0] }
export_ip_user_files -of_objects [get_files C:/Users/user/Desktop/mayis/RX_1byte_tlast_enabled/alex.srcs/sources_1/ip/aurora_8b10b_0/aurora_8b10b_0.xci] -no_script -sync -force -quiet
reset_run aurora_8b10b_0_synth_1
launch_runs aurora_8b10b_0_synth_1 -jobs 6
[Fri May 14 21:23:17 2021] Launched aurora_8b10b_0_synth_1...
Run output will be captured here: C:/Users/user/Desktop/mayis/RX_1byte_tlast_enabled/alex.runs/aurora_8b10b_0_synth_1/runme.log
export_simulation -of_objects [get_files C:/Users/user/Desktop/mayis/RX_1byte_tlast_enabled/alex.srcs/sources_1/ip/aurora_8b10b_0/aurora_8b10b_0.xci] -directory C:/Users/user/Desktop/mayis/RX_1byte_tlast_enabled/alex.ip_user_files/sim_scripts -ip_user_files_dir C:/Users/user/Desktop/mayis/RX_1byte_tlast_enabled/alex.ip_user_files -ipstatic_source_dir C:/Users/user/Desktop/mayis/RX_1byte_tlast_enabled/alex.ip_user_files/ipstatic -lib_map_path [list {modelsim=C:/Users/user/Desktop/mayis/RX_1byte_tlast_enabled/alex.cache/compile_simlib/modelsim} {questa=C:/Users/user/Desktop/mayis/RX_1byte_tlast_enabled/alex.cache/compile_simlib/questa} {riviera=C:/Users/user/Desktop/mayis/RX_1byte_tlast_enabled/alex.cache/compile_simlib/riviera} {activehdl=C:/Users/user/Desktop/mayis/RX_1byte_tlast_enabled/alex.cache/compile_simlib/activehdl}] -use_ip_compiled_libs -force -quiet
reset_run synth_1
launch_runs impl_1 -to_step write_bitstream -jobs 6
[Fri May 14 21:28:04 2021] Launched synth_1...
Run output will be captured here: C:/Users/user/Desktop/mayis/RX_1byte_tlast_enabled/alex.runs/synth_1/runme.log
[Fri May 14 21:28:04 2021] Launched impl_1...
Run output will be captured here: C:/Users/user/Desktop/mayis/RX_1byte_tlast_enabled/alex.runs/impl_1/runme.log
reset_run synth_1
launch_runs synth_1 -jobs 6
[Fri May 14 22:49:05 2021] Launched synth_1...
Run output will be captured here: C:/Users/user/Desktop/mayis/RX_1byte_tlast_enabled/alex.runs/synth_1/runme.log
reset_run synth_1
launch_runs synth_1 -jobs 6
[Fri May 14 22:57:32 2021] Launched synth_1...
Run output will be captured here: C:/Users/user/Desktop/mayis/RX_1byte_tlast_enabled/alex.runs/synth_1/runme.log
launch_runs impl_1 -jobs 6
[Fri May 14 22:58:57 2021] Launched impl_1...
Run output will be captured here: C:/Users/user/Desktop/mayis/RX_1byte_tlast_enabled/alex.runs/impl_1/runme.log
launch_runs impl_1 -to_step write_bitstream -jobs 6
[Fri May 14 23:00:32 2021] Launched impl_1...
Run output will be captured here: C:/Users/user/Desktop/mayis/RX_1byte_tlast_enabled/alex.runs/impl_1/runme.log
reset_run impl_1 -prev_step 
launch_runs impl_1 -to_step write_bitstream -jobs 6
WARNING: [Vivado 12-872] Run step 'Design Initialization' is out-of-date.
[Fri May 14 23:02:03 2021] Launched impl_1...
Run output will be captured here: C:/Users/user/Desktop/mayis/RX_1byte_tlast_enabled/alex.runs/impl_1/runme.log
reset_run synth_1
launch_runs impl_1 -to_step write_bitstream -jobs 6
[Fri May 14 23:03:34 2021] Launched synth_1...
Run output will be captured here: C:/Users/user/Desktop/mayis/RX_1byte_tlast_enabled/alex.runs/synth_1/runme.log
[Fri May 14 23:03:34 2021] Launched impl_1...
Run output will be captured here: C:/Users/user/Desktop/mayis/RX_1byte_tlast_enabled/alex.runs/impl_1/runme.log
open_hw_manager
connect_hw_server -allow_non_jtag
INFO: [Labtools 27-2285] Connecting to hw_server url TCP:localhost:3121
INFO: [Labtools 27-2222] Launching hw_server...
INFO: [Labtools 27-2221] Launch Output:

****** Xilinx hw_server v2020.2
  **** Build date : Nov 18 2020 at 10:01:48
    ** Copyright 1986-2020 Xilinx, Inc. All Rights Reserved.


INFO: [Labtools 27-3415] Connecting to cs_server url TCP:localhost:3042
INFO: [Labtools 27-3417] Launching cs_server...
INFO: [Labtools 27-2221] Launch Output:


******** Xilinx cs_server v2020.2
  ****** Build date   : Nov 04 2020-00:02:56
    **** Build number : 2020.2.1604437376
      ** Copyright 2017-2020 Xilinx, Inc. All Rights Reserved.



connect_hw_server: Time (s): cpu = 00:00:00 ; elapsed = 00:00:08 . Memory (MB): peak = 1525.578 ; gain = 0.000
open_hw_target
INFO: [Labtoolstcl 44-466] Opening hw_target localhost:3121/xilinx_tcf/Xilinx/13724327082d01
set_property PROGRAM.FILE {C:/Users/user/Desktop/mayis/RX_1byte_tlast_enabled/alex.runs/impl_1/fpga.bit} [get_hw_devices xc7k325t_0]
current_hw_device [get_hw_devices xc7k325t_0]
refresh_hw_device -update_hw_probes false [lindex [get_hw_devices xc7k325t_0] 0]
INFO: [Labtools 27-1435] Device xc7k325t (JTAG device index = 0) is not programmed (DONE status = 0).
close_hw_target {localhost:3121/xilinx_tcf/Xilinx/13724327082d01}
INFO: [Labtoolstcl 44-464] Closing hw_target localhost:3121/xilinx_tcf/Xilinx/13724327082d01
open_hw_target {localhost:3121/xilinx_tcf/Xilinx/13724327082c01}
INFO: [Labtoolstcl 44-466] Opening hw_target localhost:3121/xilinx_tcf/Xilinx/13724327082c01
set_property PROGRAM.FILE {C:/Users/user/Desktop/mayis/RX_1byte_tlast_enabled/alex.runs/impl_1/fpga.bit} [get_hw_devices xc7k325t_0_1]
current_hw_device [get_hw_devices xc7k325t_0_1]
refresh_hw_device -update_hw_probes false [lindex [get_hw_devices xc7k325t_0_1] 0]
INFO: [Labtools 27-1435] Device xc7k325t (JTAG device index = 0) is not programmed (DONE status = 0).
refresh_hw_device [lindex [get_hw_devices xc7k325t_0_1] 0]
INFO: [Labtools 27-1435] Device xc7k325t (JTAG device index = 0) is not programmed (DONE status = 0).
set_property PROBES.FILE {} [get_hw_devices xc7k325t_0_1]
set_property FULL_PROBES.FILE {} [get_hw_devices xc7k325t_0_1]
set_property PROGRAM.FILE {C:/Users/user/Desktop/mayis/RX_1byte_tlast_enabled/alex.runs/impl_1/fpga.bit} [get_hw_devices xc7k325t_0_1]
program_hw_devices [get_hw_devices xc7k325t_0_1]
INFO: [Labtools 27-3164] End of startup status: HIGH
program_hw_devices: Time (s): cpu = 00:00:05 ; elapsed = 00:00:05 . Memory (MB): peak = 3107.977 ; gain = 0.000
refresh_hw_device [lindex [get_hw_devices xc7k325t_0_1] 0]
INFO: [Labtools 27-1434] Device xc7k325t (JTAG device index = 0) is programmed with a design that has no supported debug core(s) in it.
set_property PROBES.FILE {} [get_hw_devices xc7k325t_0_1]
set_property FULL_PROBES.FILE {} [get_hw_devices xc7k325t_0_1]
set_property PROGRAM.FILE {C:/Users/user/Desktop/mayis/RX_1byte_tlast_enabled/alex.runs/impl_1/fpga.bit} [get_hw_devices xc7k325t_0_1]
program_hw_devices [get_hw_devices xc7k325t_0_1]
INFO: [Labtools 27-3164] End of startup status: HIGH
program_hw_devices: Time (s): cpu = 00:00:05 ; elapsed = 00:00:05 . Memory (MB): peak = 3107.977 ; gain = 0.000
refresh_hw_device [lindex [get_hw_devices xc7k325t_0_1] 0]
INFO: [Labtools 27-1434] Device xc7k325t (JTAG device index = 0) is programmed with a design that has no supported debug core(s) in it.
reset_run synth_1
launch_runs impl_1 -to_step write_bitstream -jobs 6
[Fri May 14 23:55:47 2021] Launched synth_1...
Run output will be captured here: C:/Users/user/Desktop/mayis/RX_1byte_tlast_enabled/alex.runs/synth_1/runme.log
[Fri May 14 23:55:47 2021] Launched impl_1...
Run output will be captured here: C:/Users/user/Desktop/mayis/RX_1byte_tlast_enabled/alex.runs/impl_1/runme.log
set_property PROBES.FILE {} [get_hw_devices xc7k325t_0_1]
set_property FULL_PROBES.FILE {} [get_hw_devices xc7k325t_0_1]
set_property PROGRAM.FILE {C:/Users/user/Desktop/mayis/RX_1byte_tlast_enabled/alex.runs/impl_1/fpga.bit} [get_hw_devices xc7k325t_0_1]
program_hw_devices [get_hw_devices xc7k325t_0_1]
INFO: [Labtools 27-3164] End of startup status: HIGH
program_hw_devices: Time (s): cpu = 00:00:06 ; elapsed = 00:00:05 . Memory (MB): peak = 3107.977 ; gain = 0.000
refresh_hw_device [lindex [get_hw_devices xc7k325t_0_1] 0]
INFO: [Labtools 27-1434] Device xc7k325t (JTAG device index = 0) is programmed with a design that has no supported debug core(s) in it.
set_property PROBES.FILE {} [get_hw_devices xc7k325t_0_1]
set_property FULL_PROBES.FILE {} [get_hw_devices xc7k325t_0_1]
set_property PROGRAM.FILE {C:/Users/user/Desktop/mayis/RX_1byte_tlast_enabled/alex.runs/impl_1/fpga.bit} [get_hw_devices xc7k325t_0_1]
program_hw_devices [get_hw_devices xc7k325t_0_1]
INFO: [Labtools 27-3164] End of startup status: HIGH
program_hw_devices: Time (s): cpu = 00:00:06 ; elapsed = 00:00:05 . Memory (MB): peak = 3107.977 ; gain = 0.000
refresh_hw_device [lindex [get_hw_devices xc7k325t_0_1] 0]
INFO: [Labtools 27-1434] Device xc7k325t (JTAG device index = 0) is programmed with a design that has no supported debug core(s) in it.
