#-----------------------------------------------------------
# Vivado v2020.2 (64-bit)
# SW Build 3064766 on Wed Nov 18 09:12:45 MST 2020
# IP Build 3064653 on Wed Nov 18 14:17:31 MST 2020
# Start of session at: Fri May 14 19:23:48 2021
# Process ID: 19348
# Current directory: C:/Users/user/Desktop/nisan/RX_1byte_tlast_enabled
# Command line: vivado.exe -gui_launcher_event rodinguilauncherevent20552 C:\Users\user\Desktop\nisan\RX_1byte_tlast_enabled\alex.xpr
# Log file: C:/Users/user/Desktop/nisan/RX_1byte_tlast_enabled/vivado.log
# Journal file: C:/Users/user/Desktop/nisan/RX_1byte_tlast_enabled\vivado.jou
#-----------------------------------------------------------
start_gui
open_project C:/Users/user/Desktop/nisan/RX_1byte_tlast_enabled/alex.xpr
Scanning sources...
Finished scanning sources
INFO: [IP_Flow 19-234] Refreshing IP repositories
INFO: [IP_Flow 19-1704] No user IP repositories specified
INFO: [IP_Flow 19-2313] Loaded Vivado IP repository 'C:/Xilinx/Vivado/2020.2/data/ip'.
open_project: Time (s): cpu = 00:00:15 ; elapsed = 00:00:09 . Memory (MB): peak = 1190.801 ; gain = 29.066
update_compile_order -fileset sources_1
open_hw_manager
connect_hw_server -allow_non_jtag
INFO: [Labtools 27-2285] Connecting to hw_server url TCP:localhost:3121
INFO: [Labtools 27-3415] Connecting to cs_server url TCP:localhost:3042
INFO: [Labtools 27-3414] Connected to existing cs_server.
open_hw_target
INFO: [Labtoolstcl 44-466] Opening hw_target localhost:3121/xilinx_tcf/Xilinx/13724327082d01
set_property PROGRAM.FILE {C:/Users/user/Desktop/nisan/RX_1byte_tlast_enabled/alex.runs/impl_1/fpga.bit} [get_hw_devices xc7k325t_0]
current_hw_device [get_hw_devices xc7k325t_0]
refresh_hw_device -update_hw_probes false [lindex [get_hw_devices xc7k325t_0] 0]
INFO: [Labtools 27-2302] Device xc7k325t (JTAG device index = 0) is programmed with a design that has 1 IBERT core(s).
close_hw_target {localhost:3121/xilinx_tcf/Xilinx/13724327082d01}
INFO: [Labtoolstcl 44-464] Closing hw_target localhost:3121/xilinx_tcf/Xilinx/13724327082d01
open_hw_target {localhost:3121/xilinx_tcf/Xilinx/13724327082c01}
INFO: [Labtoolstcl 44-466] Opening hw_target localhost:3121/xilinx_tcf/Xilinx/13724327082c01
set_property PROGRAM.FILE {C:/Users/user/Desktop/nisan/RX_1byte_tlast_enabled/alex.runs/impl_1/fpga.bit} [get_hw_devices xc7k325t_0_1]
current_hw_device [get_hw_devices xc7k325t_0_1]
refresh_hw_device -update_hw_probes false [lindex [get_hw_devices xc7k325t_0_1] 0]
INFO: [Labtools 27-2302] Device xc7k325t (JTAG device index = 0) is programmed with a design that has 1 IBERT core(s).
set_property PROBES.FILE {} [get_hw_devices xc7k325t_0_1]
set_property FULL_PROBES.FILE {} [get_hw_devices xc7k325t_0_1]
set_property PROGRAM.FILE {C:/Users/user/Desktop/nisan/RX_1byte_tlast_enabled/alex.runs/impl_1/fpga.bit} [get_hw_devices xc7k325t_0_1]
program_hw_devices [get_hw_devices xc7k325t_0_1]
INFO: [Labtools 27-3164] End of startup status: HIGH
program_hw_devices: Time (s): cpu = 00:00:07 ; elapsed = 00:00:06 . Memory (MB): peak = 2869.852 ; gain = 0.000
refresh_hw_device [lindex [get_hw_devices xc7k325t_0_1] 0]
INFO: [Labtools 27-1434] Device xc7k325t (JTAG device index = 0) is programmed with a design that has no supported debug core(s) in it.
set_property PROBES.FILE {} [get_hw_devices xc7k325t_0_1]
set_property FULL_PROBES.FILE {} [get_hw_devices xc7k325t_0_1]
set_property PROGRAM.FILE {C:/Users/user/Desktop/nisan/RX_1byte_tlast_enabled/alex.runs/impl_1/fpga.bit} [get_hw_devices xc7k325t_0_1]
program_hw_devices [get_hw_devices xc7k325t_0_1]
INFO: [Labtools 27-3164] End of startup status: HIGH
program_hw_devices: Time (s): cpu = 00:00:05 ; elapsed = 00:00:05 . Memory (MB): peak = 2885.746 ; gain = 0.000
refresh_hw_device [lindex [get_hw_devices xc7k325t_0_1] 0]
INFO: [Labtools 27-1434] Device xc7k325t (JTAG device index = 0) is programmed with a design that has no supported debug core(s) in it.
set_property PROBES.FILE {} [get_hw_devices xc7k325t_0_1]
set_property FULL_PROBES.FILE {} [get_hw_devices xc7k325t_0_1]
set_property PROGRAM.FILE {C:/Users/user/Desktop/nisan/RX_1byte_tlast_enabled/alex.runs/impl_1/fpga.bit} [get_hw_devices xc7k325t_0_1]
program_hw_devices [get_hw_devices xc7k325t_0_1]
INFO: [Labtools 27-3164] End of startup status: HIGH
program_hw_devices: Time (s): cpu = 00:00:06 ; elapsed = 00:00:05 . Memory (MB): peak = 2885.746 ; gain = 0.000
refresh_hw_device [lindex [get_hw_devices xc7k325t_0_1] 0]
INFO: [Labtools 27-1434] Device xc7k325t (JTAG device index = 0) is programmed with a design that has no supported debug core(s) in it.
set_property PROBES.FILE {} [get_hw_devices xc7k325t_0_1]
set_property FULL_PROBES.FILE {} [get_hw_devices xc7k325t_0_1]
set_property PROGRAM.FILE {C:/Users/user/Desktop/nisan/RX_1byte_tlast_enabled/alex.runs/impl_1/fpga.bit} [get_hw_devices xc7k325t_0_1]
program_hw_devices [get_hw_devices xc7k325t_0_1]
INFO: [Labtools 27-3164] End of startup status: HIGH
program_hw_devices: Time (s): cpu = 00:00:05 ; elapsed = 00:00:05 . Memory (MB): peak = 2885.746 ; gain = 0.000
refresh_hw_device [lindex [get_hw_devices xc7k325t_0_1] 0]
INFO: [Labtools 27-1434] Device xc7k325t (JTAG device index = 0) is programmed with a design that has no supported debug core(s) in it.
ERROR: [Labtoolstcl 44-513] HW Target shutdown. Closing target: localhost:3121/xilinx_tcf/Xilinx/13724327082c01
INFO: [Labtoolstcl 44-466] Opening hw_target localhost:3121/xilinx_tcf/Xilinx/13724327082c01
INFO: [Labtools 27-1435] Device xc7k325t (JTAG device index = 0) is not programmed (DONE status = 0).
WARNING: [Labtoolstcl 44-129] No matching hw_ila_data was found.
exit
INFO: [Common 17-206] Exiting Vivado at Fri May 14 21:10:14 2021...
