#-----------------------------------------------------------
# Vivado v2020.2 (64-bit)
# SW Build 3064766 on Wed Nov 18 09:12:45 MST 2020
# IP Build 3064653 on Wed Nov 18 14:17:31 MST 2020
# Start of session at: Thu May 13 17:55:42 2021
# Process ID: 12588
# Current directory: C:/Users/user/Desktop/nisan/RX_1byte_tlast_enabled
# Command line: vivado.exe -gui_launcher_event rodinguilauncherevent4736 C:\Users\user\Desktop\nisan\RX_1byte_tlast_enabled\alex.xpr
# Log file: C:/Users/user/Desktop/nisan/RX_1byte_tlast_enabled/vivado.log
# Journal file: C:/Users/user/Desktop/nisan/RX_1byte_tlast_enabled\vivado.jou
#-----------------------------------------------------------
start_gui
open_project C:/Users/user/Desktop/nisan/RX_1byte_tlast_enabled/alex.xpr
INFO: [Project 1-313] Project file moved from 'C:/Users/user/Desktop/mayýs/RX_1byte_tlast_enabled' since last save.
Scanning sources...
Finished scanning sources
INFO: [IP_Flow 19-234] Refreshing IP repositories
INFO: [IP_Flow 19-1704] No user IP repositories specified
INFO: [IP_Flow 19-2313] Loaded Vivado IP repository 'C:/Xilinx/Vivado/2020.2/data/ip'.
open_project: Time (s): cpu = 00:00:13 ; elapsed = 00:00:08 . Memory (MB): peak = 1214.773 ; gain = 53.445
update_compile_order -fileset sources_1
reset_run synth_1
launch_runs impl_1 -to_step write_bitstream -jobs 6
[Thu May 13 17:56:14 2021] Launched synth_1...
Run output will be captured here: C:/Users/user/Desktop/nisan/RX_1byte_tlast_enabled/alex.runs/synth_1/runme.log
[Thu May 13 17:56:15 2021] Launched impl_1...
Run output will be captured here: C:/Users/user/Desktop/nisan/RX_1byte_tlast_enabled/alex.runs/impl_1/runme.log
open_run impl_1
INFO: [Device 21-403] Loading part xc7k325tfbv676-2
Netlist sorting complete. Time (s): cpu = 00:00:00 ; elapsed = 00:00:00.068 . Memory (MB): peak = 1590.961 ; gain = 0.000
INFO: [Netlist 29-17] Analyzing 331 Unisim elements for replacement
INFO: [Netlist 29-28] Unisim Transformation completed in 0 CPU seconds
INFO: [Project 1-479] Netlist was created with Vivado 2020.2
INFO: [Project 1-570] Preparing netlist for logic optimization
WARNING: [Constraints 18-550] Could not create 'IBUF_LOW_PWR' constraint because net 'clk_wiz_0_inst/clk_in1' is not directly connected to top level port. Synthesis is ignored for IBUF_LOW_PWR but preserved for implementation.
INFO: [Timing 38-478] Restoring timing data from binary archive.
INFO: [Timing 38-479] Binary timing data restore complete.
INFO: [Project 1-856] Restoring constraints from binary archive.
INFO: [Project 1-853] Binary constraint restore complete.
Reading XDEF placement.
Reading placer database...
Reading XDEF routing.
Read XDEF File: Time (s): cpu = 00:00:00 ; elapsed = 00:00:00.446 . Memory (MB): peak = 2345.121 ; gain = 0.000
Restored from archive | CPU: 0.000000 secs | Memory: 0.000000 MB |
Finished XDEF File Restore: Time (s): cpu = 00:00:00 ; elapsed = 00:00:00.447 . Memory (MB): peak = 2345.121 ; gain = 0.000
Netlist sorting complete. Time (s): cpu = 00:00:00 ; elapsed = 00:00:00.002 . Memory (MB): peak = 2345.121 ; gain = 0.000
INFO: [Project 1-111] Unisim Transformation Summary:
  A total of 18 instances were transformed.
  RAM128X1D => RAM128X1D (MUXF7(x2), RAMD64E(x4)): 4 instances
  RAM32M => RAM32M (RAMD32(x6), RAMS32(x2)): 14 instances

open_run: Time (s): cpu = 00:00:27 ; elapsed = 00:00:22 . Memory (MB): peak = 2490.320 ; gain = 1223.770
reset_run impl_1 -prev_step 
launch_runs impl_1 -to_step write_bitstream -jobs 6
WARNING: [Vivado 12-872] Run step 'Design Initialization' is out-of-date.
[Thu May 13 18:02:12 2021] Launched impl_1...
Run output will be captured here: C:/Users/user/Desktop/nisan/RX_1byte_tlast_enabled/alex.runs/impl_1/runme.log
reset_run impl_1 -prev_step 
reset_run synth_1
launch_runs impl_1 -to_step write_bitstream -jobs 6
[Thu May 13 18:03:18 2021] Launched synth_1...
Run output will be captured here: C:/Users/user/Desktop/nisan/RX_1byte_tlast_enabled/alex.runs/synth_1/runme.log
[Thu May 13 18:03:18 2021] Launched impl_1...
Run output will be captured here: C:/Users/user/Desktop/nisan/RX_1byte_tlast_enabled/alex.runs/impl_1/runme.log
open_hw_manager
connect_hw_server -allow_non_jtag
INFO: [Labtools 27-2285] Connecting to hw_server url TCP:localhost:3121
INFO: [Labtools 27-2222] Launching hw_server...
INFO: [Labtools 27-2221] Launch Output:

****** Xilinx hw_server v2020.2
  **** Build date : Nov 18 2020 at 10:01:48
    ** Copyright 1986-2020 Xilinx, Inc. All Rights Reserved.


INFO: [Labtools 27-3415] Connecting to cs_server url TCP:localhost:3042
INFO: [Labtools 27-3417] Launching cs_server...
INFO: [Labtools 27-2221] Launch Output:


******** Xilinx cs_server v2020.2
  ****** Build date   : Nov 04 2020-00:02:56
    **** Build number : 2020.2.1604437376
      ** Copyright 2017-2020 Xilinx, Inc. All Rights Reserved.



connect_hw_server: Time (s): cpu = 00:00:00 ; elapsed = 00:00:08 . Memory (MB): peak = 2591.988 ; gain = 4.406
open_hw_target
INFO: [Labtoolstcl 44-466] Opening hw_target localhost:3121/xilinx_tcf/Xilinx/13724327082d01
set_property PROGRAM.FILE {C:/Users/user/Desktop/nisan/RX_1byte_tlast_enabled/alex.runs/impl_1/fpga.bit} [get_hw_devices xc7k325t_0]
current_hw_device [get_hw_devices xc7k325t_0]
refresh_hw_device -update_hw_probes false [lindex [get_hw_devices xc7k325t_0] 0]
INFO: [Labtools 27-2302] Device xc7k325t (JTAG device index = 0) is programmed with a design that has 1 IBERT core(s).
close_hw_target {localhost:3121/xilinx_tcf/Xilinx/13724327082d01}
INFO: [Labtoolstcl 44-464] Closing hw_target localhost:3121/xilinx_tcf/Xilinx/13724327082d01
open_hw_target {localhost:3121/xilinx_tcf/Xilinx/13724327082c01}
INFO: [Labtoolstcl 44-466] Opening hw_target localhost:3121/xilinx_tcf/Xilinx/13724327082c01
set_property PROGRAM.FILE {C:/Users/user/Desktop/nisan/RX_1byte_tlast_enabled/alex.runs/impl_1/fpga.bit} [get_hw_devices xc7k325t_0_1]
current_hw_device [get_hw_devices xc7k325t_0_1]
refresh_hw_device -update_hw_probes false [lindex [get_hw_devices xc7k325t_0_1] 0]
INFO: [Labtools 27-2302] Device xc7k325t (JTAG device index = 0) is programmed with a design that has 1 IBERT core(s).
set_property PROBES.FILE {} [get_hw_devices xc7k325t_0_1]
set_property FULL_PROBES.FILE {} [get_hw_devices xc7k325t_0_1]
set_property PROGRAM.FILE {C:/Users/user/Desktop/nisan/RX_1byte_tlast_enabled/alex.runs/impl_1/fpga.bit} [get_hw_devices xc7k325t_0_1]
program_hw_devices [get_hw_devices xc7k325t_0_1]
INFO: [Labtools 27-3164] End of startup status: HIGH
program_hw_devices: Time (s): cpu = 00:00:06 ; elapsed = 00:00:06 . Memory (MB): peak = 4206.777 ; gain = 0.000
refresh_hw_device [lindex [get_hw_devices xc7k325t_0_1] 0]
INFO: [Labtools 27-1434] Device xc7k325t (JTAG device index = 0) is programmed with a design that has no supported debug core(s) in it.
set_property PROBES.FILE {} [get_hw_devices xc7k325t_0_1]
set_property FULL_PROBES.FILE {} [get_hw_devices xc7k325t_0_1]
set_property PROGRAM.FILE {C:/Users/user/Desktop/nisan/RX_1byte_tlast_enabled/alex.runs/impl_1/fpga.bit} [get_hw_devices xc7k325t_0_1]
program_hw_devices [get_hw_devices xc7k325t_0_1]
INFO: [Labtools 27-3164] End of startup status: HIGH
program_hw_devices: Time (s): cpu = 00:00:06 ; elapsed = 00:00:05 . Memory (MB): peak = 4227.484 ; gain = 0.000
refresh_hw_device [lindex [get_hw_devices xc7k325t_0_1] 0]
INFO: [Labtools 27-1434] Device xc7k325t (JTAG device index = 0) is programmed with a design that has no supported debug core(s) in it.
reset_run impl_1 -prev_step 
launch_runs impl_1 -to_step write_bitstream -jobs 6
WARNING: [Vivado 12-872] Run step 'Design Initialization' is out-of-date.
[Thu May 13 18:59:28 2021] Launched impl_1...
Run output will be captured here: C:/Users/user/Desktop/nisan/RX_1byte_tlast_enabled/alex.runs/impl_1/runme.log
reset_run synth_1
launch_runs impl_1 -to_step write_bitstream -jobs 6
[Thu May 13 19:00:32 2021] Launched synth_1...
Run output will be captured here: C:/Users/user/Desktop/nisan/RX_1byte_tlast_enabled/alex.runs/synth_1/runme.log
[Thu May 13 19:00:32 2021] Launched impl_1...
Run output will be captured here: C:/Users/user/Desktop/nisan/RX_1byte_tlast_enabled/alex.runs/impl_1/runme.log
set_property PROBES.FILE {} [get_hw_devices xc7k325t_0_1]
set_property FULL_PROBES.FILE {} [get_hw_devices xc7k325t_0_1]
set_property PROGRAM.FILE {C:/Users/user/Desktop/nisan/RX_1byte_tlast_enabled/alex.runs/impl_1/fpga.bit} [get_hw_devices xc7k325t_0_1]
program_hw_devices [get_hw_devices xc7k325t_0_1]
INFO: [Labtools 27-3164] End of startup status: HIGH
program_hw_devices: Time (s): cpu = 00:00:05 ; elapsed = 00:00:05 . Memory (MB): peak = 4227.484 ; gain = 0.000
refresh_hw_device [lindex [get_hw_devices xc7k325t_0_1] 0]
INFO: [Labtools 27-1434] Device xc7k325t (JTAG device index = 0) is programmed with a design that has no supported debug core(s) in it.
set_property PROBES.FILE {} [get_hw_devices xc7k325t_0_1]
set_property FULL_PROBES.FILE {} [get_hw_devices xc7k325t_0_1]
set_property PROGRAM.FILE {C:/Users/user/Desktop/nisan/RX_1byte_tlast_enabled/alex.runs/impl_1/fpga.bit} [get_hw_devices xc7k325t_0_1]
program_hw_devices [get_hw_devices xc7k325t_0_1]
INFO: [Labtools 27-3164] End of startup status: HIGH
program_hw_devices: Time (s): cpu = 00:00:05 ; elapsed = 00:00:05 . Memory (MB): peak = 4227.484 ; gain = 0.000
refresh_hw_device [lindex [get_hw_devices xc7k325t_0_1] 0]
INFO: [Labtools 27-1434] Device xc7k325t (JTAG device index = 0) is programmed with a design that has no supported debug core(s) in it.
reset_run impl_1 -prev_step 
launch_runs impl_1 -to_step write_bitstream -jobs 6
WARNING: [Vivado 12-872] Run step 'Design Initialization' is out-of-date.
[Thu May 13 19:06:24 2021] Launched impl_1...
Run output will be captured here: C:/Users/user/Desktop/nisan/RX_1byte_tlast_enabled/alex.runs/impl_1/runme.log
reset_run synth_1
launch_runs impl_1 -to_step write_bitstream -jobs 6
[Thu May 13 19:09:22 2021] Launched synth_1...
Run output will be captured here: C:/Users/user/Desktop/nisan/RX_1byte_tlast_enabled/alex.runs/synth_1/runme.log
[Thu May 13 19:09:22 2021] Launched impl_1...
Run output will be captured here: C:/Users/user/Desktop/nisan/RX_1byte_tlast_enabled/alex.runs/impl_1/runme.log
set_property PROBES.FILE {} [get_hw_devices xc7k325t_0_1]
set_property FULL_PROBES.FILE {} [get_hw_devices xc7k325t_0_1]
set_property PROGRAM.FILE {C:/Users/user/Desktop/nisan/RX_1byte_tlast_enabled/alex.runs/impl_1/fpga.bit} [get_hw_devices xc7k325t_0_1]
program_hw_devices [get_hw_devices xc7k325t_0_1]
INFO: [Labtools 27-3164] End of startup status: HIGH
program_hw_devices: Time (s): cpu = 00:00:05 ; elapsed = 00:00:11 . Memory (MB): peak = 4229.449 ; gain = 0.000
refresh_hw_device [lindex [get_hw_devices xc7k325t_0_1] 0]
INFO: [Labtools 27-1434] Device xc7k325t (JTAG device index = 0) is programmed with a design that has no supported debug core(s) in it.
reset_run impl_1 -prev_step 
launch_runs impl_1 -to_step write_bitstream -jobs 6
WARNING: [Vivado 12-872] Run step 'Design Initialization' is out-of-date.
[Thu May 13 19:14:53 2021] Launched impl_1...
Run output will be captured here: C:/Users/user/Desktop/nisan/RX_1byte_tlast_enabled/alex.runs/impl_1/runme.log
reset_run synth_1
launch_runs impl_1 -to_step write_bitstream -jobs 6
[Thu May 13 19:16:18 2021] Launched synth_1...
Run output will be captured here: C:/Users/user/Desktop/nisan/RX_1byte_tlast_enabled/alex.runs/synth_1/runme.log
[Thu May 13 19:16:18 2021] Launched impl_1...
Run output will be captured here: C:/Users/user/Desktop/nisan/RX_1byte_tlast_enabled/alex.runs/impl_1/runme.log
set_property PROBES.FILE {} [get_hw_devices xc7k325t_0_1]
set_property FULL_PROBES.FILE {} [get_hw_devices xc7k325t_0_1]
set_property PROGRAM.FILE {C:/Users/user/Desktop/nisan/RX_1byte_tlast_enabled/alex.runs/impl_1/fpga.bit} [get_hw_devices xc7k325t_0_1]
program_hw_devices [get_hw_devices xc7k325t_0_1]
INFO: [Labtools 27-3164] End of startup status: HIGH
program_hw_devices: Time (s): cpu = 00:00:05 ; elapsed = 00:00:05 . Memory (MB): peak = 4229.449 ; gain = 0.000
refresh_hw_device [lindex [get_hw_devices xc7k325t_0_1] 0]
INFO: [Labtools 27-1434] Device xc7k325t (JTAG device index = 0) is programmed with a design that has no supported debug core(s) in it.
set_property PROBES.FILE {} [get_hw_devices xc7k325t_0_1]
set_property FULL_PROBES.FILE {} [get_hw_devices xc7k325t_0_1]
set_property PROGRAM.FILE {C:/Users/user/Desktop/nisan/RX_1byte_tlast_enabled/alex.runs/impl_1/fpga.bit} [get_hw_devices xc7k325t_0_1]
program_hw_devices [get_hw_devices xc7k325t_0_1]
INFO: [Labtools 27-3164] End of startup status: HIGH
program_hw_devices: Time (s): cpu = 00:00:06 ; elapsed = 00:00:05 . Memory (MB): peak = 4229.449 ; gain = 0.000
refresh_hw_device [lindex [get_hw_devices xc7k325t_0_1] 0]
INFO: [Labtools 27-1434] Device xc7k325t (JTAG device index = 0) is programmed with a design that has no supported debug core(s) in it.
set_property PROBES.FILE {} [get_hw_devices xc7k325t_0_1]
set_property FULL_PROBES.FILE {} [get_hw_devices xc7k325t_0_1]
set_property PROGRAM.FILE {C:/Users/user/Desktop/nisan/RX_1byte_tlast_enabled/alex.runs/impl_1/fpga.bit} [get_hw_devices xc7k325t_0_1]
program_hw_devices [get_hw_devices xc7k325t_0_1]
INFO: [Labtools 27-3164] End of startup status: HIGH
program_hw_devices: Time (s): cpu = 00:00:05 ; elapsed = 00:00:05 . Memory (MB): peak = 4229.449 ; gain = 0.000
refresh_hw_device [lindex [get_hw_devices xc7k325t_0_1] 0]
INFO: [Labtools 27-1434] Device xc7k325t (JTAG device index = 0) is programmed with a design that has no supported debug core(s) in it.
reset_run impl_1 -prev_step 
launch_runs impl_1 -to_step write_bitstream -jobs 6
WARNING: [Vivado 12-872] Run step 'Design Initialization' is out-of-date.
[Thu May 13 19:31:01 2021] Launched impl_1...
Run output will be captured here: C:/Users/user/Desktop/nisan/RX_1byte_tlast_enabled/alex.runs/impl_1/runme.log
reset_run synth_1
launch_runs impl_1 -to_step write_bitstream -jobs 6
[Thu May 13 19:32:27 2021] Launched synth_1...
Run output will be captured here: C:/Users/user/Desktop/nisan/RX_1byte_tlast_enabled/alex.runs/synth_1/runme.log
[Thu May 13 19:32:27 2021] Launched impl_1...
Run output will be captured here: C:/Users/user/Desktop/nisan/RX_1byte_tlast_enabled/alex.runs/impl_1/runme.log
set_property PROBES.FILE {} [get_hw_devices xc7k325t_0_1]
set_property FULL_PROBES.FILE {} [get_hw_devices xc7k325t_0_1]
set_property PROGRAM.FILE {C:/Users/user/Desktop/nisan/RX_1byte_tlast_enabled/alex.runs/impl_1/fpga.bit} [get_hw_devices xc7k325t_0_1]
program_hw_devices [get_hw_devices xc7k325t_0_1]
INFO: [Labtools 27-3164] End of startup status: HIGH
program_hw_devices: Time (s): cpu = 00:00:06 ; elapsed = 00:00:05 . Memory (MB): peak = 4229.449 ; gain = 0.000
refresh_hw_device [lindex [get_hw_devices xc7k325t_0_1] 0]
INFO: [Labtools 27-1434] Device xc7k325t (JTAG device index = 0) is programmed with a design that has no supported debug core(s) in it.
reset_run impl_1 -prev_step 
launch_runs impl_1 -to_step write_bitstream -jobs 6
WARNING: [Vivado 12-872] Run step 'Design Initialization' is out-of-date.
[Thu May 13 20:25:40 2021] Launched impl_1...
Run output will be captured here: C:/Users/user/Desktop/nisan/RX_1byte_tlast_enabled/alex.runs/impl_1/runme.log
reset_run synth_1
launch_runs impl_1 -to_step write_bitstream -jobs 6
[Thu May 13 20:27:30 2021] Launched synth_1...
Run output will be captured here: C:/Users/user/Desktop/nisan/RX_1byte_tlast_enabled/alex.runs/synth_1/runme.log
[Thu May 13 20:27:30 2021] Launched impl_1...
Run output will be captured here: C:/Users/user/Desktop/nisan/RX_1byte_tlast_enabled/alex.runs/impl_1/runme.log
set_property PROBES.FILE {} [get_hw_devices xc7k325t_0_1]
set_property FULL_PROBES.FILE {} [get_hw_devices xc7k325t_0_1]
set_property PROGRAM.FILE {C:/Users/user/Desktop/nisan/RX_1byte_tlast_enabled/alex.runs/impl_1/fpga.bit} [get_hw_devices xc7k325t_0_1]
program_hw_devices [get_hw_devices xc7k325t_0_1]
INFO: [Labtools 27-3164] End of startup status: HIGH
program_hw_devices: Time (s): cpu = 00:00:05 ; elapsed = 00:00:05 . Memory (MB): peak = 4231.684 ; gain = 0.000
refresh_hw_device [lindex [get_hw_devices xc7k325t_0_1] 0]
INFO: [Labtools 27-1434] Device xc7k325t (JTAG device index = 0) is programmed with a design that has no supported debug core(s) in it.
set_property PROBES.FILE {} [get_hw_devices xc7k325t_0_1]
set_property FULL_PROBES.FILE {} [get_hw_devices xc7k325t_0_1]
set_property PROGRAM.FILE {C:/Users/user/Desktop/nisan/RX_1byte_tlast_enabled/alex.runs/impl_1/fpga.bit} [get_hw_devices xc7k325t_0_1]
program_hw_devices [get_hw_devices xc7k325t_0_1]
INFO: [Labtools 27-3164] End of startup status: HIGH
program_hw_devices: Time (s): cpu = 00:00:05 ; elapsed = 00:00:05 . Memory (MB): peak = 4231.684 ; gain = 0.000
refresh_hw_device [lindex [get_hw_devices xc7k325t_0_1] 0]
INFO: [Labtools 27-1434] Device xc7k325t (JTAG device index = 0) is programmed with a design that has no supported debug core(s) in it.
reset_run impl_1 -prev_step 
launch_runs impl_1 -to_step write_bitstream -jobs 6
WARNING: [Vivado 12-872] Run step 'Design Initialization' is out-of-date.
[Thu May 13 20:36:00 2021] Launched impl_1...
Run output will be captured here: C:/Users/user/Desktop/nisan/RX_1byte_tlast_enabled/alex.runs/impl_1/runme.log
reset_run synth_1
launch_runs impl_1 -to_step write_bitstream -jobs 6
[Thu May 13 20:37:04 2021] Launched synth_1...
Run output will be captured here: C:/Users/user/Desktop/nisan/RX_1byte_tlast_enabled/alex.runs/synth_1/runme.log
[Thu May 13 20:37:04 2021] Launched impl_1...
Run output will be captured here: C:/Users/user/Desktop/nisan/RX_1byte_tlast_enabled/alex.runs/impl_1/runme.log
set_property PROBES.FILE {} [get_hw_devices xc7k325t_0_1]
set_property FULL_PROBES.FILE {} [get_hw_devices xc7k325t_0_1]
set_property PROGRAM.FILE {C:/Users/user/Desktop/nisan/RX_1byte_tlast_enabled/alex.runs/impl_1/fpga.bit} [get_hw_devices xc7k325t_0_1]
program_hw_devices [get_hw_devices xc7k325t_0_1]
INFO: [Labtools 27-3164] End of startup status: HIGH
program_hw_devices: Time (s): cpu = 00:00:06 ; elapsed = 00:00:05 . Memory (MB): peak = 4233.156 ; gain = 0.000
refresh_hw_device [lindex [get_hw_devices xc7k325t_0_1] 0]
INFO: [Labtools 27-1434] Device xc7k325t (JTAG device index = 0) is programmed with a design that has no supported debug core(s) in it.
reset_run synth_1
launch_runs impl_1 -to_step write_bitstream -jobs 6
[Thu May 13 20:59:36 2021] Launched synth_1...
Run output will be captured here: C:/Users/user/Desktop/nisan/RX_1byte_tlast_enabled/alex.runs/synth_1/runme.log
[Thu May 13 20:59:36 2021] Launched impl_1...
Run output will be captured here: C:/Users/user/Desktop/nisan/RX_1byte_tlast_enabled/alex.runs/impl_1/runme.log
set_property PROBES.FILE {} [get_hw_devices xc7k325t_0_1]
set_property FULL_PROBES.FILE {} [get_hw_devices xc7k325t_0_1]
set_property PROGRAM.FILE {C:/Users/user/Desktop/nisan/RX_1byte_tlast_enabled/alex.runs/impl_1/fpga.bit} [get_hw_devices xc7k325t_0_1]
program_hw_devices [get_hw_devices xc7k325t_0_1]
INFO: [Labtools 27-3164] End of startup status: HIGH
program_hw_devices: Time (s): cpu = 00:00:06 ; elapsed = 00:00:05 . Memory (MB): peak = 4233.156 ; gain = 0.000
refresh_hw_device [lindex [get_hw_devices xc7k325t_0_1] 0]
INFO: [Labtools 27-1434] Device xc7k325t (JTAG device index = 0) is programmed with a design that has no supported debug core(s) in it.
reset_run impl_1 -prev_step 
launch_runs impl_1 -to_step write_bitstream -jobs 6
WARNING: [Vivado 12-872] Run step 'Design Initialization' is out-of-date.
[Thu May 13 21:48:35 2021] Launched impl_1...
Run output will be captured here: C:/Users/user/Desktop/nisan/RX_1byte_tlast_enabled/alex.runs/impl_1/runme.log
reset_run synth_1
launch_runs impl_1 -to_step write_bitstream -jobs 6
[Thu May 13 21:49:47 2021] Launched synth_1...
Run output will be captured here: C:/Users/user/Desktop/nisan/RX_1byte_tlast_enabled/alex.runs/synth_1/runme.log
[Thu May 13 21:49:47 2021] Launched impl_1...
Run output will be captured here: C:/Users/user/Desktop/nisan/RX_1byte_tlast_enabled/alex.runs/impl_1/runme.log
set_property PROBES.FILE {} [get_hw_devices xc7k325t_0_1]
set_property FULL_PROBES.FILE {} [get_hw_devices xc7k325t_0_1]
set_property PROGRAM.FILE {C:/Users/user/Desktop/nisan/RX_1byte_tlast_enabled/alex.runs/impl_1/fpga.bit} [get_hw_devices xc7k325t_0_1]
program_hw_devices [get_hw_devices xc7k325t_0_1]
INFO: [Labtools 27-3164] End of startup status: HIGH
program_hw_devices: Time (s): cpu = 00:00:05 ; elapsed = 00:00:05 . Memory (MB): peak = 4245.137 ; gain = 0.000
refresh_hw_device [lindex [get_hw_devices xc7k325t_0_1] 0]
INFO: [Labtools 27-1434] Device xc7k325t (JTAG device index = 0) is programmed with a design that has no supported debug core(s) in it.
reset_run impl_1 -prev_step 
launch_runs impl_1 -to_step write_bitstream -jobs 6
WARNING: [Vivado 12-872] Run step 'Design Initialization' is out-of-date.
[Thu May 13 22:12:20 2021] Launched impl_1...
Run output will be captured here: C:/Users/user/Desktop/nisan/RX_1byte_tlast_enabled/alex.runs/impl_1/runme.log
reset_run synth_1
launch_runs impl_1 -to_step write_bitstream -jobs 6
[Thu May 13 22:13:49 2021] Launched synth_1...
Run output will be captured here: C:/Users/user/Desktop/nisan/RX_1byte_tlast_enabled/alex.runs/synth_1/runme.log
[Thu May 13 22:13:49 2021] Launched impl_1...
Run output will be captured here: C:/Users/user/Desktop/nisan/RX_1byte_tlast_enabled/alex.runs/impl_1/runme.log
set_property PROBES.FILE {} [get_hw_devices xc7k325t_0_1]
set_property FULL_PROBES.FILE {} [get_hw_devices xc7k325t_0_1]
set_property PROGRAM.FILE {C:/Users/user/Desktop/nisan/RX_1byte_tlast_enabled/alex.runs/impl_1/fpga.bit} [get_hw_devices xc7k325t_0_1]
program_hw_devices [get_hw_devices xc7k325t_0_1]
INFO: [Labtools 27-3164] End of startup status: HIGH
program_hw_devices: Time (s): cpu = 00:00:06 ; elapsed = 00:00:05 . Memory (MB): peak = 4246.125 ; gain = 0.000
refresh_hw_device [lindex [get_hw_devices xc7k325t_0_1] 0]
INFO: [Labtools 27-1434] Device xc7k325t (JTAG device index = 0) is programmed with a design that has no supported debug core(s) in it.
reset_run impl_1 -prev_step 
launch_runs impl_1 -to_step write_bitstream -jobs 6
WARNING: [Vivado 12-872] Run step 'Design Initialization' is out-of-date.
[Thu May 13 22:19:37 2021] Launched impl_1...
Run output will be captured here: C:/Users/user/Desktop/nisan/RX_1byte_tlast_enabled/alex.runs/impl_1/runme.log
reset_run synth_1
launch_runs impl_1 -to_step write_bitstream -jobs 6
[Thu May 13 22:20:49 2021] Launched synth_1...
Run output will be captured here: C:/Users/user/Desktop/nisan/RX_1byte_tlast_enabled/alex.runs/synth_1/runme.log
[Thu May 13 22:20:49 2021] Launched impl_1...
Run output will be captured here: C:/Users/user/Desktop/nisan/RX_1byte_tlast_enabled/alex.runs/impl_1/runme.log
set_property PROBES.FILE {} [get_hw_devices xc7k325t_0_1]
set_property FULL_PROBES.FILE {} [get_hw_devices xc7k325t_0_1]
set_property PROGRAM.FILE {C:/Users/user/Desktop/nisan/RX_1byte_tlast_enabled/alex.runs/impl_1/fpga.bit} [get_hw_devices xc7k325t_0_1]
program_hw_devices [get_hw_devices xc7k325t_0_1]
INFO: [Labtools 27-3164] End of startup status: HIGH
program_hw_devices: Time (s): cpu = 00:00:06 ; elapsed = 00:00:05 . Memory (MB): peak = 4246.125 ; gain = 0.000
refresh_hw_device [lindex [get_hw_devices xc7k325t_0_1] 0]
INFO: [Labtools 27-1434] Device xc7k325t (JTAG device index = 0) is programmed with a design that has no supported debug core(s) in it.
reset_run synth_1
launch_runs impl_1 -to_step write_bitstream -jobs 6
[Thu May 13 22:25:28 2021] Launched synth_1...
Run output will be captured here: C:/Users/user/Desktop/nisan/RX_1byte_tlast_enabled/alex.runs/synth_1/runme.log
[Thu May 13 22:25:28 2021] Launched impl_1...
Run output will be captured here: C:/Users/user/Desktop/nisan/RX_1byte_tlast_enabled/alex.runs/impl_1/runme.log
set_property PROBES.FILE {} [get_hw_devices xc7k325t_0_1]
set_property FULL_PROBES.FILE {} [get_hw_devices xc7k325t_0_1]
set_property PROGRAM.FILE {C:/Users/user/Desktop/nisan/RX_1byte_tlast_enabled/alex.runs/impl_1/fpga.bit} [get_hw_devices xc7k325t_0_1]
program_hw_devices [get_hw_devices xc7k325t_0_1]
INFO: [Labtools 27-3164] End of startup status: HIGH
program_hw_devices: Time (s): cpu = 00:00:05 ; elapsed = 00:00:05 . Memory (MB): peak = 4246.125 ; gain = 0.000
refresh_hw_device [lindex [get_hw_devices xc7k325t_0_1] 0]
INFO: [Labtools 27-1434] Device xc7k325t (JTAG device index = 0) is programmed with a design that has no supported debug core(s) in it.
reset_run impl_1 -prev_step 
launch_runs impl_1 -to_step write_bitstream -jobs 6
WARNING: [Vivado 12-872] Run step 'Design Initialization' is out-of-date.
[Thu May 13 22:30:27 2021] Launched impl_1...
Run output will be captured here: C:/Users/user/Desktop/nisan/RX_1byte_tlast_enabled/alex.runs/impl_1/runme.log
reset_run synth_1
launch_runs impl_1 -to_step write_bitstream -jobs 6
[Thu May 13 22:34:06 2021] Launched synth_1...
Run output will be captured here: C:/Users/user/Desktop/nisan/RX_1byte_tlast_enabled/alex.runs/synth_1/runme.log
[Thu May 13 22:34:06 2021] Launched impl_1...
Run output will be captured here: C:/Users/user/Desktop/nisan/RX_1byte_tlast_enabled/alex.runs/impl_1/runme.log
set_property PROBES.FILE {} [get_hw_devices xc7k325t_0_1]
set_property FULL_PROBES.FILE {} [get_hw_devices xc7k325t_0_1]
set_property PROGRAM.FILE {C:/Users/user/Desktop/nisan/RX_1byte_tlast_enabled/alex.runs/impl_1/fpga.bit} [get_hw_devices xc7k325t_0_1]
program_hw_devices [get_hw_devices xc7k325t_0_1]
INFO: [Labtools 27-3164] End of startup status: HIGH
program_hw_devices: Time (s): cpu = 00:00:06 ; elapsed = 00:00:05 . Memory (MB): peak = 4246.125 ; gain = 0.000
refresh_hw_device [lindex [get_hw_devices xc7k325t_0_1] 0]
INFO: [Labtools 27-1434] Device xc7k325t (JTAG device index = 0) is programmed with a design that has no supported debug core(s) in it.
reset_run impl_1 -prev_step 
launch_runs impl_1 -to_step write_bitstream -jobs 6
WARNING: [Vivado 12-872] Run step 'Design Initialization' is out-of-date.
[Thu May 13 22:40:46 2021] Launched impl_1...
Run output will be captured here: C:/Users/user/Desktop/nisan/RX_1byte_tlast_enabled/alex.runs/impl_1/runme.log
reset_run synth_1
launch_runs impl_1 -to_step write_bitstream -jobs 6
[Thu May 13 22:42:09 2021] Launched synth_1...
Run output will be captured here: C:/Users/user/Desktop/nisan/RX_1byte_tlast_enabled/alex.runs/synth_1/runme.log
[Thu May 13 22:42:09 2021] Launched impl_1...
Run output will be captured here: C:/Users/user/Desktop/nisan/RX_1byte_tlast_enabled/alex.runs/impl_1/runme.log
set_property PROBES.FILE {} [get_hw_devices xc7k325t_0_1]
set_property FULL_PROBES.FILE {} [get_hw_devices xc7k325t_0_1]
set_property PROGRAM.FILE {C:/Users/user/Desktop/nisan/RX_1byte_tlast_enabled/alex.runs/impl_1/fpga.bit} [get_hw_devices xc7k325t_0_1]
program_hw_devices [get_hw_devices xc7k325t_0_1]
INFO: [Labtools 27-3164] End of startup status: HIGH
program_hw_devices: Time (s): cpu = 00:00:05 ; elapsed = 00:00:05 . Memory (MB): peak = 4265.859 ; gain = 0.000
refresh_hw_device [lindex [get_hw_devices xc7k325t_0_1] 0]
INFO: [Labtools 27-1434] Device xc7k325t (JTAG device index = 0) is programmed with a design that has no supported debug core(s) in it.
reset_run impl_1 -prev_step 
launch_runs impl_1 -to_step write_bitstream -jobs 6
WARNING: [Vivado 12-872] Run step 'Design Initialization' is out-of-date.
[Thu May 13 23:00:32 2021] Launched impl_1...
Run output will be captured here: C:/Users/user/Desktop/nisan/RX_1byte_tlast_enabled/alex.runs/impl_1/runme.log
reset_run synth_1
launch_runs impl_1 -to_step write_bitstream -jobs 6
[Thu May 13 23:01:40 2021] Launched synth_1...
Run output will be captured here: C:/Users/user/Desktop/nisan/RX_1byte_tlast_enabled/alex.runs/synth_1/runme.log
[Thu May 13 23:01:40 2021] Launched impl_1...
Run output will be captured here: C:/Users/user/Desktop/nisan/RX_1byte_tlast_enabled/alex.runs/impl_1/runme.log
set_property PROBES.FILE {} [get_hw_devices xc7k325t_0_1]
set_property FULL_PROBES.FILE {} [get_hw_devices xc7k325t_0_1]
set_property PROGRAM.FILE {C:/Users/user/Desktop/nisan/RX_1byte_tlast_enabled/alex.runs/impl_1/fpga.bit} [get_hw_devices xc7k325t_0_1]
program_hw_devices [get_hw_devices xc7k325t_0_1]
INFO: [Labtools 27-3164] End of startup status: HIGH
program_hw_devices: Time (s): cpu = 00:00:05 ; elapsed = 00:00:05 . Memory (MB): peak = 4265.859 ; gain = 0.000
refresh_hw_device [lindex [get_hw_devices xc7k325t_0_1] 0]
INFO: [Labtools 27-1434] Device xc7k325t (JTAG device index = 0) is programmed with a design that has no supported debug core(s) in it.
set_property PROBES.FILE {} [get_hw_devices xc7k325t_0_1]
set_property FULL_PROBES.FILE {} [get_hw_devices xc7k325t_0_1]
set_property PROGRAM.FILE {C:/Users/user/Desktop/nisan/RX_1byte_tlast_enabled/alex.runs/impl_1/fpga.bit} [get_hw_devices xc7k325t_0_1]
program_hw_devices [get_hw_devices xc7k325t_0_1]
INFO: [Labtools 27-3164] End of startup status: HIGH
program_hw_devices: Time (s): cpu = 00:00:05 ; elapsed = 00:00:05 . Memory (MB): peak = 4265.859 ; gain = 0.000
refresh_hw_device [lindex [get_hw_devices xc7k325t_0_1] 0]
INFO: [Labtools 27-1434] Device xc7k325t (JTAG device index = 0) is programmed with a design that has no supported debug core(s) in it.
reset_run impl_1 -prev_step 
launch_runs impl_1 -to_step write_bitstream -jobs 6
WARNING: [Vivado 12-872] Run step 'Design Initialization' is out-of-date.
[Thu May 13 23:07:32 2021] Launched impl_1...
Run output will be captured here: C:/Users/user/Desktop/nisan/RX_1byte_tlast_enabled/alex.runs/impl_1/runme.log
reset_run synth_1
launch_runs impl_1 -to_step write_bitstream -jobs 6
[Thu May 13 23:09:30 2021] Launched synth_1...
Run output will be captured here: C:/Users/user/Desktop/nisan/RX_1byte_tlast_enabled/alex.runs/synth_1/runme.log
[Thu May 13 23:09:30 2021] Launched impl_1...
Run output will be captured here: C:/Users/user/Desktop/nisan/RX_1byte_tlast_enabled/alex.runs/impl_1/runme.log
set_property PROBES.FILE {} [get_hw_devices xc7k325t_0_1]
set_property FULL_PROBES.FILE {} [get_hw_devices xc7k325t_0_1]
set_property PROGRAM.FILE {C:/Users/user/Desktop/nisan/RX_1byte_tlast_enabled/alex.runs/impl_1/fpga.bit} [get_hw_devices xc7k325t_0_1]
program_hw_devices [get_hw_devices xc7k325t_0_1]
INFO: [Labtools 27-3164] End of startup status: HIGH
program_hw_devices: Time (s): cpu = 00:00:05 ; elapsed = 00:00:05 . Memory (MB): peak = 4269.289 ; gain = 0.000
refresh_hw_device [lindex [get_hw_devices xc7k325t_0_1] 0]
INFO: [Labtools 27-1434] Device xc7k325t (JTAG device index = 0) is programmed with a design that has no supported debug core(s) in it.
reset_run impl_1 -prev_step 
launch_runs impl_1 -to_step write_bitstream -jobs 6
WARNING: [Vivado 12-872] Run step 'Design Initialization' is out-of-date.
[Thu May 13 23:16:44 2021] Launched impl_1...
Run output will be captured here: C:/Users/user/Desktop/nisan/RX_1byte_tlast_enabled/alex.runs/impl_1/runme.log
reset_run synth_1
launch_runs impl_1 -to_step write_bitstream -jobs 6
[Thu May 13 23:17:46 2021] Launched synth_1...
Run output will be captured here: C:/Users/user/Desktop/nisan/RX_1byte_tlast_enabled/alex.runs/synth_1/runme.log
[Thu May 13 23:17:46 2021] Launched impl_1...
Run output will be captured here: C:/Users/user/Desktop/nisan/RX_1byte_tlast_enabled/alex.runs/impl_1/runme.log
set_property PROBES.FILE {} [get_hw_devices xc7k325t_0_1]
set_property FULL_PROBES.FILE {} [get_hw_devices xc7k325t_0_1]
set_property PROGRAM.FILE {C:/Users/user/Desktop/nisan/RX_1byte_tlast_enabled/alex.runs/impl_1/fpga.bit} [get_hw_devices xc7k325t_0_1]
program_hw_devices [get_hw_devices xc7k325t_0_1]
INFO: [Labtools 27-3164] End of startup status: HIGH
program_hw_devices: Time (s): cpu = 00:00:05 ; elapsed = 00:00:05 . Memory (MB): peak = 4269.289 ; gain = 0.000
refresh_hw_device [lindex [get_hw_devices xc7k325t_0_1] 0]
INFO: [Labtools 27-1434] Device xc7k325t (JTAG device index = 0) is programmed with a design that has no supported debug core(s) in it.
reset_run impl_1 -prev_step 
launch_runs impl_1 -to_step write_bitstream -jobs 6
WARNING: [Vivado 12-872] Run step 'Design Initialization' is out-of-date.
[Thu May 13 23:27:31 2021] Launched impl_1...
Run output will be captured here: C:/Users/user/Desktop/nisan/RX_1byte_tlast_enabled/alex.runs/impl_1/runme.log
reset_run synth_1
launch_runs impl_1 -to_step write_bitstream -jobs 6
[Thu May 13 23:28:43 2021] Launched synth_1...
Run output will be captured here: C:/Users/user/Desktop/nisan/RX_1byte_tlast_enabled/alex.runs/synth_1/runme.log
[Thu May 13 23:28:43 2021] Launched impl_1...
Run output will be captured here: C:/Users/user/Desktop/nisan/RX_1byte_tlast_enabled/alex.runs/impl_1/runme.log
reset_run synth_1
launch_runs impl_1 -to_step write_bitstream -jobs 6
[Thu May 13 23:29:32 2021] Launched synth_1...
Run output will be captured here: C:/Users/user/Desktop/nisan/RX_1byte_tlast_enabled/alex.runs/synth_1/runme.log
[Thu May 13 23:29:32 2021] Launched impl_1...
Run output will be captured here: C:/Users/user/Desktop/nisan/RX_1byte_tlast_enabled/alex.runs/impl_1/runme.log
set_property PROBES.FILE {} [get_hw_devices xc7k325t_0_1]
set_property FULL_PROBES.FILE {} [get_hw_devices xc7k325t_0_1]
set_property PROGRAM.FILE {C:/Users/user/Desktop/nisan/RX_1byte_tlast_enabled/alex.runs/impl_1/fpga.bit} [get_hw_devices xc7k325t_0_1]
program_hw_devices [get_hw_devices xc7k325t_0_1]
INFO: [Labtools 27-3164] End of startup status: HIGH
program_hw_devices: Time (s): cpu = 00:00:05 ; elapsed = 00:00:05 . Memory (MB): peak = 4269.289 ; gain = 0.000
refresh_hw_device [lindex [get_hw_devices xc7k325t_0_1] 0]
INFO: [Labtools 27-1434] Device xc7k325t (JTAG device index = 0) is programmed with a design that has no supported debug core(s) in it.
reset_run impl_1 -prev_step 
launch_runs impl_1 -to_step write_bitstream -jobs 6
WARNING: [Vivado 12-872] Run step 'Design Initialization' is out-of-date.
[Thu May 13 23:34:50 2021] Launched impl_1...
Run output will be captured here: C:/Users/user/Desktop/nisan/RX_1byte_tlast_enabled/alex.runs/impl_1/runme.log
reset_run synth_1
launch_runs impl_1 -to_step write_bitstream -jobs 6
[Thu May 13 23:35:52 2021] Launched synth_1...
Run output will be captured here: C:/Users/user/Desktop/nisan/RX_1byte_tlast_enabled/alex.runs/synth_1/runme.log
[Thu May 13 23:35:52 2021] Launched impl_1...
Run output will be captured here: C:/Users/user/Desktop/nisan/RX_1byte_tlast_enabled/alex.runs/impl_1/runme.log
set_property PROBES.FILE {} [get_hw_devices xc7k325t_0_1]
set_property FULL_PROBES.FILE {} [get_hw_devices xc7k325t_0_1]
set_property PROGRAM.FILE {C:/Users/user/Desktop/nisan/RX_1byte_tlast_enabled/alex.runs/impl_1/fpga.bit} [get_hw_devices xc7k325t_0_1]
program_hw_devices [get_hw_devices xc7k325t_0_1]
INFO: [Labtools 27-3164] End of startup status: HIGH
program_hw_devices: Time (s): cpu = 00:00:06 ; elapsed = 00:00:05 . Memory (MB): peak = 4272.758 ; gain = 0.000
refresh_hw_device [lindex [get_hw_devices xc7k325t_0_1] 0]
INFO: [Labtools 27-1434] Device xc7k325t (JTAG device index = 0) is programmed with a design that has no supported debug core(s) in it.
set_property PROBES.FILE {} [get_hw_devices xc7k325t_0_1]
set_property FULL_PROBES.FILE {} [get_hw_devices xc7k325t_0_1]
set_property PROGRAM.FILE {C:/Users/user/Desktop/nisan/RX_1byte_tlast_enabled/alex.runs/impl_1/fpga.bit} [get_hw_devices xc7k325t_0_1]
program_hw_devices [get_hw_devices xc7k325t_0_1]
INFO: [Labtools 27-3164] End of startup status: HIGH
program_hw_devices: Time (s): cpu = 00:00:05 ; elapsed = 00:00:05 . Memory (MB): peak = 4272.758 ; gain = 0.000
refresh_hw_device [lindex [get_hw_devices xc7k325t_0_1] 0]
INFO: [Labtools 27-1434] Device xc7k325t (JTAG device index = 0) is programmed with a design that has no supported debug core(s) in it.
set_property PROBES.FILE {} [get_hw_devices xc7k325t_0_1]
set_property FULL_PROBES.FILE {} [get_hw_devices xc7k325t_0_1]
set_property PROGRAM.FILE {C:/Users/user/Desktop/nisan/RX_1byte_tlast_enabled/alex.runs/impl_1/fpga.bit} [get_hw_devices xc7k325t_0_1]
program_hw_devices [get_hw_devices xc7k325t_0_1]
INFO: [Labtools 27-3164] End of startup status: HIGH
program_hw_devices: Time (s): cpu = 00:00:06 ; elapsed = 00:00:05 . Memory (MB): peak = 4272.758 ; gain = 0.000
refresh_hw_device [lindex [get_hw_devices xc7k325t_0_1] 0]
INFO: [Labtools 27-1434] Device xc7k325t (JTAG device index = 0) is programmed with a design that has no supported debug core(s) in it.
set_property PROBES.FILE {} [get_hw_devices xc7k325t_0_1]
set_property FULL_PROBES.FILE {} [get_hw_devices xc7k325t_0_1]
set_property PROGRAM.FILE {C:/Users/user/Desktop/nisan/RX_1byte_tlast_enabled/alex.runs/impl_1/fpga.bit} [get_hw_devices xc7k325t_0_1]
program_hw_devices [get_hw_devices xc7k325t_0_1]
INFO: [Labtools 27-3164] End of startup status: HIGH
program_hw_devices: Time (s): cpu = 00:00:05 ; elapsed = 00:00:05 . Memory (MB): peak = 4272.770 ; gain = 0.000
refresh_hw_device [lindex [get_hw_devices xc7k325t_0_1] 0]
INFO: [Labtools 27-1434] Device xc7k325t (JTAG device index = 0) is programmed with a design that has no supported debug core(s) in it.
set_property PROBES.FILE {} [get_hw_devices xc7k325t_0_1]
set_property FULL_PROBES.FILE {} [get_hw_devices xc7k325t_0_1]
set_property PROGRAM.FILE {C:/Users/user/Desktop/nisan/RX_1byte_tlast_enabled/alex.runs/impl_1/fpga.bit} [get_hw_devices xc7k325t_0_1]
program_hw_devices [get_hw_devices xc7k325t_0_1]
INFO: [Labtools 27-3164] End of startup status: HIGH
program_hw_devices: Time (s): cpu = 00:00:05 ; elapsed = 00:00:06 . Memory (MB): peak = 4272.770 ; gain = 0.000
refresh_hw_device [lindex [get_hw_devices xc7k325t_0_1] 0]
INFO: [Labtools 27-1434] Device xc7k325t (JTAG device index = 0) is programmed with a design that has no supported debug core(s) in it.
set_property PROBES.FILE {} [get_hw_devices xc7k325t_0_1]
set_property FULL_PROBES.FILE {} [get_hw_devices xc7k325t_0_1]
set_property PROGRAM.FILE {C:/Users/user/Desktop/nisan/RX_1byte_tlast_enabled/alex.runs/impl_1/fpga.bit} [get_hw_devices xc7k325t_0_1]
program_hw_devices [get_hw_devices xc7k325t_0_1]
INFO: [Labtools 27-3164] End of startup status: HIGH
program_hw_devices: Time (s): cpu = 00:00:06 ; elapsed = 00:00:05 . Memory (MB): peak = 4272.770 ; gain = 0.000
refresh_hw_device [lindex [get_hw_devices xc7k325t_0_1] 0]
INFO: [Labtools 27-1434] Device xc7k325t (JTAG device index = 0) is programmed with a design that has no supported debug core(s) in it.
set_property PROBES.FILE {} [get_hw_devices xc7k325t_0_1]
set_property FULL_PROBES.FILE {} [get_hw_devices xc7k325t_0_1]
set_property PROGRAM.FILE {C:/Users/user/Desktop/nisan/RX_1byte_tlast_enabled/alex.runs/impl_1/fpga.bit} [get_hw_devices xc7k325t_0_1]
program_hw_devices [get_hw_devices xc7k325t_0_1]
INFO: [Labtools 27-3164] End of startup status: HIGH
program_hw_devices: Time (s): cpu = 00:00:06 ; elapsed = 00:00:05 . Memory (MB): peak = 4272.770 ; gain = 0.000
refresh_hw_device [lindex [get_hw_devices xc7k325t_0_1] 0]
INFO: [Labtools 27-1434] Device xc7k325t (JTAG device index = 0) is programmed with a design that has no supported debug core(s) in it.
ERROR: [Labtoolstcl 44-513] HW Target shutdown. Closing target: localhost:3121/xilinx_tcf/Xilinx/13724327082c01
exit
INFO: [Common 17-206] Exiting Vivado at Fri May 14 02:52:53 2021...
