#-----------------------------------------------------------
# Vivado v2020.2 (64-bit)
# SW Build 3064766 on Wed Nov 18 09:12:45 MST 2020
# IP Build 3064653 on Wed Nov 18 14:17:31 MST 2020
# Start of session at: Thu May 13 17:57:55 2021
# Process ID: 14932
# Current directory: C:/Users/user/Desktop/nisan/TX_1byte_tlast_enabled
# Command line: vivado.exe -gui_launcher_event rodinguilauncherevent10280 C:\Users\user\Desktop\nisan\TX_1byte_tlast_enabled\alex.xpr
# Log file: C:/Users/user/Desktop/nisan/TX_1byte_tlast_enabled/vivado.log
# Journal file: C:/Users/user/Desktop/nisan/TX_1byte_tlast_enabled\vivado.jou
#-----------------------------------------------------------
start_gui
open_project C:/Users/user/Desktop/nisan/TX_1byte_tlast_enabled/alex.xpr
INFO: [Project 1-313] Project file moved from 'C:/Users/user/Desktop/mayýs/TX_1byte_tlast_enabled' since last save.
Scanning sources...
Finished scanning sources
INFO: [IP_Flow 19-234] Refreshing IP repositories
INFO: [IP_Flow 19-1704] No user IP repositories specified
INFO: [IP_Flow 19-2313] Loaded Vivado IP repository 'C:/Xilinx/Vivado/2020.2/data/ip'.
open_project: Time (s): cpu = 00:00:14 ; elapsed = 00:00:08 . Memory (MB): peak = 1204.355 ; gain = 42.832
update_compile_order -fileset sources_1
reset_run synth_1
launch_runs impl_1 -to_step write_bitstream -jobs 6
INFO: [Vivado 12-4149] The synthesis checkpoint for IP 'C:/Users/user/Desktop/nisan/TX_1byte_tlast_enabled/alex.srcs/sources_1/ip/clk_wiz_0/clk_wiz_0.xci' is already up-to-date
[Thu May 13 18:01:23 2021] Launched synth_1...
Run output will be captured here: C:/Users/user/Desktop/nisan/TX_1byte_tlast_enabled/alex.runs/synth_1/runme.log
[Thu May 13 18:01:23 2021] Launched impl_1...
Run output will be captured here: C:/Users/user/Desktop/nisan/TX_1byte_tlast_enabled/alex.runs/impl_1/runme.log
reset_run impl_1 -prev_step 
INFO: [Common 17-41] Interrupt caught. Command should exit soon.
INFO: [Common 17-344] 'reset_runs' was cancelled
launch_runs impl_1 -to_step write_bitstream -jobs 6
INFO: [Vivado 12-4149] The synthesis checkpoint for IP 'C:/Users/user/Desktop/nisan/TX_1byte_tlast_enabled/alex.srcs/sources_1/ip/clk_wiz_0/clk_wiz_0.xci' is already up-to-date
[Thu May 13 18:04:14 2021] Launched impl_1...
Run output will be captured here: C:/Users/user/Desktop/nisan/TX_1byte_tlast_enabled/alex.runs/impl_1/runme.log
open_hw_manager
reset_run synth_1
launch_runs impl_1 -to_step write_bitstream -jobs 6
INFO: [Vivado 12-4149] The synthesis checkpoint for IP 'C:/Users/user/Desktop/nisan/TX_1byte_tlast_enabled/alex.srcs/sources_1/ip/clk_wiz_0/clk_wiz_0.xci' is already up-to-date
[Thu May 13 18:05:34 2021] Launched synth_1...
Run output will be captured here: C:/Users/user/Desktop/nisan/TX_1byte_tlast_enabled/alex.runs/synth_1/runme.log
[Thu May 13 18:05:34 2021] Launched impl_1...
Run output will be captured here: C:/Users/user/Desktop/nisan/TX_1byte_tlast_enabled/alex.runs/impl_1/runme.log
connect_hw_server -allow_non_jtag
INFO: [Labtools 27-2285] Connecting to hw_server url TCP:localhost:3121
INFO: [Labtools 27-3415] Connecting to cs_server url TCP:localhost:3042
INFO: [Labtools 27-3414] Connected to existing cs_server.
open_hw_target
INFO: [Labtoolstcl 44-466] Opening hw_target localhost:3121/xilinx_tcf/Xilinx/13724327082d01
set_property PROGRAM.FILE {C:/Users/user/Desktop/nisan/TX_1byte_tlast_enabled/alex.runs/impl_1/fpga.bit} [get_hw_devices xc7k325t_0]
current_hw_device [get_hw_devices xc7k325t_0]
refresh_hw_device -update_hw_probes false [lindex [get_hw_devices xc7k325t_0] 0]
INFO: [Labtools 27-2302] Device xc7k325t (JTAG device index = 0) is programmed with a design that has 1 IBERT core(s).
set_property PROBES.FILE {} [get_hw_devices xc7k325t_0]
set_property FULL_PROBES.FILE {} [get_hw_devices xc7k325t_0]
set_property PROGRAM.FILE {C:/Users/user/Desktop/nisan/TX_1byte_tlast_enabled/alex.runs/impl_1/fpga.bit} [get_hw_devices xc7k325t_0]
program_hw_devices [get_hw_devices xc7k325t_0]
INFO: [Labtools 27-3164] End of startup status: HIGH
program_hw_devices: Time (s): cpu = 00:00:07 ; elapsed = 00:00:06 . Memory (MB): peak = 2879.145 ; gain = 0.000
refresh_hw_device [lindex [get_hw_devices xc7k325t_0] 0]
INFO: [Labtools 27-1434] Device xc7k325t (JTAG device index = 0) is programmed with a design that has no supported debug core(s) in it.
reset_run impl_1 -prev_step 
launch_runs impl_1 -to_step write_bitstream -jobs 6
INFO: [Vivado 12-4149] The synthesis checkpoint for IP 'C:/Users/user/Desktop/nisan/TX_1byte_tlast_enabled/alex.srcs/sources_1/ip/clk_wiz_0/clk_wiz_0.xci' is already up-to-date
WARNING: [Vivado 12-872] Run step 'Design Initialization' is out-of-date.
[Thu May 13 18:50:11 2021] Launched impl_1...
Run output will be captured here: C:/Users/user/Desktop/nisan/TX_1byte_tlast_enabled/alex.runs/impl_1/runme.log
reset_run synth_1
launch_runs impl_1 -to_step write_bitstream -jobs 6
INFO: [Vivado 12-4149] The synthesis checkpoint for IP 'C:/Users/user/Desktop/nisan/TX_1byte_tlast_enabled/alex.srcs/sources_1/ip/clk_wiz_0/clk_wiz_0.xci' is already up-to-date
[Thu May 13 18:51:16 2021] Launched synth_1...
Run output will be captured here: C:/Users/user/Desktop/nisan/TX_1byte_tlast_enabled/alex.runs/synth_1/runme.log
[Thu May 13 18:51:16 2021] Launched impl_1...
Run output will be captured here: C:/Users/user/Desktop/nisan/TX_1byte_tlast_enabled/alex.runs/impl_1/runme.log
set_property PROBES.FILE {} [get_hw_devices xc7k325t_0]
set_property FULL_PROBES.FILE {} [get_hw_devices xc7k325t_0]
set_property PROGRAM.FILE {C:/Users/user/Desktop/nisan/TX_1byte_tlast_enabled/alex.runs/impl_1/fpga.bit} [get_hw_devices xc7k325t_0]
program_hw_devices [get_hw_devices xc7k325t_0]
INFO: [Labtools 27-3164] End of startup status: HIGH
program_hw_devices: Time (s): cpu = 00:00:06 ; elapsed = 00:00:06 . Memory (MB): peak = 2894.246 ; gain = 0.000
refresh_hw_device [lindex [get_hw_devices xc7k325t_0] 0]
INFO: [Labtools 27-1434] Device xc7k325t (JTAG device index = 0) is programmed with a design that has no supported debug core(s) in it.
reset_run synth_1
launch_runs impl_1 -to_step write_bitstream -jobs 6
INFO: [Vivado 12-4149] The synthesis checkpoint for IP 'C:/Users/user/Desktop/nisan/TX_1byte_tlast_enabled/alex.srcs/sources_1/ip/clk_wiz_0/clk_wiz_0.xci' is already up-to-date
[Thu May 13 18:55:22 2021] Launched synth_1...
Run output will be captured here: C:/Users/user/Desktop/nisan/TX_1byte_tlast_enabled/alex.runs/synth_1/runme.log
[Thu May 13 18:55:22 2021] Launched impl_1...
Run output will be captured here: C:/Users/user/Desktop/nisan/TX_1byte_tlast_enabled/alex.runs/impl_1/runme.log
set_property PROBES.FILE {} [get_hw_devices xc7k325t_0]
set_property FULL_PROBES.FILE {} [get_hw_devices xc7k325t_0]
set_property PROGRAM.FILE {C:/Users/user/Desktop/nisan/TX_1byte_tlast_enabled/alex.runs/impl_1/fpga.bit} [get_hw_devices xc7k325t_0]
program_hw_devices [get_hw_devices xc7k325t_0]
INFO: [Labtools 27-3164] End of startup status: HIGH
program_hw_devices: Time (s): cpu = 00:00:06 ; elapsed = 00:00:06 . Memory (MB): peak = 2894.246 ; gain = 0.000
refresh_hw_device [lindex [get_hw_devices xc7k325t_0] 0]
INFO: [Labtools 27-1434] Device xc7k325t (JTAG device index = 0) is programmed with a design that has no supported debug core(s) in it.
set_property PROBES.FILE {} [get_hw_devices xc7k325t_0]
set_property FULL_PROBES.FILE {} [get_hw_devices xc7k325t_0]
set_property PROGRAM.FILE {C:/Users/user/Desktop/nisan/TX_1byte_tlast_enabled/alex.runs/impl_1/fpga.bit} [get_hw_devices xc7k325t_0]
program_hw_devices [get_hw_devices xc7k325t_0]
INFO: [Labtools 27-3164] End of startup status: HIGH
program_hw_devices: Time (s): cpu = 00:00:06 ; elapsed = 00:00:06 . Memory (MB): peak = 2894.246 ; gain = 0.000
refresh_hw_device [lindex [get_hw_devices xc7k325t_0] 0]
INFO: [Labtools 27-1434] Device xc7k325t (JTAG device index = 0) is programmed with a design that has no supported debug core(s) in it.
reset_run impl_1 -prev_step 
launch_runs impl_1 -to_step write_bitstream -jobs 6
INFO: [Vivado 12-4149] The synthesis checkpoint for IP 'C:/Users/user/Desktop/nisan/TX_1byte_tlast_enabled/alex.srcs/sources_1/ip/clk_wiz_0/clk_wiz_0.xci' is already up-to-date
WARNING: [Vivado 12-872] Run step 'Design Initialization' is out-of-date.
[Thu May 13 19:05:27 2021] Launched impl_1...
Run output will be captured here: C:/Users/user/Desktop/nisan/TX_1byte_tlast_enabled/alex.runs/impl_1/runme.log
reset_run synth_1
launch_runs impl_1 -to_step write_bitstream -jobs 6
INFO: [Vivado 12-4149] The synthesis checkpoint for IP 'C:/Users/user/Desktop/nisan/TX_1byte_tlast_enabled/alex.srcs/sources_1/ip/clk_wiz_0/clk_wiz_0.xci' is already up-to-date
[Thu May 13 19:06:39 2021] Launched synth_1...
Run output will be captured here: C:/Users/user/Desktop/nisan/TX_1byte_tlast_enabled/alex.runs/synth_1/runme.log
[Thu May 13 19:06:39 2021] Launched impl_1...
Run output will be captured here: C:/Users/user/Desktop/nisan/TX_1byte_tlast_enabled/alex.runs/impl_1/runme.log
set_property PROBES.FILE {} [get_hw_devices xc7k325t_0]
set_property FULL_PROBES.FILE {} [get_hw_devices xc7k325t_0]
set_property PROGRAM.FILE {C:/Users/user/Desktop/nisan/TX_1byte_tlast_enabled/alex.runs/impl_1/fpga.bit} [get_hw_devices xc7k325t_0]
program_hw_devices [get_hw_devices xc7k325t_0]
INFO: [Labtools 27-3164] End of startup status: HIGH
program_hw_devices: Time (s): cpu = 00:00:06 ; elapsed = 00:00:07 . Memory (MB): peak = 2894.246 ; gain = 0.000
refresh_hw_device [lindex [get_hw_devices xc7k325t_0] 0]
INFO: [Labtools 27-1434] Device xc7k325t (JTAG device index = 0) is programmed with a design that has no supported debug core(s) in it.
set_property PROBES.FILE {} [get_hw_devices xc7k325t_0]
set_property FULL_PROBES.FILE {} [get_hw_devices xc7k325t_0]
set_property PROGRAM.FILE {C:/Users/user/Desktop/nisan/TX_1byte_tlast_enabled/alex.runs/impl_1/fpga.bit} [get_hw_devices xc7k325t_0]
program_hw_devices [get_hw_devices xc7k325t_0]
INFO: [Labtools 27-3164] End of startup status: HIGH
program_hw_devices: Time (s): cpu = 00:00:05 ; elapsed = 00:00:06 . Memory (MB): peak = 2897.195 ; gain = 0.000
refresh_hw_device [lindex [get_hw_devices xc7k325t_0] 0]
INFO: [Labtools 27-1434] Device xc7k325t (JTAG device index = 0) is programmed with a design that has no supported debug core(s) in it.
set_property PROBES.FILE {} [get_hw_devices xc7k325t_0]
set_property FULL_PROBES.FILE {} [get_hw_devices xc7k325t_0]
set_property PROGRAM.FILE {C:/Users/user/Desktop/nisan/TX_1byte_tlast_enabled/alex.runs/impl_1/fpga.bit} [get_hw_devices xc7k325t_0]
program_hw_devices [get_hw_devices xc7k325t_0]
INFO: [Labtools 27-3164] End of startup status: HIGH
program_hw_devices: Time (s): cpu = 00:00:06 ; elapsed = 00:00:06 . Memory (MB): peak = 2897.195 ; gain = 0.000
refresh_hw_device [lindex [get_hw_devices xc7k325t_0] 0]
INFO: [Labtools 27-1434] Device xc7k325t (JTAG device index = 0) is programmed with a design that has no supported debug core(s) in it.
reset_run synth_1
launch_runs impl_1 -to_step write_bitstream -jobs 6
INFO: [Vivado 12-4149] The synthesis checkpoint for IP 'C:/Users/user/Desktop/nisan/TX_1byte_tlast_enabled/alex.srcs/sources_1/ip/clk_wiz_0/clk_wiz_0.xci' is already up-to-date
[Thu May 13 19:22:30 2021] Launched synth_1...
Run output will be captured here: C:/Users/user/Desktop/nisan/TX_1byte_tlast_enabled/alex.runs/synth_1/runme.log
[Thu May 13 19:22:30 2021] Launched impl_1...
Run output will be captured here: C:/Users/user/Desktop/nisan/TX_1byte_tlast_enabled/alex.runs/impl_1/runme.log
set_property PROBES.FILE {} [get_hw_devices xc7k325t_0]
set_property FULL_PROBES.FILE {} [get_hw_devices xc7k325t_0]
set_property PROGRAM.FILE {C:/Users/user/Desktop/nisan/TX_1byte_tlast_enabled/alex.runs/impl_1/fpga.bit} [get_hw_devices xc7k325t_0]
program_hw_devices [get_hw_devices xc7k325t_0]
INFO: [Labtools 27-3164] End of startup status: HIGH
program_hw_devices: Time (s): cpu = 00:00:06 ; elapsed = 00:00:06 . Memory (MB): peak = 2909.312 ; gain = 0.000
refresh_hw_device [lindex [get_hw_devices xc7k325t_0] 0]
INFO: [Labtools 27-1434] Device xc7k325t (JTAG device index = 0) is programmed with a design that has no supported debug core(s) in it.
set_property PROBES.FILE {} [get_hw_devices xc7k325t_0]
set_property FULL_PROBES.FILE {} [get_hw_devices xc7k325t_0]
set_property PROGRAM.FILE {C:/Users/user/Desktop/nisan/TX_1byte_tlast_enabled/alex.runs/impl_1/fpga.bit} [get_hw_devices xc7k325t_0]
program_hw_devices [get_hw_devices xc7k325t_0]
INFO: [Labtools 27-3164] End of startup status: HIGH
program_hw_devices: Time (s): cpu = 00:00:06 ; elapsed = 00:00:06 . Memory (MB): peak = 2909.312 ; gain = 0.000
refresh_hw_device [lindex [get_hw_devices xc7k325t_0] 0]
INFO: [Labtools 27-1434] Device xc7k325t (JTAG device index = 0) is programmed with a design that has no supported debug core(s) in it.
reset_run impl_1 -prev_step 
launch_runs impl_1 -to_step write_bitstream -jobs 6
INFO: [Vivado 12-4149] The synthesis checkpoint for IP 'C:/Users/user/Desktop/nisan/TX_1byte_tlast_enabled/alex.srcs/sources_1/ip/clk_wiz_0/clk_wiz_0.xci' is already up-to-date
WARNING: [Vivado 12-872] Run step 'Design Initialization' is out-of-date.
[Thu May 13 19:37:15 2021] Launched impl_1...
Run output will be captured here: C:/Users/user/Desktop/nisan/TX_1byte_tlast_enabled/alex.runs/impl_1/runme.log
reset_run synth_1
launch_runs impl_1 -to_step write_bitstream -jobs 6
INFO: [Vivado 12-4149] The synthesis checkpoint for IP 'C:/Users/user/Desktop/nisan/TX_1byte_tlast_enabled/alex.srcs/sources_1/ip/clk_wiz_0/clk_wiz_0.xci' is already up-to-date
[Thu May 13 19:38:50 2021] Launched synth_1...
Run output will be captured here: C:/Users/user/Desktop/nisan/TX_1byte_tlast_enabled/alex.runs/synth_1/runme.log
[Thu May 13 19:38:50 2021] Launched impl_1...
Run output will be captured here: C:/Users/user/Desktop/nisan/TX_1byte_tlast_enabled/alex.runs/impl_1/runme.log
set_property PROBES.FILE {} [get_hw_devices xc7k325t_0]
set_property FULL_PROBES.FILE {} [get_hw_devices xc7k325t_0]
set_property PROGRAM.FILE {C:/Users/user/Desktop/nisan/TX_1byte_tlast_enabled/alex.runs/impl_1/fpga.bit} [get_hw_devices xc7k325t_0]
program_hw_devices [get_hw_devices xc7k325t_0]
INFO: [Labtools 27-3164] End of startup status: HIGH
program_hw_devices: Time (s): cpu = 00:00:05 ; elapsed = 00:00:06 . Memory (MB): peak = 2909.312 ; gain = 0.000
refresh_hw_device [lindex [get_hw_devices xc7k325t_0] 0]
INFO: [Labtools 27-1434] Device xc7k325t (JTAG device index = 0) is programmed with a design that has no supported debug core(s) in it.
reset_run impl_1 -prev_step 
launch_runs impl_1 -to_step write_bitstream -jobs 6
INFO: [Vivado 12-4149] The synthesis checkpoint for IP 'C:/Users/user/Desktop/nisan/TX_1byte_tlast_enabled/alex.srcs/sources_1/ip/clk_wiz_0/clk_wiz_0.xci' is already up-to-date
WARNING: [Vivado 12-872] Run step 'Design Initialization' is out-of-date.
[Thu May 13 19:45:25 2021] Launched impl_1...
Run output will be captured here: C:/Users/user/Desktop/nisan/TX_1byte_tlast_enabled/alex.runs/impl_1/runme.log
reset_run synth_1
launch_runs impl_1 -to_step write_bitstream -jobs 6
INFO: [Vivado 12-4149] The synthesis checkpoint for IP 'C:/Users/user/Desktop/nisan/TX_1byte_tlast_enabled/alex.srcs/sources_1/ip/clk_wiz_0/clk_wiz_0.xci' is already up-to-date
[Thu May 13 19:55:16 2021] Launched synth_1...
Run output will be captured here: C:/Users/user/Desktop/nisan/TX_1byte_tlast_enabled/alex.runs/synth_1/runme.log
[Thu May 13 19:55:16 2021] Launched impl_1...
Run output will be captured here: C:/Users/user/Desktop/nisan/TX_1byte_tlast_enabled/alex.runs/impl_1/runme.log
set_property PROBES.FILE {} [get_hw_devices xc7k325t_0]
set_property FULL_PROBES.FILE {} [get_hw_devices xc7k325t_0]
set_property PROGRAM.FILE {C:/Users/user/Desktop/nisan/TX_1byte_tlast_enabled/alex.runs/impl_1/fpga.bit} [get_hw_devices xc7k325t_0]
program_hw_devices [get_hw_devices xc7k325t_0]
INFO: [Labtools 27-3164] End of startup status: HIGH
program_hw_devices: Time (s): cpu = 00:00:06 ; elapsed = 00:00:06 . Memory (MB): peak = 2912.496 ; gain = 0.000
refresh_hw_device [lindex [get_hw_devices xc7k325t_0] 0]
INFO: [Labtools 27-1434] Device xc7k325t (JTAG device index = 0) is programmed with a design that has no supported debug core(s) in it.
reset_run impl_1 -prev_step 
launch_runs impl_1 -to_step write_bitstream -jobs 6
INFO: [Vivado 12-4149] The synthesis checkpoint for IP 'C:/Users/user/Desktop/nisan/TX_1byte_tlast_enabled/alex.srcs/sources_1/ip/clk_wiz_0/clk_wiz_0.xci' is already up-to-date
WARNING: [Vivado 12-872] Run step 'Design Initialization' is out-of-date.
[Thu May 13 20:04:16 2021] Launched impl_1...
Run output will be captured here: C:/Users/user/Desktop/nisan/TX_1byte_tlast_enabled/alex.runs/impl_1/runme.log
reset_run impl_1 -prev_step 
reset_run synth_1
launch_runs impl_1 -to_step write_bitstream -jobs 6
INFO: [Vivado 12-4149] The synthesis checkpoint for IP 'C:/Users/user/Desktop/nisan/TX_1byte_tlast_enabled/alex.srcs/sources_1/ip/clk_wiz_0/clk_wiz_0.xci' is already up-to-date
[Thu May 13 20:04:57 2021] Launched synth_1...
Run output will be captured here: C:/Users/user/Desktop/nisan/TX_1byte_tlast_enabled/alex.runs/synth_1/runme.log
[Thu May 13 20:04:58 2021] Launched impl_1...
Run output will be captured here: C:/Users/user/Desktop/nisan/TX_1byte_tlast_enabled/alex.runs/impl_1/runme.log
set_property PROBES.FILE {} [get_hw_devices xc7k325t_0]
set_property FULL_PROBES.FILE {} [get_hw_devices xc7k325t_0]
set_property PROGRAM.FILE {C:/Users/user/Desktop/nisan/TX_1byte_tlast_enabled/alex.runs/impl_1/fpga.bit} [get_hw_devices xc7k325t_0]
program_hw_devices [get_hw_devices xc7k325t_0]
INFO: [Labtools 27-3164] End of startup status: HIGH
program_hw_devices: Time (s): cpu = 00:00:05 ; elapsed = 00:00:05 . Memory (MB): peak = 2912.496 ; gain = 0.000
refresh_hw_device [lindex [get_hw_devices xc7k325t_0] 0]
INFO: [Labtools 27-1434] Device xc7k325t (JTAG device index = 0) is programmed with a design that has no supported debug core(s) in it.
reset_run impl_1 -prev_step 
launch_runs impl_1 -to_step write_bitstream -jobs 6
INFO: [Vivado 12-4149] The synthesis checkpoint for IP 'C:/Users/user/Desktop/nisan/TX_1byte_tlast_enabled/alex.srcs/sources_1/ip/clk_wiz_0/clk_wiz_0.xci' is already up-to-date
WARNING: [Vivado 12-872] Run step 'Design Initialization' is out-of-date.
[Thu May 13 20:13:11 2021] Launched impl_1...
Run output will be captured here: C:/Users/user/Desktop/nisan/TX_1byte_tlast_enabled/alex.runs/impl_1/runme.log
reset_run synth_1
launch_runs impl_1 -to_step write_bitstream -jobs 6
INFO: [Vivado 12-4149] The synthesis checkpoint for IP 'C:/Users/user/Desktop/nisan/TX_1byte_tlast_enabled/alex.srcs/sources_1/ip/clk_wiz_0/clk_wiz_0.xci' is already up-to-date
[Thu May 13 20:14:25 2021] Launched synth_1...
Run output will be captured here: C:/Users/user/Desktop/nisan/TX_1byte_tlast_enabled/alex.runs/synth_1/runme.log
[Thu May 13 20:14:25 2021] Launched impl_1...
Run output will be captured here: C:/Users/user/Desktop/nisan/TX_1byte_tlast_enabled/alex.runs/impl_1/runme.log
set_property PROBES.FILE {} [get_hw_devices xc7k325t_0]
set_property FULL_PROBES.FILE {} [get_hw_devices xc7k325t_0]
set_property PROGRAM.FILE {C:/Users/user/Desktop/nisan/TX_1byte_tlast_enabled/alex.runs/impl_1/fpga.bit} [get_hw_devices xc7k325t_0]
program_hw_devices [get_hw_devices xc7k325t_0]
INFO: [Labtools 27-3164] End of startup status: HIGH
program_hw_devices: Time (s): cpu = 00:00:05 ; elapsed = 00:00:05 . Memory (MB): peak = 2912.496 ; gain = 0.000
refresh_hw_device [lindex [get_hw_devices xc7k325t_0] 0]
INFO: [Labtools 27-1434] Device xc7k325t (JTAG device index = 0) is programmed with a design that has no supported debug core(s) in it.
reset_run impl_1 -prev_step 
launch_runs impl_1 -to_step write_bitstream -jobs 6
INFO: [Vivado 12-4149] The synthesis checkpoint for IP 'C:/Users/user/Desktop/nisan/TX_1byte_tlast_enabled/alex.srcs/sources_1/ip/clk_wiz_0/clk_wiz_0.xci' is already up-to-date
WARNING: [Vivado 12-872] Run step 'Design Initialization' is out-of-date.
[Thu May 13 20:19:08 2021] Launched impl_1...
Run output will be captured here: C:/Users/user/Desktop/nisan/TX_1byte_tlast_enabled/alex.runs/impl_1/runme.log
reset_run synth_1
launch_runs impl_1 -to_step write_bitstream -jobs 6
INFO: [Vivado 12-4149] The synthesis checkpoint for IP 'C:/Users/user/Desktop/nisan/TX_1byte_tlast_enabled/alex.srcs/sources_1/ip/clk_wiz_0/clk_wiz_0.xci' is already up-to-date
[Thu May 13 20:20:18 2021] Launched synth_1...
Run output will be captured here: C:/Users/user/Desktop/nisan/TX_1byte_tlast_enabled/alex.runs/synth_1/runme.log
[Thu May 13 20:20:18 2021] Launched impl_1...
Run output will be captured here: C:/Users/user/Desktop/nisan/TX_1byte_tlast_enabled/alex.runs/impl_1/runme.log
set_property PROBES.FILE {} [get_hw_devices xc7k325t_0]
set_property FULL_PROBES.FILE {} [get_hw_devices xc7k325t_0]
set_property PROGRAM.FILE {C:/Users/user/Desktop/nisan/TX_1byte_tlast_enabled/alex.runs/impl_1/fpga.bit} [get_hw_devices xc7k325t_0]
program_hw_devices [get_hw_devices xc7k325t_0]
INFO: [Labtools 27-3164] End of startup status: HIGH
program_hw_devices: Time (s): cpu = 00:00:06 ; elapsed = 00:00:05 . Memory (MB): peak = 2928.297 ; gain = 0.000
refresh_hw_device [lindex [get_hw_devices xc7k325t_0] 0]
INFO: [Labtools 27-1434] Device xc7k325t (JTAG device index = 0) is programmed with a design that has no supported debug core(s) in it.
reset_run impl_1 -prev_step 
launch_runs impl_1 -to_step write_bitstream -jobs 6
INFO: [Vivado 12-4149] The synthesis checkpoint for IP 'C:/Users/user/Desktop/nisan/TX_1byte_tlast_enabled/alex.srcs/sources_1/ip/clk_wiz_0/clk_wiz_0.xci' is already up-to-date
WARNING: [Vivado 12-872] Run step 'Design Initialization' is out-of-date.
[Thu May 13 20:27:33 2021] Launched impl_1...
Run output will be captured here: C:/Users/user/Desktop/nisan/TX_1byte_tlast_enabled/alex.runs/impl_1/runme.log
reset_run synth_1
launch_runs impl_1 -to_step write_bitstream -jobs 6
INFO: [Vivado 12-4149] The synthesis checkpoint for IP 'C:/Users/user/Desktop/nisan/TX_1byte_tlast_enabled/alex.srcs/sources_1/ip/clk_wiz_0/clk_wiz_0.xci' is already up-to-date
[Thu May 13 20:28:41 2021] Launched synth_1...
Run output will be captured here: C:/Users/user/Desktop/nisan/TX_1byte_tlast_enabled/alex.runs/synth_1/runme.log
[Thu May 13 20:28:41 2021] Launched impl_1...
Run output will be captured here: C:/Users/user/Desktop/nisan/TX_1byte_tlast_enabled/alex.runs/impl_1/runme.log
reset_run synth_1
WARNING: [Vivado 12-1017] Problems encountered:
1. Failed to delete one or more files in run directory C:/Users/user/Desktop/nisan/TX_1byte_tlast_enabled/alex.runs/synth_1

launch_runs impl_1 -to_step write_bitstream -jobs 6
INFO: [Vivado 12-4149] The synthesis checkpoint for IP 'C:/Users/user/Desktop/nisan/TX_1byte_tlast_enabled/alex.srcs/sources_1/ip/clk_wiz_0/clk_wiz_0.xci' is already up-to-date
[Thu May 13 20:30:40 2021] Launched synth_1...
Run output will be captured here: C:/Users/user/Desktop/nisan/TX_1byte_tlast_enabled/alex.runs/synth_1/runme.log
[Thu May 13 20:30:40 2021] Launched impl_1...
Run output will be captured here: C:/Users/user/Desktop/nisan/TX_1byte_tlast_enabled/alex.runs/impl_1/runme.log
set_property PROBES.FILE {} [get_hw_devices xc7k325t_0]
set_property FULL_PROBES.FILE {} [get_hw_devices xc7k325t_0]
set_property PROGRAM.FILE {C:/Users/user/Desktop/nisan/TX_1byte_tlast_enabled/alex.runs/impl_1/fpga.bit} [get_hw_devices xc7k325t_0]
program_hw_devices [get_hw_devices xc7k325t_0]
INFO: [Labtools 27-3164] End of startup status: HIGH
program_hw_devices: Time (s): cpu = 00:00:05 ; elapsed = 00:00:05 . Memory (MB): peak = 2928.297 ; gain = 0.000
refresh_hw_device [lindex [get_hw_devices xc7k325t_0] 0]
INFO: [Labtools 27-1434] Device xc7k325t (JTAG device index = 0) is programmed with a design that has no supported debug core(s) in it.
set_property PROBES.FILE {} [get_hw_devices xc7k325t_0]
set_property FULL_PROBES.FILE {} [get_hw_devices xc7k325t_0]
set_property PROGRAM.FILE {C:/Users/user/Desktop/nisan/TX_1byte_tlast_enabled/alex.runs/impl_1/fpga.bit} [get_hw_devices xc7k325t_0]
program_hw_devices [get_hw_devices xc7k325t_0]
INFO: [Labtools 27-3164] End of startup status: HIGH
program_hw_devices: Time (s): cpu = 00:00:05 ; elapsed = 00:00:05 . Memory (MB): peak = 2928.297 ; gain = 0.000
refresh_hw_device [lindex [get_hw_devices xc7k325t_0] 0]
INFO: [Labtools 27-1434] Device xc7k325t (JTAG device index = 0) is programmed with a design that has no supported debug core(s) in it.
set_property PROBES.FILE {} [get_hw_devices xc7k325t_0]
set_property FULL_PROBES.FILE {} [get_hw_devices xc7k325t_0]
set_property PROGRAM.FILE {C:/Users/user/Desktop/nisan/TX_1byte_tlast_enabled/alex.runs/impl_1/fpga.bit} [get_hw_devices xc7k325t_0]
program_hw_devices [get_hw_devices xc7k325t_0]
INFO: [Labtools 27-3164] End of startup status: HIGH
program_hw_devices: Time (s): cpu = 00:00:05 ; elapsed = 00:00:05 . Memory (MB): peak = 2928.297 ; gain = 0.000
refresh_hw_device [lindex [get_hw_devices xc7k325t_0] 0]
INFO: [Labtools 27-1434] Device xc7k325t (JTAG device index = 0) is programmed with a design that has no supported debug core(s) in it.
set_property PROBES.FILE {} [get_hw_devices xc7k325t_0]
set_property FULL_PROBES.FILE {} [get_hw_devices xc7k325t_0]
set_property PROGRAM.FILE {C:/Users/user/Desktop/nisan/TX_1byte_tlast_enabled/alex.runs/impl_1/fpga.bit} [get_hw_devices xc7k325t_0]
program_hw_devices [get_hw_devices xc7k325t_0]
INFO: [Labtools 27-3164] End of startup status: HIGH
program_hw_devices: Time (s): cpu = 00:00:05 ; elapsed = 00:00:05 . Memory (MB): peak = 2928.297 ; gain = 0.000
refresh_hw_device [lindex [get_hw_devices xc7k325t_0] 0]
INFO: [Labtools 27-1434] Device xc7k325t (JTAG device index = 0) is programmed with a design that has no supported debug core(s) in it.
reset_run impl_1 -prev_step 
launch_runs impl_1 -to_step write_bitstream -jobs 6
INFO: [Vivado 12-4149] The synthesis checkpoint for IP 'C:/Users/user/Desktop/nisan/TX_1byte_tlast_enabled/alex.srcs/sources_1/ip/clk_wiz_0/clk_wiz_0.xci' is already up-to-date
WARNING: [Vivado 12-872] Run step 'Design Initialization' is out-of-date.
[Thu May 13 20:43:11 2021] Launched impl_1...
Run output will be captured here: C:/Users/user/Desktop/nisan/TX_1byte_tlast_enabled/alex.runs/impl_1/runme.log
reset_run synth_1
launch_runs impl_1 -to_step write_bitstream -jobs 6
INFO: [Vivado 12-4149] The synthesis checkpoint for IP 'C:/Users/user/Desktop/nisan/TX_1byte_tlast_enabled/alex.srcs/sources_1/ip/clk_wiz_0/clk_wiz_0.xci' is already up-to-date
[Thu May 13 20:44:13 2021] Launched synth_1...
Run output will be captured here: C:/Users/user/Desktop/nisan/TX_1byte_tlast_enabled/alex.runs/synth_1/runme.log
[Thu May 13 20:44:13 2021] Launched impl_1...
Run output will be captured here: C:/Users/user/Desktop/nisan/TX_1byte_tlast_enabled/alex.runs/impl_1/runme.log
set_property PROBES.FILE {} [get_hw_devices xc7k325t_0]
set_property FULL_PROBES.FILE {} [get_hw_devices xc7k325t_0]
set_property PROGRAM.FILE {C:/Users/user/Desktop/nisan/TX_1byte_tlast_enabled/alex.runs/impl_1/fpga.bit} [get_hw_devices xc7k325t_0]
program_hw_devices [get_hw_devices xc7k325t_0]
INFO: [Labtools 27-3164] End of startup status: HIGH
program_hw_devices: Time (s): cpu = 00:00:05 ; elapsed = 00:00:05 . Memory (MB): peak = 2928.297 ; gain = 0.000
refresh_hw_device [lindex [get_hw_devices xc7k325t_0] 0]
INFO: [Labtools 27-1434] Device xc7k325t (JTAG device index = 0) is programmed with a design that has no supported debug core(s) in it.
reset_run impl_1 -prev_step 
launch_runs impl_1 -to_step write_bitstream -jobs 6
INFO: [Vivado 12-4149] The synthesis checkpoint for IP 'C:/Users/user/Desktop/nisan/TX_1byte_tlast_enabled/alex.srcs/sources_1/ip/clk_wiz_0/clk_wiz_0.xci' is already up-to-date
WARNING: [Vivado 12-872] Run step 'Design Initialization' is out-of-date.
[Thu May 13 20:52:57 2021] Launched impl_1...
Run output will be captured here: C:/Users/user/Desktop/nisan/TX_1byte_tlast_enabled/alex.runs/impl_1/runme.log
reset_run synth_1
launch_runs impl_1 -to_step write_bitstream -jobs 6
INFO: [Vivado 12-4149] The synthesis checkpoint for IP 'C:/Users/user/Desktop/nisan/TX_1byte_tlast_enabled/alex.srcs/sources_1/ip/clk_wiz_0/clk_wiz_0.xci' is already up-to-date
[Thu May 13 20:53:59 2021] Launched synth_1...
Run output will be captured here: C:/Users/user/Desktop/nisan/TX_1byte_tlast_enabled/alex.runs/synth_1/runme.log
[Thu May 13 20:53:59 2021] Launched impl_1...
Run output will be captured here: C:/Users/user/Desktop/nisan/TX_1byte_tlast_enabled/alex.runs/impl_1/runme.log
set_property PROBES.FILE {} [get_hw_devices xc7k325t_0]
set_property FULL_PROBES.FILE {} [get_hw_devices xc7k325t_0]
set_property PROGRAM.FILE {C:/Users/user/Desktop/nisan/TX_1byte_tlast_enabled/alex.runs/impl_1/fpga.bit} [get_hw_devices xc7k325t_0]
program_hw_devices [get_hw_devices xc7k325t_0]
INFO: [Labtools 27-3164] End of startup status: HIGH
program_hw_devices: Time (s): cpu = 00:00:06 ; elapsed = 00:00:05 . Memory (MB): peak = 2932.777 ; gain = 0.000
refresh_hw_device [lindex [get_hw_devices xc7k325t_0] 0]
INFO: [Labtools 27-1434] Device xc7k325t (JTAG device index = 0) is programmed with a design that has no supported debug core(s) in it.
reset_run synth_1
launch_runs impl_1 -to_step write_bitstream -jobs 6
INFO: [Vivado 12-4149] The synthesis checkpoint for IP 'C:/Users/user/Desktop/nisan/TX_1byte_tlast_enabled/alex.srcs/sources_1/ip/clk_wiz_0/clk_wiz_0.xci' is already up-to-date
[Thu May 13 20:59:23 2021] Launched synth_1...
Run output will be captured here: C:/Users/user/Desktop/nisan/TX_1byte_tlast_enabled/alex.runs/synth_1/runme.log
[Thu May 13 20:59:23 2021] Launched impl_1...
Run output will be captured here: C:/Users/user/Desktop/nisan/TX_1byte_tlast_enabled/alex.runs/impl_1/runme.log
set_property PROBES.FILE {} [get_hw_devices xc7k325t_0]
set_property FULL_PROBES.FILE {} [get_hw_devices xc7k325t_0]
set_property PROGRAM.FILE {C:/Users/user/Desktop/nisan/TX_1byte_tlast_enabled/alex.runs/impl_1/fpga.bit} [get_hw_devices xc7k325t_0]
program_hw_devices [get_hw_devices xc7k325t_0]
INFO: [Labtools 27-3164] End of startup status: HIGH
program_hw_devices: Time (s): cpu = 00:00:05 ; elapsed = 00:00:05 . Memory (MB): peak = 2932.777 ; gain = 0.000
refresh_hw_device [lindex [get_hw_devices xc7k325t_0] 0]
INFO: [Labtools 27-1434] Device xc7k325t (JTAG device index = 0) is programmed with a design that has no supported debug core(s) in it.
set_property PROBES.FILE {} [get_hw_devices xc7k325t_0]
set_property FULL_PROBES.FILE {} [get_hw_devices xc7k325t_0]
set_property PROGRAM.FILE {C:/Users/user/Desktop/nisan/TX_1byte_tlast_enabled/alex.runs/impl_1/fpga.bit} [get_hw_devices xc7k325t_0]
program_hw_devices [get_hw_devices xc7k325t_0]
INFO: [Labtools 27-3164] End of startup status: HIGH
program_hw_devices: Time (s): cpu = 00:00:06 ; elapsed = 00:00:05 . Memory (MB): peak = 2932.777 ; gain = 0.000
refresh_hw_device [lindex [get_hw_devices xc7k325t_0] 0]
INFO: [Labtools 27-1434] Device xc7k325t (JTAG device index = 0) is programmed with a design that has no supported debug core(s) in it.
reset_run impl_1 -prev_step 
launch_runs impl_1 -to_step write_bitstream -jobs 6
INFO: [Vivado 12-4149] The synthesis checkpoint for IP 'C:/Users/user/Desktop/nisan/TX_1byte_tlast_enabled/alex.srcs/sources_1/ip/clk_wiz_0/clk_wiz_0.xci' is already up-to-date
WARNING: [Vivado 12-872] Run step 'Design Initialization' is out-of-date.
[Thu May 13 21:04:19 2021] Launched impl_1...
Run output will be captured here: C:/Users/user/Desktop/nisan/TX_1byte_tlast_enabled/alex.runs/impl_1/runme.log
reset_run synth_1
launch_runs impl_1 -to_step write_bitstream -jobs 6
INFO: [Vivado 12-4149] The synthesis checkpoint for IP 'C:/Users/user/Desktop/nisan/TX_1byte_tlast_enabled/alex.srcs/sources_1/ip/clk_wiz_0/clk_wiz_0.xci' is already up-to-date
[Thu May 13 21:05:36 2021] Launched synth_1...
Run output will be captured here: C:/Users/user/Desktop/nisan/TX_1byte_tlast_enabled/alex.runs/synth_1/runme.log
[Thu May 13 21:05:36 2021] Launched impl_1...
Run output will be captured here: C:/Users/user/Desktop/nisan/TX_1byte_tlast_enabled/alex.runs/impl_1/runme.log
set_property PROBES.FILE {} [get_hw_devices xc7k325t_0]
set_property FULL_PROBES.FILE {} [get_hw_devices xc7k325t_0]
set_property PROGRAM.FILE {C:/Users/user/Desktop/nisan/TX_1byte_tlast_enabled/alex.runs/impl_1/fpga.bit} [get_hw_devices xc7k325t_0]
program_hw_devices [get_hw_devices xc7k325t_0]
INFO: [Labtools 27-3164] End of startup status: HIGH
program_hw_devices: Time (s): cpu = 00:00:06 ; elapsed = 00:00:05 . Memory (MB): peak = 2932.777 ; gain = 0.000
refresh_hw_device [lindex [get_hw_devices xc7k325t_0] 0]
INFO: [Labtools 27-1434] Device xc7k325t (JTAG device index = 0) is programmed with a design that has no supported debug core(s) in it.
set_property PROBES.FILE {} [get_hw_devices xc7k325t_0]
set_property FULL_PROBES.FILE {} [get_hw_devices xc7k325t_0]
set_property PROGRAM.FILE {C:/Users/user/Desktop/nisan/TX_1byte_tlast_enabled/alex.runs/impl_1/fpga.bit} [get_hw_devices xc7k325t_0]
program_hw_devices [get_hw_devices xc7k325t_0]
INFO: [Labtools 27-3164] End of startup status: HIGH
program_hw_devices: Time (s): cpu = 00:00:06 ; elapsed = 00:00:05 . Memory (MB): peak = 2932.777 ; gain = 0.000
refresh_hw_device [lindex [get_hw_devices xc7k325t_0] 0]
INFO: [Labtools 27-1434] Device xc7k325t (JTAG device index = 0) is programmed with a design that has no supported debug core(s) in it.
reset_run impl_1 -prev_step 
launch_runs impl_1 -to_step write_bitstream -jobs 6
INFO: [Vivado 12-4149] The synthesis checkpoint for IP 'C:/Users/user/Desktop/nisan/TX_1byte_tlast_enabled/alex.srcs/sources_1/ip/clk_wiz_0/clk_wiz_0.xci' is already up-to-date
WARNING: [Vivado 12-872] Run step 'Design Initialization' is out-of-date.
[Thu May 13 21:10:23 2021] Launched impl_1...
Run output will be captured here: C:/Users/user/Desktop/nisan/TX_1byte_tlast_enabled/alex.runs/impl_1/runme.log
reset_run synth_1
launch_runs impl_1 -to_step write_bitstream -jobs 6
INFO: [Vivado 12-4149] The synthesis checkpoint for IP 'C:/Users/user/Desktop/nisan/TX_1byte_tlast_enabled/alex.srcs/sources_1/ip/clk_wiz_0/clk_wiz_0.xci' is already up-to-date
[Thu May 13 21:11:31 2021] Launched synth_1...
Run output will be captured here: C:/Users/user/Desktop/nisan/TX_1byte_tlast_enabled/alex.runs/synth_1/runme.log
[Thu May 13 21:11:31 2021] Launched impl_1...
Run output will be captured here: C:/Users/user/Desktop/nisan/TX_1byte_tlast_enabled/alex.runs/impl_1/runme.log
set_property PROBES.FILE {} [get_hw_devices xc7k325t_0]
set_property FULL_PROBES.FILE {} [get_hw_devices xc7k325t_0]
set_property PROGRAM.FILE {C:/Users/user/Desktop/nisan/TX_1byte_tlast_enabled/alex.runs/impl_1/fpga.bit} [get_hw_devices xc7k325t_0]
program_hw_devices [get_hw_devices xc7k325t_0]
INFO: [Labtools 27-3164] End of startup status: HIGH
program_hw_devices: Time (s): cpu = 00:00:05 ; elapsed = 00:00:05 . Memory (MB): peak = 2932.777 ; gain = 0.000
refresh_hw_device [lindex [get_hw_devices xc7k325t_0] 0]
INFO: [Labtools 27-1434] Device xc7k325t (JTAG device index = 0) is programmed with a design that has no supported debug core(s) in it.
reset_run impl_1 -prev_step 
launch_runs impl_1 -to_step write_bitstream -jobs 6
INFO: [Vivado 12-4149] The synthesis checkpoint for IP 'C:/Users/user/Desktop/nisan/TX_1byte_tlast_enabled/alex.srcs/sources_1/ip/clk_wiz_0/clk_wiz_0.xci' is already up-to-date
WARNING: [Vivado 12-872] Run step 'Design Initialization' is out-of-date.
[Thu May 13 21:17:37 2021] Launched impl_1...
Run output will be captured here: C:/Users/user/Desktop/nisan/TX_1byte_tlast_enabled/alex.runs/impl_1/runme.log
reset_run synth_1
launch_runs impl_1 -to_step write_bitstream -jobs 6
INFO: [Vivado 12-4149] The synthesis checkpoint for IP 'C:/Users/user/Desktop/nisan/TX_1byte_tlast_enabled/alex.srcs/sources_1/ip/clk_wiz_0/clk_wiz_0.xci' is already up-to-date
[Thu May 13 21:18:39 2021] Launched synth_1...
Run output will be captured here: C:/Users/user/Desktop/nisan/TX_1byte_tlast_enabled/alex.runs/synth_1/runme.log
[Thu May 13 21:18:39 2021] Launched impl_1...
Run output will be captured here: C:/Users/user/Desktop/nisan/TX_1byte_tlast_enabled/alex.runs/impl_1/runme.log
set_property PROBES.FILE {} [get_hw_devices xc7k325t_0]
set_property FULL_PROBES.FILE {} [get_hw_devices xc7k325t_0]
set_property PROGRAM.FILE {C:/Users/user/Desktop/nisan/TX_1byte_tlast_enabled/alex.runs/impl_1/fpga.bit} [get_hw_devices xc7k325t_0]
program_hw_devices [get_hw_devices xc7k325t_0]
INFO: [Labtools 27-3164] End of startup status: HIGH
program_hw_devices: Time (s): cpu = 00:00:05 ; elapsed = 00:00:05 . Memory (MB): peak = 2941.113 ; gain = 0.000
refresh_hw_device [lindex [get_hw_devices xc7k325t_0] 0]
INFO: [Labtools 27-1434] Device xc7k325t (JTAG device index = 0) is programmed with a design that has no supported debug core(s) in it.
reset_run impl_1 -prev_step 
launch_runs impl_1 -to_step write_bitstream -jobs 6
INFO: [Vivado 12-4149] The synthesis checkpoint for IP 'C:/Users/user/Desktop/nisan/TX_1byte_tlast_enabled/alex.srcs/sources_1/ip/clk_wiz_0/clk_wiz_0.xci' is already up-to-date
WARNING: [Vivado 12-872] Run step 'Design Initialization' is out-of-date.
[Thu May 13 21:27:21 2021] Launched impl_1...
Run output will be captured here: C:/Users/user/Desktop/nisan/TX_1byte_tlast_enabled/alex.runs/impl_1/runme.log
reset_run synth_1
launch_runs impl_1 -to_step write_bitstream -jobs 6
INFO: [Vivado 12-4149] The synthesis checkpoint for IP 'C:/Users/user/Desktop/nisan/TX_1byte_tlast_enabled/alex.srcs/sources_1/ip/clk_wiz_0/clk_wiz_0.xci' is already up-to-date
[Thu May 13 21:32:00 2021] Launched synth_1...
Run output will be captured here: C:/Users/user/Desktop/nisan/TX_1byte_tlast_enabled/alex.runs/synth_1/runme.log
[Thu May 13 21:32:00 2021] Launched impl_1...
Run output will be captured here: C:/Users/user/Desktop/nisan/TX_1byte_tlast_enabled/alex.runs/impl_1/runme.log
set_property PROBES.FILE {} [get_hw_devices xc7k325t_0]
set_property FULL_PROBES.FILE {} [get_hw_devices xc7k325t_0]
set_property PROGRAM.FILE {C:/Users/user/Desktop/nisan/TX_1byte_tlast_enabled/alex.runs/impl_1/fpga.bit} [get_hw_devices xc7k325t_0]
program_hw_devices [get_hw_devices xc7k325t_0]
INFO: [Labtools 27-3164] End of startup status: HIGH
program_hw_devices: Time (s): cpu = 00:00:06 ; elapsed = 00:00:05 . Memory (MB): peak = 2941.113 ; gain = 0.000
refresh_hw_device [lindex [get_hw_devices xc7k325t_0] 0]
INFO: [Labtools 27-1434] Device xc7k325t (JTAG device index = 0) is programmed with a design that has no supported debug core(s) in it.
reset_run impl_1 -prev_step 
launch_runs impl_1 -to_step write_bitstream -jobs 6
INFO: [Vivado 12-4149] The synthesis checkpoint for IP 'C:/Users/user/Desktop/nisan/TX_1byte_tlast_enabled/alex.srcs/sources_1/ip/clk_wiz_0/clk_wiz_0.xci' is already up-to-date
WARNING: [Vivado 12-872] Run step 'Design Initialization' is out-of-date.
[Thu May 13 21:40:31 2021] Launched impl_1...
Run output will be captured here: C:/Users/user/Desktop/nisan/TX_1byte_tlast_enabled/alex.runs/impl_1/runme.log
reset_run synth_1
launch_runs impl_1 -to_step write_bitstream -jobs 6
INFO: [Vivado 12-4149] The synthesis checkpoint for IP 'C:/Users/user/Desktop/nisan/TX_1byte_tlast_enabled/alex.srcs/sources_1/ip/clk_wiz_0/clk_wiz_0.xci' is already up-to-date
[Thu May 13 21:41:43 2021] Launched synth_1...
Run output will be captured here: C:/Users/user/Desktop/nisan/TX_1byte_tlast_enabled/alex.runs/synth_1/runme.log
[Thu May 13 21:41:43 2021] Launched impl_1...
Run output will be captured here: C:/Users/user/Desktop/nisan/TX_1byte_tlast_enabled/alex.runs/impl_1/runme.log
set_property PROBES.FILE {} [get_hw_devices xc7k325t_0]
set_property FULL_PROBES.FILE {} [get_hw_devices xc7k325t_0]
set_property PROGRAM.FILE {C:/Users/user/Desktop/nisan/TX_1byte_tlast_enabled/alex.runs/impl_1/fpga.bit} [get_hw_devices xc7k325t_0]
program_hw_devices [get_hw_devices xc7k325t_0]
INFO: [Labtools 27-3164] End of startup status: HIGH
program_hw_devices: Time (s): cpu = 00:00:05 ; elapsed = 00:00:05 . Memory (MB): peak = 2941.113 ; gain = 0.000
refresh_hw_device [lindex [get_hw_devices xc7k325t_0] 0]
INFO: [Labtools 27-1434] Device xc7k325t (JTAG device index = 0) is programmed with a design that has no supported debug core(s) in it.
set_property PROBES.FILE {} [get_hw_devices xc7k325t_0]
set_property FULL_PROBES.FILE {} [get_hw_devices xc7k325t_0]
set_property PROGRAM.FILE {C:/Users/user/Desktop/nisan/TX_1byte_tlast_enabled/alex.runs/impl_1/fpga.bit} [get_hw_devices xc7k325t_0]
program_hw_devices [get_hw_devices xc7k325t_0]
INFO: [Labtools 27-3164] End of startup status: HIGH
program_hw_devices: Time (s): cpu = 00:00:05 ; elapsed = 00:00:05 . Memory (MB): peak = 2941.953 ; gain = 0.000
refresh_hw_device [lindex [get_hw_devices xc7k325t_0] 0]
INFO: [Labtools 27-1434] Device xc7k325t (JTAG device index = 0) is programmed with a design that has no supported debug core(s) in it.
set_property PROBES.FILE {} [get_hw_devices xc7k325t_0]
set_property FULL_PROBES.FILE {} [get_hw_devices xc7k325t_0]
set_property PROGRAM.FILE {C:/Users/user/Desktop/nisan/TX_1byte_tlast_enabled/alex.runs/impl_1/fpga.bit} [get_hw_devices xc7k325t_0]
program_hw_devices [get_hw_devices xc7k325t_0]
INFO: [Labtools 27-3164] End of startup status: HIGH
program_hw_devices: Time (s): cpu = 00:00:06 ; elapsed = 00:00:05 . Memory (MB): peak = 2941.953 ; gain = 0.000
refresh_hw_device [lindex [get_hw_devices xc7k325t_0] 0]
INFO: [Labtools 27-1434] Device xc7k325t (JTAG device index = 0) is programmed with a design that has no supported debug core(s) in it.
set_property PROBES.FILE {} [get_hw_devices xc7k325t_0]
set_property FULL_PROBES.FILE {} [get_hw_devices xc7k325t_0]
set_property PROGRAM.FILE {C:/Users/user/Desktop/nisan/TX_1byte_tlast_enabled/alex.runs/impl_1/fpga.bit} [get_hw_devices xc7k325t_0]
program_hw_devices [get_hw_devices xc7k325t_0]
INFO: [Labtools 27-3164] End of startup status: HIGH
program_hw_devices: Time (s): cpu = 00:00:06 ; elapsed = 00:00:05 . Memory (MB): peak = 2941.953 ; gain = 0.000
refresh_hw_device [lindex [get_hw_devices xc7k325t_0] 0]
INFO: [Labtools 27-1434] Device xc7k325t (JTAG device index = 0) is programmed with a design that has no supported debug core(s) in it.
set_property PROBES.FILE {} [get_hw_devices xc7k325t_0]
set_property FULL_PROBES.FILE {} [get_hw_devices xc7k325t_0]
set_property PROGRAM.FILE {C:/Users/user/Desktop/nisan/TX_1byte_tlast_enabled/alex.runs/impl_1/fpga.bit} [get_hw_devices xc7k325t_0]
program_hw_devices [get_hw_devices xc7k325t_0]
INFO: [Labtools 27-3164] End of startup status: HIGH
program_hw_devices: Time (s): cpu = 00:00:06 ; elapsed = 00:00:05 . Memory (MB): peak = 2941.953 ; gain = 0.000
refresh_hw_device [lindex [get_hw_devices xc7k325t_0] 0]
INFO: [Labtools 27-1434] Device xc7k325t (JTAG device index = 0) is programmed with a design that has no supported debug core(s) in it.
set_property PROBES.FILE {} [get_hw_devices xc7k325t_0]
set_property FULL_PROBES.FILE {} [get_hw_devices xc7k325t_0]
set_property PROGRAM.FILE {C:/Users/user/Desktop/nisan/TX_1byte_tlast_enabled/alex.runs/impl_1/fpga.bit} [get_hw_devices xc7k325t_0]
program_hw_devices [get_hw_devices xc7k325t_0]
INFO: [Labtools 27-3164] End of startup status: HIGH
program_hw_devices: Time (s): cpu = 00:00:06 ; elapsed = 00:00:05 . Memory (MB): peak = 2941.953 ; gain = 0.000
refresh_hw_device [lindex [get_hw_devices xc7k325t_0] 0]
INFO: [Labtools 27-1434] Device xc7k325t (JTAG device index = 0) is programmed with a design that has no supported debug core(s) in it.
set_property PROBES.FILE {} [get_hw_devices xc7k325t_0]
set_property FULL_PROBES.FILE {} [get_hw_devices xc7k325t_0]
set_property PROGRAM.FILE {C:/Users/user/Desktop/nisan/TX_1byte_tlast_enabled/alex.runs/impl_1/fpga.bit} [get_hw_devices xc7k325t_0]
program_hw_devices [get_hw_devices xc7k325t_0]
INFO: [Labtools 27-3164] End of startup status: HIGH
program_hw_devices: Time (s): cpu = 00:00:05 ; elapsed = 00:00:05 . Memory (MB): peak = 2941.953 ; gain = 0.000
refresh_hw_device [lindex [get_hw_devices xc7k325t_0] 0]
INFO: [Labtools 27-1434] Device xc7k325t (JTAG device index = 0) is programmed with a design that has no supported debug core(s) in it.
set_property PROBES.FILE {} [get_hw_devices xc7k325t_0]
set_property FULL_PROBES.FILE {} [get_hw_devices xc7k325t_0]
set_property PROGRAM.FILE {C:/Users/user/Desktop/nisan/TX_1byte_tlast_enabled/alex.runs/impl_1/fpga.bit} [get_hw_devices xc7k325t_0]
program_hw_devices [get_hw_devices xc7k325t_0]
INFO: [Labtools 27-3164] End of startup status: HIGH
program_hw_devices: Time (s): cpu = 00:00:05 ; elapsed = 00:00:05 . Memory (MB): peak = 2941.953 ; gain = 0.000
refresh_hw_device [lindex [get_hw_devices xc7k325t_0] 0]
INFO: [Labtools 27-1434] Device xc7k325t (JTAG device index = 0) is programmed with a design that has no supported debug core(s) in it.
set_property PROBES.FILE {} [get_hw_devices xc7k325t_0]
set_property FULL_PROBES.FILE {} [get_hw_devices xc7k325t_0]
set_property PROGRAM.FILE {C:/Users/user/Desktop/nisan/TX_1byte_tlast_enabled/alex.runs/impl_1/fpga.bit} [get_hw_devices xc7k325t_0]
program_hw_devices [get_hw_devices xc7k325t_0]
INFO: [Labtools 27-3164] End of startup status: HIGH
program_hw_devices: Time (s): cpu = 00:00:05 ; elapsed = 00:00:06 . Memory (MB): peak = 2942.305 ; gain = 0.000
refresh_hw_device [lindex [get_hw_devices xc7k325t_0] 0]
INFO: [Labtools 27-1434] Device xc7k325t (JTAG device index = 0) is programmed with a design that has no supported debug core(s) in it.
set_property PROBES.FILE {} [get_hw_devices xc7k325t_0]
set_property FULL_PROBES.FILE {} [get_hw_devices xc7k325t_0]
set_property PROGRAM.FILE {C:/Users/user/Desktop/nisan/TX_1byte_tlast_enabled/alex.runs/impl_1/fpga.bit} [get_hw_devices xc7k325t_0]
program_hw_devices [get_hw_devices xc7k325t_0]
INFO: [Labtools 27-3164] End of startup status: HIGH
program_hw_devices: Time (s): cpu = 00:00:06 ; elapsed = 00:00:05 . Memory (MB): peak = 2942.305 ; gain = 0.000
refresh_hw_device [lindex [get_hw_devices xc7k325t_0] 0]
INFO: [Labtools 27-1434] Device xc7k325t (JTAG device index = 0) is programmed with a design that has no supported debug core(s) in it.
reset_run impl_1 -prev_step 
launch_runs impl_1 -to_step write_bitstream -jobs 6
INFO: [Vivado 12-4149] The synthesis checkpoint for IP 'C:/Users/user/Desktop/nisan/TX_1byte_tlast_enabled/alex.srcs/sources_1/ip/clk_wiz_0/clk_wiz_0.xci' is already up-to-date
WARNING: [Vivado 12-872] Run step 'Design Initialization' is out-of-date.
[Thu May 13 22:54:22 2021] Launched impl_1...
Run output will be captured here: C:/Users/user/Desktop/nisan/TX_1byte_tlast_enabled/alex.runs/impl_1/runme.log
reset_run synth_1
launch_runs impl_1 -to_step write_bitstream -jobs 6
INFO: [Vivado 12-4149] The synthesis checkpoint for IP 'C:/Users/user/Desktop/nisan/TX_1byte_tlast_enabled/alex.srcs/sources_1/ip/clk_wiz_0/clk_wiz_0.xci' is already up-to-date
[Thu May 13 22:57:12 2021] Launched synth_1...
Run output will be captured here: C:/Users/user/Desktop/nisan/TX_1byte_tlast_enabled/alex.runs/synth_1/runme.log
[Thu May 13 22:57:12 2021] Launched impl_1...
Run output will be captured here: C:/Users/user/Desktop/nisan/TX_1byte_tlast_enabled/alex.runs/impl_1/runme.log
set_property PROBES.FILE {} [get_hw_devices xc7k325t_0]
set_property FULL_PROBES.FILE {} [get_hw_devices xc7k325t_0]
set_property PROGRAM.FILE {C:/Users/user/Desktop/nisan/TX_1byte_tlast_enabled/alex.runs/impl_1/fpga.bit} [get_hw_devices xc7k325t_0]
program_hw_devices [get_hw_devices xc7k325t_0]
INFO: [Labtools 27-3164] End of startup status: HIGH
program_hw_devices: Time (s): cpu = 00:00:06 ; elapsed = 00:00:05 . Memory (MB): peak = 2942.305 ; gain = 0.000
refresh_hw_device [lindex [get_hw_devices xc7k325t_0] 0]
INFO: [Labtools 27-1434] Device xc7k325t (JTAG device index = 0) is programmed with a design that has no supported debug core(s) in it.
set_property PROBES.FILE {} [get_hw_devices xc7k325t_0]
set_property FULL_PROBES.FILE {} [get_hw_devices xc7k325t_0]
set_property PROGRAM.FILE {C:/Users/user/Desktop/nisan/TX_1byte_tlast_enabled/alex.runs/impl_1/fpga.bit} [get_hw_devices xc7k325t_0]
program_hw_devices [get_hw_devices xc7k325t_0]
INFO: [Labtools 27-3164] End of startup status: HIGH
program_hw_devices: Time (s): cpu = 00:00:05 ; elapsed = 00:00:05 . Memory (MB): peak = 2942.305 ; gain = 0.000
refresh_hw_device [lindex [get_hw_devices xc7k325t_0] 0]
INFO: [Labtools 27-1434] Device xc7k325t (JTAG device index = 0) is programmed with a design that has no supported debug core(s) in it.
set_property PROBES.FILE {} [get_hw_devices xc7k325t_0]
set_property FULL_PROBES.FILE {} [get_hw_devices xc7k325t_0]
set_property PROGRAM.FILE {C:/Users/user/Desktop/nisan/TX_1byte_tlast_enabled/alex.runs/impl_1/fpga.bit} [get_hw_devices xc7k325t_0]
program_hw_devices [get_hw_devices xc7k325t_0]
INFO: [Labtools 27-3164] End of startup status: HIGH
program_hw_devices: Time (s): cpu = 00:00:05 ; elapsed = 00:00:05 . Memory (MB): peak = 2947.055 ; gain = 0.000
refresh_hw_device [lindex [get_hw_devices xc7k325t_0] 0]
INFO: [Labtools 27-1434] Device xc7k325t (JTAG device index = 0) is programmed with a design that has no supported debug core(s) in it.
reset_run impl_1 -prev_step 
launch_runs impl_1 -to_step write_bitstream -jobs 6
INFO: [Vivado 12-4149] The synthesis checkpoint for IP 'C:/Users/user/Desktop/nisan/TX_1byte_tlast_enabled/alex.srcs/sources_1/ip/clk_wiz_0/clk_wiz_0.xci' is already up-to-date
[Thu May 13 23:39:40 2021] Launched impl_1...
Run output will be captured here: C:/Users/user/Desktop/nisan/TX_1byte_tlast_enabled/alex.runs/impl_1/runme.log
set_property PROBES.FILE {} [get_hw_devices xc7k325t_0]
set_property FULL_PROBES.FILE {} [get_hw_devices xc7k325t_0]
set_property PROGRAM.FILE {C:/Users/user/Desktop/nisan/TX_1byte_tlast_enabled/alex.runs/impl_1/fpga.bit} [get_hw_devices xc7k325t_0]
program_hw_devices [get_hw_devices xc7k325t_0]
INFO: [Labtools 27-3164] End of startup status: HIGH
program_hw_devices: Time (s): cpu = 00:00:05 ; elapsed = 00:00:05 . Memory (MB): peak = 2947.055 ; gain = 0.000
refresh_hw_device [lindex [get_hw_devices xc7k325t_0] 0]
INFO: [Labtools 27-1434] Device xc7k325t (JTAG device index = 0) is programmed with a design that has no supported debug core(s) in it.
reset_run impl_1 -prev_step 
launch_runs impl_1 -to_step write_bitstream -jobs 6
INFO: [Vivado 12-4149] The synthesis checkpoint for IP 'C:/Users/user/Desktop/nisan/TX_1byte_tlast_enabled/alex.srcs/sources_1/ip/clk_wiz_0/clk_wiz_0.xci' is already up-to-date
WARNING: [Vivado 12-872] Run step 'Design Initialization' is out-of-date.
[Thu May 13 23:43:05 2021] Launched impl_1...
Run output will be captured here: C:/Users/user/Desktop/nisan/TX_1byte_tlast_enabled/alex.runs/impl_1/runme.log
set_property PROBES.FILE {} [get_hw_devices xc7k325t_0]
set_property FULL_PROBES.FILE {} [get_hw_devices xc7k325t_0]
set_property PROGRAM.FILE {C:/Users/user/Desktop/nisan/TX_1byte_tlast_enabled/alex.runs/impl_1/fpga.bit} [get_hw_devices xc7k325t_0]
program_hw_devices [get_hw_devices xc7k325t_0]
INFO: [Labtools 27-3164] End of startup status: HIGH
program_hw_devices: Time (s): cpu = 00:00:05 ; elapsed = 00:00:05 . Memory (MB): peak = 2947.055 ; gain = 0.000
refresh_hw_device [lindex [get_hw_devices xc7k325t_0] 0]
INFO: [Labtools 27-1434] Device xc7k325t (JTAG device index = 0) is programmed with a design that has no supported debug core(s) in it.
reset_run synth_1
launch_runs impl_1 -to_step write_bitstream -jobs 6
INFO: [Vivado 12-4149] The synthesis checkpoint for IP 'C:/Users/user/Desktop/nisan/TX_1byte_tlast_enabled/alex.srcs/sources_1/ip/clk_wiz_0/clk_wiz_0.xci' is already up-to-date
[Thu May 13 23:50:21 2021] Launched synth_1...
Run output will be captured here: C:/Users/user/Desktop/nisan/TX_1byte_tlast_enabled/alex.runs/synth_1/runme.log
[Thu May 13 23:50:21 2021] Launched impl_1...
Run output will be captured here: C:/Users/user/Desktop/nisan/TX_1byte_tlast_enabled/alex.runs/impl_1/runme.log
set_property PROBES.FILE {} [get_hw_devices xc7k325t_0]
set_property FULL_PROBES.FILE {} [get_hw_devices xc7k325t_0]
set_property PROGRAM.FILE {C:/Users/user/Desktop/nisan/TX_1byte_tlast_enabled/alex.runs/impl_1/fpga.bit} [get_hw_devices xc7k325t_0]
program_hw_devices [get_hw_devices xc7k325t_0]
INFO: [Labtools 27-3164] End of startup status: HIGH
program_hw_devices: Time (s): cpu = 00:00:06 ; elapsed = 00:00:06 . Memory (MB): peak = 2949.426 ; gain = 0.000
refresh_hw_device [lindex [get_hw_devices xc7k325t_0] 0]
INFO: [Labtools 27-1434] Device xc7k325t (JTAG device index = 0) is programmed with a design that has no supported debug core(s) in it.
reset_run impl_1 -prev_step 
launch_runs impl_1 -to_step write_bitstream -jobs 6
INFO: [Vivado 12-4149] The synthesis checkpoint for IP 'C:/Users/user/Desktop/nisan/TX_1byte_tlast_enabled/alex.srcs/sources_1/ip/clk_wiz_0/clk_wiz_0.xci' is already up-to-date
WARNING: [Vivado 12-872] Run step 'Design Initialization' is out-of-date.
[Fri May 14 00:02:40 2021] Launched impl_1...
Run output will be captured here: C:/Users/user/Desktop/nisan/TX_1byte_tlast_enabled/alex.runs/impl_1/runme.log
reset_run synth_1
launch_runs impl_1 -to_step write_bitstream -jobs 6
INFO: [Vivado 12-4149] The synthesis checkpoint for IP 'C:/Users/user/Desktop/nisan/TX_1byte_tlast_enabled/alex.srcs/sources_1/ip/clk_wiz_0/clk_wiz_0.xci' is already up-to-date
[Fri May 14 00:06:03 2021] Launched synth_1...
Run output will be captured here: C:/Users/user/Desktop/nisan/TX_1byte_tlast_enabled/alex.runs/synth_1/runme.log
[Fri May 14 00:06:03 2021] Launched impl_1...
Run output will be captured here: C:/Users/user/Desktop/nisan/TX_1byte_tlast_enabled/alex.runs/impl_1/runme.log
set_property PROBES.FILE {} [get_hw_devices xc7k325t_0]
set_property FULL_PROBES.FILE {} [get_hw_devices xc7k325t_0]
set_property PROGRAM.FILE {C:/Users/user/Desktop/nisan/TX_1byte_tlast_enabled/alex.runs/impl_1/fpga.bit} [get_hw_devices xc7k325t_0]
program_hw_devices [get_hw_devices xc7k325t_0]
INFO: [Labtools 27-3164] End of startup status: HIGH
program_hw_devices: Time (s): cpu = 00:00:06 ; elapsed = 00:00:06 . Memory (MB): peak = 2949.426 ; gain = 0.000
refresh_hw_device [lindex [get_hw_devices xc7k325t_0] 0]
INFO: [Labtools 27-1434] Device xc7k325t (JTAG device index = 0) is programmed with a design that has no supported debug core(s) in it.
reset_run impl_1 -prev_step 
launch_runs impl_1 -to_step write_bitstream -jobs 6
INFO: [Vivado 12-4149] The synthesis checkpoint for IP 'C:/Users/user/Desktop/nisan/TX_1byte_tlast_enabled/alex.srcs/sources_1/ip/clk_wiz_0/clk_wiz_0.xci' is already up-to-date
WARNING: [Vivado 12-872] Run step 'Design Initialization' is out-of-date.
[Fri May 14 00:12:27 2021] Launched impl_1...
Run output will be captured here: C:/Users/user/Desktop/nisan/TX_1byte_tlast_enabled/alex.runs/impl_1/runme.log
reset_run synth_1
launch_runs impl_1 -to_step write_bitstream -jobs 6
INFO: [Vivado 12-4149] The synthesis checkpoint for IP 'C:/Users/user/Desktop/nisan/TX_1byte_tlast_enabled/alex.srcs/sources_1/ip/clk_wiz_0/clk_wiz_0.xci' is already up-to-date
[Fri May 14 00:13:51 2021] Launched synth_1...
Run output will be captured here: C:/Users/user/Desktop/nisan/TX_1byte_tlast_enabled/alex.runs/synth_1/runme.log
[Fri May 14 00:13:51 2021] Launched impl_1...
Run output will be captured here: C:/Users/user/Desktop/nisan/TX_1byte_tlast_enabled/alex.runs/impl_1/runme.log
set_property PROBES.FILE {} [get_hw_devices xc7k325t_0]
set_property FULL_PROBES.FILE {} [get_hw_devices xc7k325t_0]
set_property PROGRAM.FILE {C:/Users/user/Desktop/nisan/TX_1byte_tlast_enabled/alex.runs/impl_1/fpga.bit} [get_hw_devices xc7k325t_0]
program_hw_devices [get_hw_devices xc7k325t_0]
INFO: [Labtools 27-3164] End of startup status: HIGH
program_hw_devices: Time (s): cpu = 00:00:05 ; elapsed = 00:00:06 . Memory (MB): peak = 2949.426 ; gain = 0.000
refresh_hw_device [lindex [get_hw_devices xc7k325t_0] 0]
INFO: [Labtools 27-1434] Device xc7k325t (JTAG device index = 0) is programmed with a design that has no supported debug core(s) in it.
reset_run impl_1 -prev_step 
launch_runs impl_1 -to_step write_bitstream -jobs 6
INFO: [Vivado 12-4149] The synthesis checkpoint for IP 'C:/Users/user/Desktop/nisan/TX_1byte_tlast_enabled/alex.srcs/sources_1/ip/clk_wiz_0/clk_wiz_0.xci' is already up-to-date
WARNING: [Vivado 12-872] Run step 'Design Initialization' is out-of-date.
[Fri May 14 00:21:42 2021] Launched impl_1...
Run output will be captured here: C:/Users/user/Desktop/nisan/TX_1byte_tlast_enabled/alex.runs/impl_1/runme.log
reset_run synth_1
launch_runs impl_1 -to_step write_bitstream -jobs 6
INFO: [Vivado 12-4149] The synthesis checkpoint for IP 'C:/Users/user/Desktop/nisan/TX_1byte_tlast_enabled/alex.srcs/sources_1/ip/clk_wiz_0/clk_wiz_0.xci' is already up-to-date
[Fri May 14 00:23:05 2021] Launched synth_1...
Run output will be captured here: C:/Users/user/Desktop/nisan/TX_1byte_tlast_enabled/alex.runs/synth_1/runme.log
[Fri May 14 00:23:05 2021] Launched impl_1...
Run output will be captured here: C:/Users/user/Desktop/nisan/TX_1byte_tlast_enabled/alex.runs/impl_1/runme.log
set_property PROBES.FILE {} [get_hw_devices xc7k325t_0]
set_property FULL_PROBES.FILE {} [get_hw_devices xc7k325t_0]
set_property PROGRAM.FILE {C:/Users/user/Desktop/nisan/TX_1byte_tlast_enabled/alex.runs/impl_1/fpga.bit} [get_hw_devices xc7k325t_0]
program_hw_devices [get_hw_devices xc7k325t_0]
INFO: [Labtools 27-3164] End of startup status: HIGH
program_hw_devices: Time (s): cpu = 00:00:06 ; elapsed = 00:00:06 . Memory (MB): peak = 2950.430 ; gain = 0.000
refresh_hw_device [lindex [get_hw_devices xc7k325t_0] 0]
INFO: [Labtools 27-1434] Device xc7k325t (JTAG device index = 0) is programmed with a design that has no supported debug core(s) in it.
set_property PROBES.FILE {} [get_hw_devices xc7k325t_0]
set_property FULL_PROBES.FILE {} [get_hw_devices xc7k325t_0]
set_property PROGRAM.FILE {C:/Users/user/Desktop/nisan/TX_1byte_tlast_enabled/alex.runs/impl_1/fpga.bit} [get_hw_devices xc7k325t_0]
program_hw_devices [get_hw_devices xc7k325t_0]
INFO: [Labtools 27-3164] End of startup status: HIGH
program_hw_devices: Time (s): cpu = 00:00:06 ; elapsed = 00:00:06 . Memory (MB): peak = 2950.430 ; gain = 0.000
refresh_hw_device [lindex [get_hw_devices xc7k325t_0] 0]
INFO: [Labtools 27-1434] Device xc7k325t (JTAG device index = 0) is programmed with a design that has no supported debug core(s) in it.
reset_run impl_1 -prev_step 
launch_runs impl_1 -to_step write_bitstream -jobs 6
INFO: [Vivado 12-4149] The synthesis checkpoint for IP 'C:/Users/user/Desktop/nisan/TX_1byte_tlast_enabled/alex.srcs/sources_1/ip/clk_wiz_0/clk_wiz_0.xci' is already up-to-date
WARNING: [Vivado 12-872] Run step 'Design Initialization' is out-of-date.
[Fri May 14 00:30:05 2021] Launched impl_1...
Run output will be captured here: C:/Users/user/Desktop/nisan/TX_1byte_tlast_enabled/alex.runs/impl_1/runme.log
reset_run synth_1
launch_runs impl_1 -to_step write_bitstream -jobs 6
INFO: [Vivado 12-4149] The synthesis checkpoint for IP 'C:/Users/user/Desktop/nisan/TX_1byte_tlast_enabled/alex.srcs/sources_1/ip/clk_wiz_0/clk_wiz_0.xci' is already up-to-date
[Fri May 14 00:31:16 2021] Launched synth_1...
Run output will be captured here: C:/Users/user/Desktop/nisan/TX_1byte_tlast_enabled/alex.runs/synth_1/runme.log
[Fri May 14 00:31:16 2021] Launched impl_1...
Run output will be captured here: C:/Users/user/Desktop/nisan/TX_1byte_tlast_enabled/alex.runs/impl_1/runme.log
reset_run impl_1 -prev_step 
launch_runs impl_1 -to_step write_bitstream -jobs 6
INFO: [Vivado 12-4149] The synthesis checkpoint for IP 'C:/Users/user/Desktop/nisan/TX_1byte_tlast_enabled/alex.srcs/sources_1/ip/clk_wiz_0/clk_wiz_0.xci' is already up-to-date
[Fri May 14 00:34:23 2021] Launched impl_1...
Run output will be captured here: C:/Users/user/Desktop/nisan/TX_1byte_tlast_enabled/alex.runs/impl_1/runme.log
set_property PROBES.FILE {} [get_hw_devices xc7k325t_0]
set_property FULL_PROBES.FILE {} [get_hw_devices xc7k325t_0]
set_property PROGRAM.FILE {C:/Users/user/Desktop/nisan/TX_1byte_tlast_enabled/alex.runs/impl_1/fpga.bit} [get_hw_devices xc7k325t_0]
program_hw_devices [get_hw_devices xc7k325t_0]
INFO: [Labtools 27-3164] End of startup status: HIGH
program_hw_devices: Time (s): cpu = 00:00:06 ; elapsed = 00:00:06 . Memory (MB): peak = 2950.430 ; gain = 0.000
refresh_hw_device [lindex [get_hw_devices xc7k325t_0] 0]
INFO: [Labtools 27-1434] Device xc7k325t (JTAG device index = 0) is programmed with a design that has no supported debug core(s) in it.
reset_run impl_1 -prev_step 
launch_runs impl_1 -to_step write_bitstream -jobs 6
INFO: [Vivado 12-4149] The synthesis checkpoint for IP 'C:/Users/user/Desktop/nisan/TX_1byte_tlast_enabled/alex.srcs/sources_1/ip/clk_wiz_0/clk_wiz_0.xci' is already up-to-date
WARNING: [Vivado 12-872] Run step 'Design Initialization' is out-of-date.
[Fri May 14 00:38:10 2021] Launched impl_1...
Run output will be captured here: C:/Users/user/Desktop/nisan/TX_1byte_tlast_enabled/alex.runs/impl_1/runme.log
reset_run synth_1
launch_runs impl_1 -to_step write_bitstream -jobs 6
INFO: [Vivado 12-4149] The synthesis checkpoint for IP 'C:/Users/user/Desktop/nisan/TX_1byte_tlast_enabled/alex.srcs/sources_1/ip/clk_wiz_0/clk_wiz_0.xci' is already up-to-date
[Fri May 14 00:41:58 2021] Launched synth_1...
Run output will be captured here: C:/Users/user/Desktop/nisan/TX_1byte_tlast_enabled/alex.runs/synth_1/runme.log
[Fri May 14 00:41:58 2021] Launched impl_1...
Run output will be captured here: C:/Users/user/Desktop/nisan/TX_1byte_tlast_enabled/alex.runs/impl_1/runme.log
set_property PROBES.FILE {} [get_hw_devices xc7k325t_0]
set_property FULL_PROBES.FILE {} [get_hw_devices xc7k325t_0]
set_property PROGRAM.FILE {C:/Users/user/Desktop/nisan/TX_1byte_tlast_enabled/alex.runs/impl_1/fpga.bit} [get_hw_devices xc7k325t_0]
program_hw_devices [get_hw_devices xc7k325t_0]
INFO: [Labtools 27-3164] End of startup status: HIGH
program_hw_devices: Time (s): cpu = 00:00:07 ; elapsed = 00:00:06 . Memory (MB): peak = 2950.430 ; gain = 0.000
refresh_hw_device [lindex [get_hw_devices xc7k325t_0] 0]
INFO: [Labtools 27-1434] Device xc7k325t (JTAG device index = 0) is programmed with a design that has no supported debug core(s) in it.
reset_run impl_1 -prev_step 
launch_runs impl_1 -to_step write_bitstream -jobs 6
INFO: [Vivado 12-4149] The synthesis checkpoint for IP 'C:/Users/user/Desktop/nisan/TX_1byte_tlast_enabled/alex.srcs/sources_1/ip/clk_wiz_0/clk_wiz_0.xci' is already up-to-date
WARNING: [Vivado 12-872] Run step 'Design Initialization' is out-of-date.
[Fri May 14 00:50:08 2021] Launched impl_1...
Run output will be captured here: C:/Users/user/Desktop/nisan/TX_1byte_tlast_enabled/alex.runs/impl_1/runme.log
reset_run synth_1
launch_runs impl_1 -to_step write_bitstream -jobs 6
INFO: [Vivado 12-4149] The synthesis checkpoint for IP 'C:/Users/user/Desktop/nisan/TX_1byte_tlast_enabled/alex.srcs/sources_1/ip/clk_wiz_0/clk_wiz_0.xci' is already up-to-date
[Fri May 14 00:51:19 2021] Launched synth_1...
Run output will be captured here: C:/Users/user/Desktop/nisan/TX_1byte_tlast_enabled/alex.runs/synth_1/runme.log
[Fri May 14 00:51:19 2021] Launched impl_1...
Run output will be captured here: C:/Users/user/Desktop/nisan/TX_1byte_tlast_enabled/alex.runs/impl_1/runme.log
set_property PROBES.FILE {} [get_hw_devices xc7k325t_0]
set_property FULL_PROBES.FILE {} [get_hw_devices xc7k325t_0]
set_property PROGRAM.FILE {C:/Users/user/Desktop/nisan/TX_1byte_tlast_enabled/alex.runs/impl_1/fpga.bit} [get_hw_devices xc7k325t_0]
program_hw_devices [get_hw_devices xc7k325t_0]
INFO: [Labtools 27-3164] End of startup status: HIGH
program_hw_devices: Time (s): cpu = 00:00:06 ; elapsed = 00:00:06 . Memory (MB): peak = 2952.484 ; gain = 0.000
refresh_hw_device [lindex [get_hw_devices xc7k325t_0] 0]
INFO: [Labtools 27-1434] Device xc7k325t (JTAG device index = 0) is programmed with a design that has no supported debug core(s) in it.
reset_run impl_1 -prev_step 
launch_runs impl_1 -to_step write_bitstream -jobs 6
INFO: [Vivado 12-4149] The synthesis checkpoint for IP 'C:/Users/user/Desktop/nisan/TX_1byte_tlast_enabled/alex.srcs/sources_1/ip/clk_wiz_0/clk_wiz_0.xci' is already up-to-date
WARNING: [Vivado 12-872] Run step 'Design Initialization' is out-of-date.
[Fri May 14 00:57:10 2021] Launched impl_1...
Run output will be captured here: C:/Users/user/Desktop/nisan/TX_1byte_tlast_enabled/alex.runs/impl_1/runme.log
reset_run synth_1
launch_runs impl_1 -to_step write_bitstream -jobs 6
INFO: [Vivado 12-4149] The synthesis checkpoint for IP 'C:/Users/user/Desktop/nisan/TX_1byte_tlast_enabled/alex.srcs/sources_1/ip/clk_wiz_0/clk_wiz_0.xci' is already up-to-date
[Fri May 14 00:59:52 2021] Launched synth_1...
Run output will be captured here: C:/Users/user/Desktop/nisan/TX_1byte_tlast_enabled/alex.runs/synth_1/runme.log
[Fri May 14 00:59:52 2021] Launched impl_1...
Run output will be captured here: C:/Users/user/Desktop/nisan/TX_1byte_tlast_enabled/alex.runs/impl_1/runme.log
set_property PROBES.FILE {} [get_hw_devices xc7k325t_0]
set_property FULL_PROBES.FILE {} [get_hw_devices xc7k325t_0]
set_property PROGRAM.FILE {C:/Users/user/Desktop/nisan/TX_1byte_tlast_enabled/alex.runs/impl_1/fpga.bit} [get_hw_devices xc7k325t_0]
program_hw_devices [get_hw_devices xc7k325t_0]
INFO: [Labtools 27-3164] End of startup status: HIGH
program_hw_devices: Time (s): cpu = 00:00:06 ; elapsed = 00:00:06 . Memory (MB): peak = 2952.484 ; gain = 0.000
refresh_hw_device [lindex [get_hw_devices xc7k325t_0] 0]
INFO: [Labtools 27-1434] Device xc7k325t (JTAG device index = 0) is programmed with a design that has no supported debug core(s) in it.
reset_run impl_1 -prev_step 
launch_runs impl_1 -to_step write_bitstream -jobs 6
INFO: [Vivado 12-4149] The synthesis checkpoint for IP 'C:/Users/user/Desktop/nisan/TX_1byte_tlast_enabled/alex.srcs/sources_1/ip/clk_wiz_0/clk_wiz_0.xci' is already up-to-date
WARNING: [Vivado 12-872] Run step 'Design Initialization' is out-of-date.
[Fri May 14 01:06:15 2021] Launched impl_1...
Run output will be captured here: C:/Users/user/Desktop/nisan/TX_1byte_tlast_enabled/alex.runs/impl_1/runme.log
reset_run synth_1
launch_runs impl_1 -to_step write_bitstream -jobs 6
INFO: [Vivado 12-4149] The synthesis checkpoint for IP 'C:/Users/user/Desktop/nisan/TX_1byte_tlast_enabled/alex.srcs/sources_1/ip/clk_wiz_0/clk_wiz_0.xci' is already up-to-date
[Fri May 14 01:07:32 2021] Launched synth_1...
Run output will be captured here: C:/Users/user/Desktop/nisan/TX_1byte_tlast_enabled/alex.runs/synth_1/runme.log
[Fri May 14 01:07:32 2021] Launched impl_1...
Run output will be captured here: C:/Users/user/Desktop/nisan/TX_1byte_tlast_enabled/alex.runs/impl_1/runme.log
set_property PROBES.FILE {} [get_hw_devices xc7k325t_0]
set_property FULL_PROBES.FILE {} [get_hw_devices xc7k325t_0]
set_property PROGRAM.FILE {C:/Users/user/Desktop/nisan/TX_1byte_tlast_enabled/alex.runs/impl_1/fpga.bit} [get_hw_devices xc7k325t_0]
program_hw_devices [get_hw_devices xc7k325t_0]
INFO: [Labtools 27-3164] End of startup status: HIGH
program_hw_devices: Time (s): cpu = 00:00:06 ; elapsed = 00:00:11 . Memory (MB): peak = 2952.484 ; gain = 0.000
refresh_hw_device [lindex [get_hw_devices xc7k325t_0] 0]
INFO: [Labtools 27-1434] Device xc7k325t (JTAG device index = 0) is programmed with a design that has no supported debug core(s) in it.
set_property PROBES.FILE {} [get_hw_devices xc7k325t_0]
set_property FULL_PROBES.FILE {} [get_hw_devices xc7k325t_0]
set_property PROGRAM.FILE {C:/Users/user/Desktop/nisan/TX_1byte_tlast_enabled/alex.runs/impl_1/fpga.bit} [get_hw_devices xc7k325t_0]
program_hw_devices [get_hw_devices xc7k325t_0]
INFO: [Labtools 27-3164] End of startup status: HIGH
program_hw_devices: Time (s): cpu = 00:00:06 ; elapsed = 00:00:06 . Memory (MB): peak = 2952.484 ; gain = 0.000
refresh_hw_device [lindex [get_hw_devices xc7k325t_0] 0]
INFO: [Labtools 27-1434] Device xc7k325t (JTAG device index = 0) is programmed with a design that has no supported debug core(s) in it.
reset_run impl_1 -prev_step 
launch_runs impl_1 -to_step write_bitstream -jobs 6
INFO: [Vivado 12-4149] The synthesis checkpoint for IP 'C:/Users/user/Desktop/nisan/TX_1byte_tlast_enabled/alex.srcs/sources_1/ip/clk_wiz_0/clk_wiz_0.xci' is already up-to-date
WARNING: [Vivado 12-872] Run step 'Design Initialization' is out-of-date.
[Fri May 14 01:18:50 2021] Launched impl_1...
Run output will be captured here: C:/Users/user/Desktop/nisan/TX_1byte_tlast_enabled/alex.runs/impl_1/runme.log
reset_run synth_1
launch_runs impl_1 -to_step write_bitstream -jobs 6
INFO: [Vivado 12-4149] The synthesis checkpoint for IP 'C:/Users/user/Desktop/nisan/TX_1byte_tlast_enabled/alex.srcs/sources_1/ip/clk_wiz_0/clk_wiz_0.xci' is already up-to-date
[Fri May 14 01:24:54 2021] Launched synth_1...
Run output will be captured here: C:/Users/user/Desktop/nisan/TX_1byte_tlast_enabled/alex.runs/synth_1/runme.log
[Fri May 14 01:24:54 2021] Launched impl_1...
Run output will be captured here: C:/Users/user/Desktop/nisan/TX_1byte_tlast_enabled/alex.runs/impl_1/runme.log
set_property PROBES.FILE {} [get_hw_devices xc7k325t_0]
set_property FULL_PROBES.FILE {} [get_hw_devices xc7k325t_0]
set_property PROGRAM.FILE {C:/Users/user/Desktop/nisan/TX_1byte_tlast_enabled/alex.runs/impl_1/fpga.bit} [get_hw_devices xc7k325t_0]
program_hw_devices [get_hw_devices xc7k325t_0]
INFO: [Labtools 27-3164] End of startup status: HIGH
program_hw_devices: Time (s): cpu = 00:00:05 ; elapsed = 00:00:05 . Memory (MB): peak = 2955.117 ; gain = 0.000
refresh_hw_device [lindex [get_hw_devices xc7k325t_0] 0]
INFO: [Labtools 27-1434] Device xc7k325t (JTAG device index = 0) is programmed with a design that has no supported debug core(s) in it.
reset_run impl_1 -prev_step 
launch_runs impl_1 -to_step write_bitstream -jobs 6
INFO: [Vivado 12-4149] The synthesis checkpoint for IP 'C:/Users/user/Desktop/nisan/TX_1byte_tlast_enabled/alex.srcs/sources_1/ip/clk_wiz_0/clk_wiz_0.xci' is already up-to-date
WARNING: [Vivado 12-872] Run step 'Design Initialization' is out-of-date.
[Fri May 14 01:29:59 2021] Launched impl_1...
Run output will be captured here: C:/Users/user/Desktop/nisan/TX_1byte_tlast_enabled/alex.runs/impl_1/runme.log
reset_run synth_1
launch_runs impl_1 -to_step write_bitstream -jobs 6
INFO: [Vivado 12-4149] The synthesis checkpoint for IP 'C:/Users/user/Desktop/nisan/TX_1byte_tlast_enabled/alex.srcs/sources_1/ip/clk_wiz_0/clk_wiz_0.xci' is already up-to-date
[Fri May 14 01:34:30 2021] Launched synth_1...
Run output will be captured here: C:/Users/user/Desktop/nisan/TX_1byte_tlast_enabled/alex.runs/synth_1/runme.log
[Fri May 14 01:34:30 2021] Launched impl_1...
Run output will be captured here: C:/Users/user/Desktop/nisan/TX_1byte_tlast_enabled/alex.runs/impl_1/runme.log
set_property PROBES.FILE {} [get_hw_devices xc7k325t_0]
set_property FULL_PROBES.FILE {} [get_hw_devices xc7k325t_0]
set_property PROGRAM.FILE {C:/Users/user/Desktop/nisan/TX_1byte_tlast_enabled/alex.runs/impl_1/fpga.bit} [get_hw_devices xc7k325t_0]
program_hw_devices [get_hw_devices xc7k325t_0]
INFO: [Labtools 27-3164] End of startup status: HIGH
program_hw_devices: Time (s): cpu = 00:00:05 ; elapsed = 00:00:05 . Memory (MB): peak = 2955.117 ; gain = 0.000
refresh_hw_device [lindex [get_hw_devices xc7k325t_0] 0]
INFO: [Labtools 27-1434] Device xc7k325t (JTAG device index = 0) is programmed with a design that has no supported debug core(s) in it.
reset_run impl_1 -prev_step 
launch_runs impl_1 -to_step write_bitstream -jobs 6
INFO: [Vivado 12-4149] The synthesis checkpoint for IP 'C:/Users/user/Desktop/nisan/TX_1byte_tlast_enabled/alex.srcs/sources_1/ip/clk_wiz_0/clk_wiz_0.xci' is already up-to-date
WARNING: [Vivado 12-872] Run step 'Design Initialization' is out-of-date.
[Fri May 14 01:38:49 2021] Launched impl_1...
Run output will be captured here: C:/Users/user/Desktop/nisan/TX_1byte_tlast_enabled/alex.runs/impl_1/runme.log
reset_run synth_1
launch_runs impl_1 -to_step write_bitstream -jobs 6
INFO: [Vivado 12-4149] The synthesis checkpoint for IP 'C:/Users/user/Desktop/nisan/TX_1byte_tlast_enabled/alex.srcs/sources_1/ip/clk_wiz_0/clk_wiz_0.xci' is already up-to-date
[Fri May 14 01:40:03 2021] Launched synth_1...
Run output will be captured here: C:/Users/user/Desktop/nisan/TX_1byte_tlast_enabled/alex.runs/synth_1/runme.log
[Fri May 14 01:40:03 2021] Launched impl_1...
Run output will be captured here: C:/Users/user/Desktop/nisan/TX_1byte_tlast_enabled/alex.runs/impl_1/runme.log
set_property PROBES.FILE {} [get_hw_devices xc7k325t_0]
set_property FULL_PROBES.FILE {} [get_hw_devices xc7k325t_0]
set_property PROGRAM.FILE {C:/Users/user/Desktop/nisan/TX_1byte_tlast_enabled/alex.runs/impl_1/fpga.bit} [get_hw_devices xc7k325t_0]
program_hw_devices [get_hw_devices xc7k325t_0]
INFO: [Labtools 27-3164] End of startup status: HIGH
program_hw_devices: Time (s): cpu = 00:00:06 ; elapsed = 00:00:06 . Memory (MB): peak = 2955.117 ; gain = 0.000
refresh_hw_device [lindex [get_hw_devices xc7k325t_0] 0]
INFO: [Labtools 27-1434] Device xc7k325t (JTAG device index = 0) is programmed with a design that has no supported debug core(s) in it.
reset_run impl_1 -prev_step 
launch_runs impl_1 -to_step write_bitstream -jobs 6
INFO: [Vivado 12-4149] The synthesis checkpoint for IP 'C:/Users/user/Desktop/nisan/TX_1byte_tlast_enabled/alex.srcs/sources_1/ip/clk_wiz_0/clk_wiz_0.xci' is already up-to-date
WARNING: [Vivado 12-872] Run step 'Design Initialization' is out-of-date.
[Fri May 14 01:45:24 2021] Launched impl_1...
Run output will be captured here: C:/Users/user/Desktop/nisan/TX_1byte_tlast_enabled/alex.runs/impl_1/runme.log
reset_run synth_1
launch_runs impl_1 -to_step write_bitstream -jobs 6
INFO: [Vivado 12-4149] The synthesis checkpoint for IP 'C:/Users/user/Desktop/nisan/TX_1byte_tlast_enabled/alex.srcs/sources_1/ip/clk_wiz_0/clk_wiz_0.xci' is already up-to-date
[Fri May 14 01:47:29 2021] Launched synth_1...
Run output will be captured here: C:/Users/user/Desktop/nisan/TX_1byte_tlast_enabled/alex.runs/synth_1/runme.log
[Fri May 14 01:47:29 2021] Launched impl_1...
Run output will be captured here: C:/Users/user/Desktop/nisan/TX_1byte_tlast_enabled/alex.runs/impl_1/runme.log
set_property PROBES.FILE {} [get_hw_devices xc7k325t_0]
set_property FULL_PROBES.FILE {} [get_hw_devices xc7k325t_0]
set_property PROGRAM.FILE {C:/Users/user/Desktop/nisan/TX_1byte_tlast_enabled/alex.runs/impl_1/fpga.bit} [get_hw_devices xc7k325t_0]
program_hw_devices [get_hw_devices xc7k325t_0]
INFO: [Labtools 27-3164] End of startup status: HIGH
program_hw_devices: Time (s): cpu = 00:00:05 ; elapsed = 00:00:06 . Memory (MB): peak = 2956.566 ; gain = 0.000
refresh_hw_device [lindex [get_hw_devices xc7k325t_0] 0]
INFO: [Labtools 27-1434] Device xc7k325t (JTAG device index = 0) is programmed with a design that has no supported debug core(s) in it.
reset_run impl_1 -prev_step 
launch_runs impl_1 -to_step write_bitstream -jobs 6
INFO: [Vivado 12-4149] The synthesis checkpoint for IP 'C:/Users/user/Desktop/nisan/TX_1byte_tlast_enabled/alex.srcs/sources_1/ip/clk_wiz_0/clk_wiz_0.xci' is already up-to-date
WARNING: [Vivado 12-872] Run step 'Design Initialization' is out-of-date.
[Fri May 14 01:55:22 2021] Launched impl_1...
Run output will be captured here: C:/Users/user/Desktop/nisan/TX_1byte_tlast_enabled/alex.runs/impl_1/runme.log
reset_run synth_1
launch_runs impl_1 -to_step write_bitstream -jobs 6
INFO: [Vivado 12-4149] The synthesis checkpoint for IP 'C:/Users/user/Desktop/nisan/TX_1byte_tlast_enabled/alex.srcs/sources_1/ip/clk_wiz_0/clk_wiz_0.xci' is already up-to-date
[Fri May 14 01:56:28 2021] Launched synth_1...
Run output will be captured here: C:/Users/user/Desktop/nisan/TX_1byte_tlast_enabled/alex.runs/synth_1/runme.log
[Fri May 14 01:56:28 2021] Launched impl_1...
Run output will be captured here: C:/Users/user/Desktop/nisan/TX_1byte_tlast_enabled/alex.runs/impl_1/runme.log
set_property PROBES.FILE {} [get_hw_devices xc7k325t_0]
set_property FULL_PROBES.FILE {} [get_hw_devices xc7k325t_0]
set_property PROGRAM.FILE {C:/Users/user/Desktop/nisan/TX_1byte_tlast_enabled/alex.runs/impl_1/fpga.bit} [get_hw_devices xc7k325t_0]
program_hw_devices [get_hw_devices xc7k325t_0]
INFO: [Labtools 27-3164] End of startup status: HIGH
program_hw_devices: Time (s): cpu = 00:00:05 ; elapsed = 00:00:05 . Memory (MB): peak = 2956.566 ; gain = 0.000
refresh_hw_device [lindex [get_hw_devices xc7k325t_0] 0]
INFO: [Labtools 27-1434] Device xc7k325t (JTAG device index = 0) is programmed with a design that has no supported debug core(s) in it.
reset_run impl_1 -prev_step 
launch_runs impl_1 -to_step write_bitstream -jobs 6
INFO: [Vivado 12-4149] The synthesis checkpoint for IP 'C:/Users/user/Desktop/nisan/TX_1byte_tlast_enabled/alex.srcs/sources_1/ip/clk_wiz_0/clk_wiz_0.xci' is already up-to-date
WARNING: [Vivado 12-872] Run step 'Design Initialization' is out-of-date.
[Fri May 14 02:01:05 2021] Launched impl_1...
Run output will be captured here: C:/Users/user/Desktop/nisan/TX_1byte_tlast_enabled/alex.runs/impl_1/runme.log
reset_run synth_1
launch_runs impl_1 -to_step write_bitstream -jobs 6
INFO: [Vivado 12-4149] The synthesis checkpoint for IP 'C:/Users/user/Desktop/nisan/TX_1byte_tlast_enabled/alex.srcs/sources_1/ip/clk_wiz_0/clk_wiz_0.xci' is already up-to-date
[Fri May 14 02:02:16 2021] Launched synth_1...
Run output will be captured here: C:/Users/user/Desktop/nisan/TX_1byte_tlast_enabled/alex.runs/synth_1/runme.log
[Fri May 14 02:02:16 2021] Launched impl_1...
Run output will be captured here: C:/Users/user/Desktop/nisan/TX_1byte_tlast_enabled/alex.runs/impl_1/runme.log
set_property PROBES.FILE {} [get_hw_devices xc7k325t_0]
set_property FULL_PROBES.FILE {} [get_hw_devices xc7k325t_0]
set_property PROGRAM.FILE {C:/Users/user/Desktop/nisan/TX_1byte_tlast_enabled/alex.runs/impl_1/fpga.bit} [get_hw_devices xc7k325t_0]
program_hw_devices [get_hw_devices xc7k325t_0]
INFO: [Labtools 27-3164] End of startup status: HIGH
program_hw_devices: Time (s): cpu = 00:00:06 ; elapsed = 00:00:06 . Memory (MB): peak = 2956.566 ; gain = 0.000
refresh_hw_device [lindex [get_hw_devices xc7k325t_0] 0]
INFO: [Labtools 27-1434] Device xc7k325t (JTAG device index = 0) is programmed with a design that has no supported debug core(s) in it.
exit
INFO: [Common 17-206] Exiting Vivado at Fri May 14 02:26:24 2021...
