#-----------------------------------------------------------
# Vivado v2020.2 (64-bit)
# SW Build 3064766 on Wed Nov 18 09:12:45 MST 2020
# IP Build 3064653 on Wed Nov 18 14:17:31 MST 2020
# Start of session at: Thu May 13 17:30:38 2021
# Process ID: 5712
# Current directory: C:/Users/user/Desktop/mayýs/TX_1byte_tlast_enabled
# Command line: vivado.exe -gui_launcher_event rodinguilauncherevent3520 C:\Users\user\Desktop\mayýs\TX_1byte_tlast_enabled\alex.xpr
# Log file: C:/Users/user/Desktop/mayýs/TX_1byte_tlast_enabled/vivado.log
# Journal file: C:/Users/user/Desktop/mayýs/TX_1byte_tlast_enabled\vivado.jou
#-----------------------------------------------------------
start_gui
open_project C:/Users/user/Desktop/mayýs/TX_1byte_tlast_enabled/alex.xpr
INFO: [Project 1-313] Project file moved from 'C:/Users/user/Desktop/nisan/alex_replting_working_first_example_plus_aurora_TX_SON' since last save.
Scanning sources...
Finished scanning sources
INFO: [IP_Flow 19-234] Refreshing IP repositories
INFO: [IP_Flow 19-1704] No user IP repositories specified
INFO: [IP_Flow 19-2313] Loaded Vivado IP repository 'C:/Xilinx/Vivado/2020.2/data/ip'.
open_project: Time (s): cpu = 00:00:13 ; elapsed = 00:00:08 . Memory (MB): peak = 1233.820 ; gain = 71.863
update_compile_order -fileset sources_1
reset_run synth_1
launch_runs impl_1 -to_step write_bitstream -jobs 6
INFO: [Vivado 12-4149] The synthesis checkpoint for IP 'C:/Users/user/Desktop/mayýs/TX_1byte_tlast_enabled/alex.srcs/sources_1/ip/clk_wiz_0/clk_wiz_0.xci' is already up-to-date
[Thu May 13 17:43:26 2021] Launched synth_1...
Run output will be captured here: C:/Users/user/Desktop/mayýs/TX_1byte_tlast_enabled/alex.runs/synth_1/runme.log
[Thu May 13 17:43:26 2021] Launched impl_1...
Run output will be captured here: C:/Users/user/Desktop/mayýs/TX_1byte_tlast_enabled/alex.runs/impl_1/runme.log
reset_run synth_1
launch_runs impl_1 -to_step write_bitstream -jobs 6
INFO: [Vivado 12-4149] The synthesis checkpoint for IP 'C:/Users/user/Desktop/mayýs/TX_1byte_tlast_enabled/alex.srcs/sources_1/ip/clk_wiz_0/clk_wiz_0.xci' is already up-to-date
[Thu May 13 17:44:29 2021] Launched synth_1...
Run output will be captured here: C:/Users/user/Desktop/mayýs/TX_1byte_tlast_enabled/alex.runs/synth_1/runme.log
[Thu May 13 17:44:29 2021] Launched impl_1...
Run output will be captured here: C:/Users/user/Desktop/mayýs/TX_1byte_tlast_enabled/alex.runs/impl_1/runme.log
reset_run synth_1
launch_runs synth_1 -jobs 6
INFO: [Vivado 12-4149] The synthesis checkpoint for IP 'C:/Users/user/Desktop/mayýs/TX_1byte_tlast_enabled/alex.srcs/sources_1/ip/clk_wiz_0/clk_wiz_0.xci' is already up-to-date
[Thu May 13 17:45:10 2021] Launched synth_1...
Run output will be captured here: C:/Users/user/Desktop/mayýs/TX_1byte_tlast_enabled/alex.runs/synth_1/runme.log
reset_run synth_1
launch_runs impl_1 -to_step write_bitstream -jobs 6
INFO: [Vivado 12-4149] The synthesis checkpoint for IP 'C:/Users/user/Desktop/mayýs/TX_1byte_tlast_enabled/alex.srcs/sources_1/ip/clk_wiz_0/clk_wiz_0.xci' is already up-to-date
[Thu May 13 17:46:13 2021] Launched synth_1...
Run output will be captured here: C:/Users/user/Desktop/mayýs/TX_1byte_tlast_enabled/alex.runs/synth_1/runme.log
[Thu May 13 17:46:13 2021] Launched impl_1...
Run output will be captured here: C:/Users/user/Desktop/mayýs/TX_1byte_tlast_enabled/alex.runs/impl_1/runme.log
exit
INFO: [Common 17-206] Exiting Vivado at Thu May 13 17:48:04 2021...
