#-----------------------------------------------------------
# Vivado v2020.2 (64-bit)
# SW Build 3064766 on Wed Nov 18 09:12:45 MST 2020
# IP Build 3064653 on Wed Nov 18 14:17:31 MST 2020
# Start of session at: Thu May 13 17:18:58 2021
# Process ID: 14828
# Current directory: C:/Users/user/Desktop/mayýs/TX_1byte
# Command line: vivado.exe -gui_launcher_event rodinguilauncherevent1520 C:\Users\user\Desktop\mayýs\TX_1byte\alex.xpr
# Log file: C:/Users/user/Desktop/mayýs/TX_1byte/vivado.log
# Journal file: C:/Users/user/Desktop/mayýs/TX_1byte\vivado.jou
#-----------------------------------------------------------
start_gui
open_project C:/Users/user/Desktop/mayýs/TX_1byte/alex.xpr
INFO: [Project 1-313] Project file moved from 'C:/Users/user/Desktop/nisan/alex_replting_working_first_example_plus_aurora_TX_SON' since last save.
Scanning sources...
Finished scanning sources
INFO: [IP_Flow 19-234] Refreshing IP repositories
INFO: [IP_Flow 19-1704] No user IP repositories specified
INFO: [IP_Flow 19-2313] Loaded Vivado IP repository 'C:/Xilinx/Vivado/2020.2/data/ip'.
open_project: Time (s): cpu = 00:00:17 ; elapsed = 00:00:14 . Memory (MB): peak = 1325.996 ; gain = 186.176
update_compile_order -fileset sources_1
exit
INFO: [Common 17-206] Exiting Vivado at Thu May 13 17:28:54 2021...
