Copyright 1986-2020 Xilinx, Inc. All Rights Reserved.
----------------------------------------------------------------------------------------------------------------------------------
| Tool Version     : Vivado v.2020.2 (win64) Build 3064766 Wed Nov 18 09:12:45 MST 2020
| Date             : Fri May 14 23:58:22 2021
| Host             : MSI running 64-bit major release  (build 9200)
| Command          : report_power -file fpga_power_routed.rpt -pb fpga_power_summary_routed.pb -rpx fpga_power_routed.rpx
| Design           : fpga
| Device           : xc7k325tfbv676-2
| Design State     : routed
| Grade            : commercial
| Process          : typical
| Characterization : Production
----------------------------------------------------------------------------------------------------------------------------------

Power Report

Table of Contents
-----------------
1. Summary
1.1 On-Chip Components
1.2 Power Supply Summary
1.3 Confidence Level
2. Settings
2.1 Environment
2.2 Clock Constraints
3. Detailed Reports
3.1 By Hierarchy

1. Summary
----------

+--------------------------+--------------+
| Total On-Chip Power (W)  | 0.985        |
| Design Power Budget (W)  | Unspecified* |
| Power Budget Margin (W)  | NA           |
| Dynamic (W)              | 0.810        |
| Device Static (W)        | 0.175        |
| Effective TJA (C/W)      | 1.9          |
| Max Ambient (C)          | 83.2         |
| Junction Temperature (C) | 26.8         |
| Confidence Level         | Low          |
| Setting File             | ---          |
| Simulation Activity File | ---          |
| Design Nets Matched      | NA           |
+--------------------------+--------------+
* Specify Design Power Budget using, set_operating_conditions -design_power_budget <value in Watts>


1.1 On-Chip Components
----------------------

+--------------------------+-----------+----------+-----------+-----------------+
| On-Chip                  | Power (W) | Used     | Available | Utilization (%) |
+--------------------------+-----------+----------+-----------+-----------------+
| Clocks                   |     0.012 |       12 |       --- |             --- |
| Slice Logic              |     0.011 |     6795 |       --- |             --- |
|   LUT as Logic           |     0.009 |     2339 |    203800 |            1.15 |
|   CARRY4                 |     0.001 |      298 |     50950 |            0.58 |
|   Register               |    <0.001 |     3280 |    407600 |            0.80 |
|   LUT as Distributed RAM |    <0.001 |       72 |     64000 |            0.11 |
|   LUT as Shift Register  |    <0.001 |       31 |     64000 |            0.05 |
|   BUFG                   |    <0.001 |        2 |        32 |            6.25 |
|   F7/F8 Muxes            |    <0.001 |       15 |    203800 |           <0.01 |
|   Others                 |     0.000 |      209 |       --- |             --- |
|   BUFR                   |     0.000 |        1 |       208 |            0.48 |
| Signals                  |     0.011 |     5386 |       --- |             --- |
| Block RAM                |     0.003 |        4 |       445 |            0.90 |
| MMCM                     |     0.317 |        3 |        10 |           30.00 |
| I/O                      |     0.004 |        9 |       400 |            2.25 |
| GTX                      |     0.452 |        2 |         8 |           25.00 |
| Static Power             |     0.175 |          |           |                 |
| Total                    |     0.985 |          |           |                 |
+--------------------------+-----------+----------+-----------+-----------------+


1.2 Power Supply Summary
------------------------

+-----------+-------------+-----------+-------------+------------+-------------+-------------+------------+
| Source    | Voltage (V) | Total (A) | Dynamic (A) | Static (A) | Powerup (A) | Budget (A)  | Margin (A) |
+-----------+-------------+-----------+-------------+------------+-------------+-------------+------------+
| Vccint    |       1.000 |     0.141 |       0.068 |      0.073 |       NA    | Unspecified | NA         |
| Vccaux    |       1.800 |     0.206 |       0.177 |      0.029 |       NA    | Unspecified | NA         |
| Vcco33    |       3.300 |     0.000 |       0.000 |      0.000 |       NA    | Unspecified | NA         |
| Vcco25    |       2.500 |     0.001 |       0.000 |      0.001 |       NA    | Unspecified | NA         |
| Vcco18    |       1.800 |     0.000 |       0.000 |      0.000 |       NA    | Unspecified | NA         |
| Vcco15    |       1.500 |     0.000 |       0.000 |      0.000 |       NA    | Unspecified | NA         |
| Vcco135   |       1.350 |     0.000 |       0.000 |      0.000 |       NA    | Unspecified | NA         |
| Vcco12    |       1.200 |     0.000 |       0.000 |      0.000 |       NA    | Unspecified | NA         |
| Vccaux_io |       1.800 |     0.000 |       0.000 |      0.000 |       NA    | Unspecified | NA         |
| Vccbram   |       1.000 |     0.002 |       0.000 |      0.001 |       NA    | Unspecified | NA         |
| MGTAVcc   |       1.000 |     0.221 |       0.217 |      0.004 |       NA    | Unspecified | NA         |
| MGTAVtt   |       1.200 |     0.177 |       0.172 |      0.005 |       NA    | Unspecified | NA         |
| MGTVccaux |       1.800 |     0.000 |       0.000 |      0.000 |       NA    | Unspecified | NA         |
| Vccadc    |       1.800 |     0.020 |       0.000 |      0.020 |       NA    | Unspecified | NA         |
+-----------+-------------+-----------+-------------+------------+-------------+-------------+------------+


1.3 Confidence Level
--------------------

+-----------------------------+------------+--------------------------------------------------------+--------------------------------------------------------------------------------------------------------------------+
| User Input Data             | Confidence | Details                                                | Action                                                                                                             |
+-----------------------------+------------+--------------------------------------------------------+--------------------------------------------------------------------------------------------------------------------+
| Design implementation state | High       | Design is routed                                       |                                                                                                                    |
| Clock nodes activity        | Low        | User specified less than 75% of clocks                 | Provide missing clock activity with a constraint file, simulation results or by editing the "By Clock Domain" view |
| I/O nodes activity          | Low        | More than 75% of inputs are missing user specification | Provide missing input activity with simulation results or by editing the "By Resource Type -> I/Os" view           |
| Internal nodes activity     | Medium     | User specified less than 25% of internal nodes         | Provide missing internal nodes activity with simulation results or by editing the "By Resource Type" views         |
| Device models               | High       | Device models are Production                           |                                                                                                                    |
|                             |            |                                                        |                                                                                                                    |
| Overall confidence level    | Low        |                                                        |                                                                                                                    |
+-----------------------------+------------+--------------------------------------------------------+--------------------------------------------------------------------------------------------------------------------+


2. Settings
-----------

2.1 Environment
---------------

+-----------------------+--------------------------+
| Ambient Temp (C)      | 25.0                     |
| ThetaJA (C/W)         | 1.9                      |
| Airflow (LFM)         | 250                      |
| Heat Sink             | medium (Medium Profile)  |
| ThetaSA (C/W)         | 3.4                      |
| Board Selection       | medium (10"x10")         |
| # of Board Layers     | 12to15 (12 to 15 Layers) |
| Board Temperature (C) | 25.0                     |
+-----------------------+--------------------------+


2.2 Clock Constraints
---------------------

+----------------------------------------------------------------------------------------------------------------+--------------------------------------------------------------------------------------------------------+-----------------+
| Clock                                                                                                          | Domain                                                                                                 | Constraint (ns) |
+----------------------------------------------------------------------------------------------------------------+--------------------------------------------------------------------------------------------------------+-----------------+
| clk_out1_clk_wiz_0                                                                                             | clk_wiz_0_inst/inst/clk_out1_clk_wiz_0                                                                 |            20.0 |
| clk_out2_clk_wiz_0                                                                                             | clk_wiz_0_inst/inst/clk_out2_clk_wiz_0                                                                 |            20.0 |
| clk_wiz_0_inst/inst/clk_in1                                                                                    | clk_200mhz_ibufg                                                                                       |             5.0 |
| clkfbout                                                                                                       | eth_pcspma/inst/core_clocking_i/clkfbout                                                               |            16.0 |
| clkfbout_clk_wiz_0                                                                                             | clk_wiz_0_inst/inst/clkfbout_clk_wiz_0                                                                 |             5.0 |
| clkout0                                                                                                        | eth_pcspma/inst/core_clocking_i/clkout0                                                                |             8.0 |
| clkout1                                                                                                        | eth_pcspma/inst/core_clocking_i/clkout1                                                                |            16.0 |
| eth_pcspma/inst/pcs_pma_block_i/transceiver_inst/gtwizard_inst/inst/gtwizard_i/gt0_GTWIZARD_i/gtxe2_i/TXOUTCLK | eth_pcspma/inst/pcs_pma_block_i/transceiver_inst/gtwizard_inst/inst/gtwizard_i/gt0_GTWIZARD_i/txoutclk |            16.0 |
+----------------------------------------------------------------------------------------------------------------+--------------------------------------------------------------------------------------------------------+-----------------+


3. Detailed Reports
-------------------

3.1 By Hierarchy
----------------

+-----------------------------------------------------------+-----------+
| Name                                                      | Power (W) |
+-----------------------------------------------------------+-----------+
| fpga                                                      |     0.810 |
|   AURORA0                                                 |     0.219 |
|     inst                                                  |     0.219 |
|       aurora_8b10b_0_rx_aurora_lane_simplex_gtx_4byte_0_i |     0.001 |
|       gt_wrapper_i                                        |     0.217 |
|   clk_wiz_0_inst                                          |     0.109 |
|     inst                                                  |     0.109 |
|   core_inst                                               |     0.023 |
|     eth_axis_rx_inst                                      |     0.002 |
|     eth_mac_inst                                          |     0.007 |
|       eth_mac_1g_inst                                     |     0.002 |
|       rx_fifo                                             |     0.002 |
|       tx_fifo                                             |     0.003 |
|     udp_complete_inst                                     |     0.014 |
|       ip_complete_inst                                    |     0.009 |
|       udp_inst                                            |     0.004 |
|   eth_pcspma                                              |     0.351 |
|     inst                                                  |     0.351 |
|       core_clocking_i                                     |     0.106 |
|       pcs_pma_block_i                                     |     0.245 |
+-----------------------------------------------------------+-----------+


