
*** Running vivado
    with args -log aurora_8b10b_0.vds -m64 -product Vivado -mode batch -messageDb vivado.pb -notrace -source aurora_8b10b_0.tcl



****** Vivado v2020.2 (64-bit)
  **** SW Build 3064766 on Wed Nov 18 09:12:45 MST 2020
  **** IP Build 3064653 on Wed Nov 18 14:17:31 MST 2020
    ** Copyright 1986-2020 Xilinx, Inc. All Rights Reserved.

source aurora_8b10b_0.tcl -notrace
Command: synth_design -top aurora_8b10b_0 -part xc7k325tfbv676-2 -mode out_of_context
Starting synth_design
Attempting to get a license for feature 'Synthesis' and/or device 'xc7k325t'
INFO: [Common 17-349] Got license for feature 'Synthesis' and/or device 'xc7k325t'
INFO: [Device 21-403] Loading part xc7k325tfbv676-2
INFO: [Synth 8-7079] Multithreading enabled for synth_design using a maximum of 2 processes.
INFO: [Synth 8-7078] Launching helper process for spawning children vivado processes
INFO: [Synth 8-7075] Helper process launched with PID 23040
WARNING: [Synth 8-2507] parameter declaration becomes local in aurora_8b10b_0_GT_WRAPPER with formal parameter declaration list [c:/Users/user/Desktop/mayis/RX_1byte_tlast_enabled/alex.gen/sources_1/ip/aurora_8b10b_0/aurora_8b10b_0/gt/aurora_8b10b_0_transceiver_wrapper.v:213]
WARNING: [Synth 8-2507] parameter declaration becomes local in aurora_8b10b_0_GT_WRAPPER with formal parameter declaration list [c:/Users/user/Desktop/mayis/RX_1byte_tlast_enabled/alex.gen/sources_1/ip/aurora_8b10b_0/aurora_8b10b_0/gt/aurora_8b10b_0_transceiver_wrapper.v:215]
---------------------------------------------------------------------------------
Starting RTL Elaboration : Time (s): cpu = 00:00:04 ; elapsed = 00:00:04 . Memory (MB): peak = 1250.340 ; gain = 87.746
---------------------------------------------------------------------------------
INFO: [Synth 8-6157] synthesizing module 'aurora_8b10b_0' [c:/Users/user/Desktop/mayis/RX_1byte_tlast_enabled/alex.gen/sources_1/ip/aurora_8b10b_0/aurora_8b10b_0.v:54]
INFO: [Synth 8-6157] synthesizing module 'aurora_8b10b_0_core' [c:/Users/user/Desktop/mayis/RX_1byte_tlast_enabled/alex.gen/sources_1/ip/aurora_8b10b_0/aurora_8b10b_0_core.v:65]
	Parameter WATCHDOG_TIMEOUT bound to: 14 - type: integer 
	Parameter SIM_GTRESET_SPEEDUP bound to: TRUE - type: string 
	Parameter C_SIMPLEX_TIMER bound to: 18 - type: integer 
	Parameter C_ALIGNED_TIMER bound to: 158990 - type: integer 
	Parameter C_VERIFY_TIMER bound to: 159502 - type: integer 
	Parameter EXAMPLE_SIMULATION bound to: 0 - type: integer 
INFO: [Synth 8-6157] synthesizing module 'aurora_8b10b_0_cdc_sync' [c:/Users/user/Desktop/mayis/RX_1byte_tlast_enabled/alex.gen/sources_1/ip/aurora_8b10b_0/aurora_8b10b_0/src/aurora_8b10b_0_cdc_sync.v:104]
	Parameter c_cdc_type bound to: 2'b01 
	Parameter c_flop_input bound to: 1'b0 
	Parameter c_reset_state bound to: 1'b0 
	Parameter c_single_bit bound to: 1'b1 
	Parameter c_vector_width bound to: 6'b000010 
	Parameter c_mtbf_stages bound to: 3'b011 
INFO: [Synth 8-6155] done synthesizing module 'aurora_8b10b_0_cdc_sync' (1#1) [c:/Users/user/Desktop/mayis/RX_1byte_tlast_enabled/alex.gen/sources_1/ip/aurora_8b10b_0/aurora_8b10b_0/src/aurora_8b10b_0_cdc_sync.v:104]
INFO: [Synth 8-6157] synthesizing module 'aurora_8b10b_0_RESET_LOGIC' [c:/Users/user/Desktop/mayis/RX_1byte_tlast_enabled/alex.gen/sources_1/ip/aurora_8b10b_0/aurora_8b10b_0/src/aurora_8b10b_0_reset_logic.v:62]
INFO: [Synth 8-6157] synthesizing module 'aurora_8b10b_0_cdc_sync__parameterized0' [c:/Users/user/Desktop/mayis/RX_1byte_tlast_enabled/alex.gen/sources_1/ip/aurora_8b10b_0/aurora_8b10b_0/src/aurora_8b10b_0_cdc_sync.v:104]
	Parameter c_cdc_type bound to: 2'b01 
	Parameter c_flop_input bound to: 1'b1 
	Parameter c_reset_state bound to: 1'b0 
	Parameter c_single_bit bound to: 1'b1 
	Parameter c_vector_width bound to: 6'b000010 
	Parameter c_mtbf_stages bound to: 3'b011 
INFO: [Synth 8-6155] done synthesizing module 'aurora_8b10b_0_cdc_sync__parameterized0' (1#1) [c:/Users/user/Desktop/mayis/RX_1byte_tlast_enabled/alex.gen/sources_1/ip/aurora_8b10b_0/aurora_8b10b_0/src/aurora_8b10b_0_cdc_sync.v:104]
INFO: [Synth 8-6155] done synthesizing module 'aurora_8b10b_0_RESET_LOGIC' (2#1) [c:/Users/user/Desktop/mayis/RX_1byte_tlast_enabled/alex.gen/sources_1/ip/aurora_8b10b_0/aurora_8b10b_0/src/aurora_8b10b_0_reset_logic.v:62]
INFO: [Synth 8-6157] synthesizing module 'aurora_8b10b_0_RX_AURORA_LANE_SIMPLEX_GTX_4BYTE' [c:/Users/user/Desktop/mayis/RX_1byte_tlast_enabled/alex.gen/sources_1/ip/aurora_8b10b_0/aurora_8b10b_0/src/aurora_8b10b_0_rx_aurora_lane_simplex_4byte.v:65]
	Parameter EXAMPLE_SIMULATION bound to: 0 - type: integer 
INFO: [Synth 8-6157] synthesizing module 'aurora_8b10b_0_RX_LANE_INIT_SM_SIMPLEX_4BYTE' [c:/Users/user/Desktop/mayis/RX_1byte_tlast_enabled/alex.gen/sources_1/ip/aurora_8b10b_0/aurora_8b10b_0/src/aurora_8b10b_0_rx_lane_init_sm_simplex_4byte.v:62]
INFO: [Synth 8-6157] synthesizing module 'FDR' [C:/Xilinx/Vivado/2020.2/scripts/rt/data/unisim_comp.v:13711]
	Parameter INIT bound to: 1'b0 
INFO: [Synth 8-6155] done synthesizing module 'FDR' (3#1) [C:/Xilinx/Vivado/2020.2/scripts/rt/data/unisim_comp.v:13711]
INFO: [Synth 8-6155] done synthesizing module 'aurora_8b10b_0_RX_LANE_INIT_SM_SIMPLEX_4BYTE' (4#1) [c:/Users/user/Desktop/mayis/RX_1byte_tlast_enabled/alex.gen/sources_1/ip/aurora_8b10b_0/aurora_8b10b_0/src/aurora_8b10b_0_rx_lane_init_sm_simplex_4byte.v:62]
INFO: [Synth 8-6157] synthesizing module 'aurora_8b10b_0_CHBOND_COUNT_DEC_4BYTE' [c:/Users/user/Desktop/mayis/RX_1byte_tlast_enabled/alex.gen/sources_1/ip/aurora_8b10b_0/aurora_8b10b_0/src/aurora_8b10b_0_chbond_count_dec_4byte.v:62]
	Parameter CHANNEL_BOND_LOAD_CODE bound to: 6'b100111 
INFO: [Synth 8-6155] done synthesizing module 'aurora_8b10b_0_CHBOND_COUNT_DEC_4BYTE' (5#1) [c:/Users/user/Desktop/mayis/RX_1byte_tlast_enabled/alex.gen/sources_1/ip/aurora_8b10b_0/aurora_8b10b_0/src/aurora_8b10b_0_chbond_count_dec_4byte.v:62]
INFO: [Synth 8-6157] synthesizing module 'aurora_8b10b_0_SYM_DEC_4BYTE' [c:/Users/user/Desktop/mayis/RX_1byte_tlast_enabled/alex.gen/sources_1/ip/aurora_8b10b_0/aurora_8b10b_0/src/aurora_8b10b_0_sym_dec_4byte.v:64]
	Parameter K_CHAR_0 bound to: 4'b1011 
	Parameter K_CHAR_1 bound to: 4'b1100 
	Parameter SP_DATA_0 bound to: 4'b0100 
	Parameter SP_DATA_1 bound to: 4'b1010 
	Parameter SPA_DATA_0 bound to: 4'b0010 
	Parameter SPA_DATA_1 bound to: 4'b1100 
	Parameter SP_NEG_DATA_0 bound to: 4'b1011 
	Parameter SP_NEG_DATA_1 bound to: 4'b0101 
	Parameter SPA_NEG_DATA_0 bound to: 4'b1101 
	Parameter SPA_NEG_DATA_1 bound to: 4'b0011 
	Parameter PAD_0 bound to: 4'b1001 
	Parameter PAD_1 bound to: 4'b1100 
	Parameter SCP_0 bound to: 4'b0101 
	Parameter SCP_1 bound to: 4'b1100 
	Parameter SCP_2 bound to: 4'b1111 
	Parameter SCP_3 bound to: 4'b1011 
	Parameter ECP_0 bound to: 4'b1111 
	Parameter ECP_1 bound to: 4'b1101 
	Parameter ECP_2 bound to: 4'b1111 
	Parameter ECP_3 bound to: 4'b1110 
	Parameter A_CHAR_0 bound to: 4'b0111 
	Parameter A_CHAR_1 bound to: 4'b1100 
	Parameter VER_DATA_0 bound to: 4'b1110 
	Parameter VER_DATA_1 bound to: 4'b1000 
	Parameter CC_CHAR_0 bound to: 4'b1111 
	Parameter CC_CHAR_1 bound to: 4'b0111 
INFO: [Synth 8-226] default block is never used [c:/Users/user/Desktop/mayis/RX_1byte_tlast_enabled/alex.gen/sources_1/ip/aurora_8b10b_0/aurora_8b10b_0/src/aurora_8b10b_0_sym_dec_4byte.v:248]
INFO: [Synth 8-226] default block is never used [c:/Users/user/Desktop/mayis/RX_1byte_tlast_enabled/alex.gen/sources_1/ip/aurora_8b10b_0/aurora_8b10b_0/src/aurora_8b10b_0_sym_dec_4byte.v:260]
INFO: [Synth 8-226] default block is never used [c:/Users/user/Desktop/mayis/RX_1byte_tlast_enabled/alex.gen/sources_1/ip/aurora_8b10b_0/aurora_8b10b_0/src/aurora_8b10b_0_sym_dec_4byte.v:272]
INFO: [Synth 8-226] default block is never used [c:/Users/user/Desktop/mayis/RX_1byte_tlast_enabled/alex.gen/sources_1/ip/aurora_8b10b_0/aurora_8b10b_0/src/aurora_8b10b_0_sym_dec_4byte.v:284]
INFO: [Synth 8-226] default block is never used [c:/Users/user/Desktop/mayis/RX_1byte_tlast_enabled/alex.gen/sources_1/ip/aurora_8b10b_0/aurora_8b10b_0/src/aurora_8b10b_0_sym_dec_4byte.v:296]
INFO: [Synth 8-226] default block is never used [c:/Users/user/Desktop/mayis/RX_1byte_tlast_enabled/alex.gen/sources_1/ip/aurora_8b10b_0/aurora_8b10b_0/src/aurora_8b10b_0_sym_dec_4byte.v:308]
INFO: [Synth 8-226] default block is never used [c:/Users/user/Desktop/mayis/RX_1byte_tlast_enabled/alex.gen/sources_1/ip/aurora_8b10b_0/aurora_8b10b_0/src/aurora_8b10b_0_sym_dec_4byte.v:320]
INFO: [Synth 8-226] default block is never used [c:/Users/user/Desktop/mayis/RX_1byte_tlast_enabled/alex.gen/sources_1/ip/aurora_8b10b_0/aurora_8b10b_0/src/aurora_8b10b_0_sym_dec_4byte.v:332]
INFO: [Synth 8-6155] done synthesizing module 'aurora_8b10b_0_SYM_DEC_4BYTE' (6#1) [c:/Users/user/Desktop/mayis/RX_1byte_tlast_enabled/alex.gen/sources_1/ip/aurora_8b10b_0/aurora_8b10b_0/src/aurora_8b10b_0_sym_dec_4byte.v:64]
INFO: [Synth 8-6157] synthesizing module 'aurora_8b10b_0_RX_ERR_DETECT_SIMPLEX_GTX_4BYTE' [c:/Users/user/Desktop/mayis/RX_1byte_tlast_enabled/alex.gen/sources_1/ip/aurora_8b10b_0/aurora_8b10b_0/src/aurora_8b10b_0_rx_err_detect_simplex_4byte.v:66]
	Parameter ENABLE_SOFT_ERR_MONITOR bound to: 1 - type: integer 
INFO: [Synth 8-6155] done synthesizing module 'aurora_8b10b_0_RX_ERR_DETECT_SIMPLEX_GTX_4BYTE' (7#1) [c:/Users/user/Desktop/mayis/RX_1byte_tlast_enabled/alex.gen/sources_1/ip/aurora_8b10b_0/aurora_8b10b_0/src/aurora_8b10b_0_rx_err_detect_simplex_4byte.v:66]
INFO: [Synth 8-6157] synthesizing module 'aurora_8b10b_0_hotplug' [c:/Users/user/Desktop/mayis/RX_1byte_tlast_enabled/alex.gen/sources_1/ip/aurora_8b10b_0/aurora_8b10b_0/src/aurora_8b10b_0_hotplug.v:53]
	Parameter ENABLE_HOTPLUG bound to: 1 - type: integer 
	Parameter EXAMPLE_SIMULATION bound to: 0 - type: integer 
INFO: [Synth 8-6155] done synthesizing module 'aurora_8b10b_0_hotplug' (8#1) [c:/Users/user/Desktop/mayis/RX_1byte_tlast_enabled/alex.gen/sources_1/ip/aurora_8b10b_0/aurora_8b10b_0/src/aurora_8b10b_0_hotplug.v:53]
INFO: [Synth 8-6155] done synthesizing module 'aurora_8b10b_0_RX_AURORA_LANE_SIMPLEX_GTX_4BYTE' (9#1) [c:/Users/user/Desktop/mayis/RX_1byte_tlast_enabled/alex.gen/sources_1/ip/aurora_8b10b_0/aurora_8b10b_0/src/aurora_8b10b_0_rx_aurora_lane_simplex_4byte.v:65]
INFO: [Synth 8-6157] synthesizing module 'aurora_8b10b_0_GT_WRAPPER' [c:/Users/user/Desktop/mayis/RX_1byte_tlast_enabled/alex.gen/sources_1/ip/aurora_8b10b_0/aurora_8b10b_0/gt/aurora_8b10b_0_transceiver_wrapper.v:57]
	Parameter EXAMPLE_SIMULATION bound to: 0 - type: integer 
	Parameter SIM_GTRESET_SPEEDUP bound to: TRUE - type: string 
	Parameter STABLE_CLOCK_PERIOD bound to: 20 - type: integer 
	Parameter RX_CDRLOCK_TIME bound to: 16000.000000 - type: double 
	Parameter WAIT_TIME_CDRLOCK bound to: 800 - type: integer 
INFO: [Synth 8-6157] synthesizing module 'aurora_8b10b_0_rx_startup_fsm' [c:/Users/user/Desktop/mayis/RX_1byte_tlast_enabled/alex.gen/sources_1/ip/aurora_8b10b_0/aurora_8b10b_0/gt/aurora_8b10b_0_rx_startup_fsm.v:75]
	Parameter EXAMPLE_SIMULATION bound to: 0 - type: integer 
	Parameter GT_TYPE bound to: GTX - type: string 
	Parameter EQ_MODE bound to: DFE - type: string 
	Parameter STABLE_CLOCK_PERIOD bound to: 20 - type: integer 
	Parameter RETRY_COUNTER_BITWIDTH bound to: 8 - type: integer 
	Parameter TX_QPLL_USED bound to: FALSE - type: string 
	Parameter RX_QPLL_USED bound to: FALSE - type: string 
	Parameter PHASE_ALIGNMENT_MANUAL bound to: FALSE - type: string 
	Parameter INIT bound to: 4'b0000 
	Parameter ASSERT_ALL_RESETS bound to: 4'b0001 
	Parameter WAIT_FOR_PLL_LOCK bound to: 4'b0010 
	Parameter RELEASE_PLL_RESET bound to: 4'b0011 
	Parameter VERIFY_RECCLK_STABLE bound to: 4'b0100 
	Parameter RELEASE_MMCM_RESET bound to: 4'b0101 
	Parameter WAIT_FOR_RXUSRCLK bound to: 4'b0110 
	Parameter WAIT_RESET_DONE bound to: 4'b0111 
	Parameter DO_PHASE_ALIGNMENT bound to: 4'b1000 
	Parameter MONITOR_DATA_VALID bound to: 4'b1001 
	Parameter FSM_DONE bound to: 4'b1010 
	Parameter MMCM_LOCK_CNT_MAX bound to: 1024 - type: integer 
	Parameter STARTUP_DELAY bound to: 500 - type: integer 
	Parameter WAIT_CYCLES bound to: 25 - type: integer 
	Parameter WAIT_MAX bound to: 35 - type: integer 
	Parameter WAIT_TIMEOUT_2ms bound to: 150000 - type: integer 
	Parameter WAIT_TLOCK_MAX bound to: 5000 - type: integer 
	Parameter WAIT_TIMEOUT_500us bound to: 25000 - type: integer 
	Parameter WAIT_TIMEOUT_1us bound to: 50 - type: integer 
	Parameter WAIT_TIMEOUT_100us bound to: 5000 - type: integer 
	Parameter WAIT_TIME_ADAPT bound to: 592000 - type: integer 
	Parameter WAIT_TIME_MAX bound to: 500 - type: integer 
	Parameter PORT_WIDTH bound to: 18 - type: integer 
	Parameter MAX_RETRIES bound to: 255 - type: integer 
	Parameter MAX_WAIT_BYPASS bound to: 5000 - type: integer 
INFO: [Synth 8-6155] done synthesizing module 'aurora_8b10b_0_rx_startup_fsm' (10#1) [c:/Users/user/Desktop/mayis/RX_1byte_tlast_enabled/alex.gen/sources_1/ip/aurora_8b10b_0/aurora_8b10b_0/gt/aurora_8b10b_0_rx_startup_fsm.v:75]
INFO: [Synth 8-6157] synthesizing module 'aurora_8b10b_0_multi_gt' [c:/Users/user/Desktop/mayis/RX_1byte_tlast_enabled/alex.gen/sources_1/ip/aurora_8b10b_0/aurora_8b10b_0/gt/aurora_8b10b_0_multi_gt.v:55]
	Parameter WRAPPER_SIM_GTRESET_SPEEDUP bound to: TRUE - type: string 
	Parameter RX_DFE_KL_CFG2_IN bound to: 806439084 - type: integer 
	Parameter PMA_RSV_IN bound to: 99456 - type: integer 
INFO: [Synth 8-6157] synthesizing module 'aurora_8b10b_0_gt' [c:/Users/user/Desktop/mayis/RX_1byte_tlast_enabled/alex.gen/sources_1/ip/aurora_8b10b_0/aurora_8b10b_0/gt/aurora_8b10b_0_gt.v:55]
	Parameter GT_SIM_GTRESET_SPEEDUP bound to: TRUE - type: string 
	Parameter RX_DFE_KL_CFG2_IN bound to: 806439084 - type: integer 
	Parameter PMA_RSV_IN bound to: 99456 - type: integer 
	Parameter PCS_RSVD_ATTR_IN bound to: 48'b000000000000000000000000000000000000000000000000 
INFO: [Synth 8-6157] synthesizing module 'GTXE2_CHANNEL' [C:/Xilinx/Vivado/2020.2/scripts/rt/data/unisim_comp.v:21334]
	Parameter ALIGN_COMMA_DOUBLE bound to: FALSE - type: string 
	Parameter ALIGN_COMMA_ENABLE bound to: 10'b1111111111 
	Parameter ALIGN_COMMA_WORD bound to: 2 - type: integer 
	Parameter ALIGN_MCOMMA_DET bound to: TRUE - type: string 
	Parameter ALIGN_MCOMMA_VALUE bound to: 10'b1010000011 
	Parameter ALIGN_PCOMMA_DET bound to: TRUE - type: string 
	Parameter ALIGN_PCOMMA_VALUE bound to: 10'b0101111100 
	Parameter CBCC_DATA_SOURCE_SEL bound to: DECODED - type: string 
	Parameter CHAN_BOND_KEEP_ALIGN bound to: FALSE - type: string 
	Parameter CHAN_BOND_MAX_SKEW bound to: 7 - type: integer 
	Parameter CHAN_BOND_SEQ_1_1 bound to: 10'b0101111100 
	Parameter CHAN_BOND_SEQ_1_2 bound to: 10'b0000000000 
	Parameter CHAN_BOND_SEQ_1_3 bound to: 10'b0000000000 
	Parameter CHAN_BOND_SEQ_1_4 bound to: 10'b0000000000 
	Parameter CHAN_BOND_SEQ_1_ENABLE bound to: 4'b0001 
	Parameter CHAN_BOND_SEQ_2_1 bound to: 10'b0000000000 
	Parameter CHAN_BOND_SEQ_2_2 bound to: 10'b0000000000 
	Parameter CHAN_BOND_SEQ_2_3 bound to: 10'b0000000000 
	Parameter CHAN_BOND_SEQ_2_4 bound to: 10'b0000000000 
	Parameter CHAN_BOND_SEQ_2_ENABLE bound to: 4'b0000 
	Parameter CHAN_BOND_SEQ_2_USE bound to: FALSE - type: string 
	Parameter CHAN_BOND_SEQ_LEN bound to: 1 - type: integer 
	Parameter CLK_CORRECT_USE bound to: TRUE - type: string 
	Parameter CLK_COR_KEEP_IDLE bound to: FALSE - type: string 
	Parameter CLK_COR_MAX_LAT bound to: 31 - type: integer 
	Parameter CLK_COR_MIN_LAT bound to: 24 - type: integer 
	Parameter CLK_COR_PRECEDENCE bound to: TRUE - type: string 
	Parameter CLK_COR_REPEAT_WAIT bound to: 0 - type: integer 
	Parameter CLK_COR_SEQ_1_1 bound to: 10'b0111110111 
	Parameter CLK_COR_SEQ_1_2 bound to: 10'b0111110111 
	Parameter CLK_COR_SEQ_1_3 bound to: 10'b0111110111 
	Parameter CLK_COR_SEQ_1_4 bound to: 10'b0111110111 
	Parameter CLK_COR_SEQ_1_ENABLE bound to: 4'b1111 
	Parameter CLK_COR_SEQ_2_1 bound to: 10'b0100000000 
	Parameter CLK_COR_SEQ_2_2 bound to: 10'b0100000000 
	Parameter CLK_COR_SEQ_2_3 bound to: 10'b0100000000 
	Parameter CLK_COR_SEQ_2_4 bound to: 10'b0100000000 
	Parameter CLK_COR_SEQ_2_ENABLE bound to: 4'b1111 
	Parameter CLK_COR_SEQ_2_USE bound to: FALSE - type: string 
	Parameter CLK_COR_SEQ_LEN bound to: 4 - type: integer 
	Parameter CPLL_CFG bound to: 24'b101111000000011111011100 
	Parameter CPLL_FBDIV bound to: 4 - type: integer 
	Parameter CPLL_FBDIV_45 bound to: 5 - type: integer 
	Parameter CPLL_INIT_CFG bound to: 24'b000000000000000000011110 
	Parameter CPLL_LOCK_CFG bound to: 16'b0000000111101000 
	Parameter CPLL_REFCLK_DIV bound to: 1 - type: integer 
	Parameter DEC_MCOMMA_DETECT bound to: TRUE - type: string 
	Parameter DEC_PCOMMA_DETECT bound to: TRUE - type: string 
	Parameter DEC_VALID_COMMA_ONLY bound to: FALSE - type: string 
	Parameter DMONITOR_CFG bound to: 24'b000000000000101000000000 
	Parameter ES_CONTROL bound to: 6'b000000 
	Parameter ES_ERRDET_EN bound to: FALSE - type: string 
	Parameter ES_EYE_SCAN_EN bound to: TRUE - type: string 
	Parameter ES_HORZ_OFFSET bound to: 12'b000000000000 
	Parameter ES_PMA_CFG bound to: 10'b0000000000 
	Parameter ES_PRESCALE bound to: 5'b00000 
	Parameter ES_QUALIFIER bound to: 80'b00000000000000000000000000000000000000000000000000000000000000000000000000000000 
	Parameter ES_QUAL_MASK bound to: 80'b00000000000000000000000000000000000000000000000000000000000000000000000000000000 
	Parameter ES_SDATA_MASK bound to: 80'b00000000000000000000000000000000000000000000000000000000000000000000000000000000 
	Parameter ES_VERT_OFFSET bound to: 9'b000000000 
	Parameter FTS_DESKEW_SEQ_ENABLE bound to: 4'b1111 
	Parameter FTS_LANE_DESKEW_CFG bound to: 4'b1111 
	Parameter FTS_LANE_DESKEW_EN bound to: FALSE - type: string 
	Parameter GEARBOX_MODE bound to: 3'b000 
	Parameter IS_CPLLLOCKDETCLK_INVERTED bound to: 1'b0 
	Parameter IS_DRPCLK_INVERTED bound to: 1'b0 
	Parameter IS_GTGREFCLK_INVERTED bound to: 1'b0 
	Parameter IS_RXUSRCLK2_INVERTED bound to: 1'b0 
	Parameter IS_RXUSRCLK_INVERTED bound to: 1'b0 
	Parameter IS_TXPHDLYTSTCLK_INVERTED bound to: 1'b0 
	Parameter IS_TXUSRCLK2_INVERTED bound to: 1'b0 
	Parameter IS_TXUSRCLK_INVERTED bound to: 1'b0 
	Parameter OUTREFCLK_SEL_INV bound to: 2'b11 
	Parameter PCS_PCIE_EN bound to: FALSE - type: string 
	Parameter PCS_RSVD_ATTR bound to: 48'b000000000000000000000000000000000000000000000000 
	Parameter PD_TRANS_TIME_FROM_P2 bound to: 12'b000000111100 
	Parameter PD_TRANS_TIME_NONE_P2 bound to: 8'b00011001 
	Parameter PD_TRANS_TIME_TO_P2 bound to: 8'b01100100 
	Parameter PMA_RSV bound to: 99456 - type: integer 
	Parameter PMA_RSV2 bound to: 16'b0010000001010000 
	Parameter PMA_RSV3 bound to: 2'b00 
	Parameter PMA_RSV4 bound to: 0 - type: integer 
	Parameter RXBUFRESET_TIME bound to: 5'b00001 
	Parameter RXBUF_ADDR_MODE bound to: FULL - type: string 
	Parameter RXBUF_EIDLE_HI_CNT bound to: 4'b1000 
	Parameter RXBUF_EIDLE_LO_CNT bound to: 4'b0000 
	Parameter RXBUF_EN bound to: TRUE - type: string 
	Parameter RXBUF_RESET_ON_CB_CHANGE bound to: TRUE - type: string 
	Parameter RXBUF_RESET_ON_COMMAALIGN bound to: FALSE - type: string 
	Parameter RXBUF_RESET_ON_EIDLE bound to: FALSE - type: string 
	Parameter RXBUF_RESET_ON_RATE_CHANGE bound to: TRUE - type: string 
	Parameter RXBUF_THRESH_OVFLW bound to: 61 - type: integer 
	Parameter RXBUF_THRESH_OVRD bound to: FALSE - type: string 
	Parameter RXBUF_THRESH_UNDFLW bound to: 4 - type: integer 
	Parameter RXCDRFREQRESET_TIME bound to: 5'b00001 
	Parameter RXCDRPHRESET_TIME bound to: 5'b00001 
	Parameter RXCDR_CFG bound to: 72'b000000110000000000000000001000111111111101000000001000000000000000100000 
	Parameter RXCDR_FR_RESET_ON_EIDLE bound to: 1'b0 
	Parameter RXCDR_HOLD_DURING_EIDLE bound to: 1'b0 
	Parameter RXCDR_LOCK_CFG bound to: 6'b010101 
	Parameter RXCDR_PH_RESET_ON_EIDLE bound to: 1'b0 
	Parameter RXDFELPMRESET_TIME bound to: 7'b0001111 
	Parameter RXDLY_CFG bound to: 16'b0000000000011111 
	Parameter RXDLY_LCFG bound to: 9'b000110000 
	Parameter RXDLY_TAP_CFG bound to: 16'b0000000000000000 
	Parameter RXGEARBOX_EN bound to: FALSE - type: string 
	Parameter RXISCANRESET_TIME bound to: 5'b00001 
	Parameter RXLPM_HF_CFG bound to: 14'b00000011110000 
	Parameter RXLPM_LF_CFG bound to: 14'b00000011110000 
	Parameter RXOOB_CFG bound to: 7'b0000110 
	Parameter RXOUT_DIV bound to: 2 - type: integer 
	Parameter RXPCSRESET_TIME bound to: 5'b00001 
	Parameter RXPHDLY_CFG bound to: 24'b000010000100000000100000 
	Parameter RXPH_CFG bound to: 24'b000000000000000000000000 
	Parameter RXPH_MONITOR_SEL bound to: 5'b00000 
	Parameter RXPMARESET_TIME bound to: 5'b00011 
	Parameter RXPRBS_ERR_LOOPBACK bound to: 1'b0 
	Parameter RXSLIDE_AUTO_WAIT bound to: 7 - type: integer 
	Parameter RXSLIDE_MODE bound to: OFF - type: string 
	Parameter RX_BIAS_CFG bound to: 12'b000000000100 
	Parameter RX_BUFFER_CFG bound to: 6'b000000 
	Parameter RX_CLK25_DIV bound to: 7 - type: integer 
	Parameter RX_CLKMUX_PD bound to: 1'b1 
	Parameter RX_CM_SEL bound to: 2'b11 
	Parameter RX_CM_TRIM bound to: 3'b010 
	Parameter RX_DATA_WIDTH bound to: 40 - type: integer 
	Parameter RX_DDI_SEL bound to: 6'b000000 
	Parameter RX_DEBUG_CFG bound to: 12'b000000000000 
	Parameter RX_DEFER_RESET_BUF_EN bound to: TRUE - type: string 
	Parameter RX_DFE_GAIN_CFG bound to: 23'b00000100000111111101010 
	Parameter RX_DFE_H2_CFG bound to: 12'b000000000000 
	Parameter RX_DFE_H3_CFG bound to: 12'b000001000000 
	Parameter RX_DFE_H4_CFG bound to: 11'b00011110000 
	Parameter RX_DFE_H5_CFG bound to: 11'b00011100000 
	Parameter RX_DFE_KL_CFG bound to: 13'b0000011111110 
	Parameter RX_DFE_KL_CFG2 bound to: 806439084 - type: integer 
	Parameter RX_DFE_LPM_CFG bound to: 16'b0000100101010100 
	Parameter RX_DFE_LPM_HOLD_DURING_EIDLE bound to: 1'b0 
	Parameter RX_DFE_UT_CFG bound to: 17'b10001111000000000 
	Parameter RX_DFE_VP_CFG bound to: 17'b00011111100000011 
	Parameter RX_DFE_XYD_CFG bound to: 13'b0000000000000 
	Parameter RX_DISPERR_SEQ_MATCH bound to: TRUE - type: string 
	Parameter RX_INT_DATAWIDTH bound to: 1 - type: integer 
	Parameter RX_OS_CFG bound to: 13'b0000010000000 
	Parameter RX_SIG_VALID_DLY bound to: 10 - type: integer 
	Parameter RX_XCLK_SEL bound to: RXREC - type: string 
	Parameter SAS_MAX_COM bound to: 64 - type: integer 
	Parameter SAS_MIN_COM bound to: 36 - type: integer 
	Parameter SATA_BURST_SEQ_LEN bound to: 4'b0101 
	Parameter SATA_BURST_VAL bound to: 3'b100 
	Parameter SATA_CPLL_CFG bound to: VCO_3000MHZ - type: string 
	Parameter SATA_EIDLE_VAL bound to: 3'b100 
	Parameter SATA_MAX_BURST bound to: 8 - type: integer 
	Parameter SATA_MAX_INIT bound to: 21 - type: integer 
	Parameter SATA_MAX_WAKE bound to: 7 - type: integer 
	Parameter SATA_MIN_BURST bound to: 4 - type: integer 
	Parameter SATA_MIN_INIT bound to: 12 - type: integer 
	Parameter SATA_MIN_WAKE bound to: 4 - type: integer 
	Parameter SHOW_REALIGN_COMMA bound to: TRUE - type: string 
	Parameter SIM_CPLLREFCLK_SEL bound to: 3'b001 
	Parameter SIM_RECEIVER_DETECT_PASS bound to: TRUE - type: string 
	Parameter SIM_RESET_SPEEDUP bound to: TRUE - type: string 
	Parameter SIM_TX_EIDLE_DRIVE_LEVEL bound to: X - type: string 
	Parameter SIM_VERSION bound to: 4.0 - type: string 
	Parameter TERM_RCAL_CFG bound to: 5'b10000 
	Parameter TERM_RCAL_OVRD bound to: 1'b0 
	Parameter TRANS_TIME_RATE bound to: 8'b00001110 
	Parameter TST_RSV bound to: 0 - type: integer 
	Parameter TXBUF_EN bound to: TRUE - type: string 
	Parameter TXBUF_RESET_ON_RATE_CHANGE bound to: TRUE - type: string 
	Parameter TXDLY_CFG bound to: 16'b0000000000011111 
	Parameter TXDLY_LCFG bound to: 9'b000110000 
	Parameter TXDLY_TAP_CFG bound to: 16'b0000000000000000 
	Parameter TXGEARBOX_EN bound to: FALSE - type: string 
	Parameter TXOUT_DIV bound to: 2 - type: integer 
	Parameter TXPCSRESET_TIME bound to: 5'b00001 
	Parameter TXPHDLY_CFG bound to: 24'b000010000100000000100000 
	Parameter TXPH_CFG bound to: 16'b0000011110000000 
	Parameter TXPH_MONITOR_SEL bound to: 5'b00000 
	Parameter TXPMARESET_TIME bound to: 5'b00001 
	Parameter TX_CLK25_DIV bound to: 7 - type: integer 
	Parameter TX_CLKMUX_PD bound to: 1'b1 
	Parameter TX_DATA_WIDTH bound to: 40 - type: integer 
	Parameter TX_DEEMPH0 bound to: 5'b00000 
	Parameter TX_DEEMPH1 bound to: 5'b00000 
	Parameter TX_DRIVE_MODE bound to: DIRECT - type: string 
	Parameter TX_EIDLE_ASSERT_DELAY bound to: 3'b110 
	Parameter TX_EIDLE_DEASSERT_DELAY bound to: 3'b100 
	Parameter TX_INT_DATAWIDTH bound to: 1 - type: integer 
	Parameter TX_LOOPBACK_DRIVE_HIZ bound to: FALSE - type: string 
	Parameter TX_MAINCURSOR_SEL bound to: 1'b0 
	Parameter TX_MARGIN_FULL_0 bound to: 7'b1001110 
	Parameter TX_MARGIN_FULL_1 bound to: 7'b1001001 
	Parameter TX_MARGIN_FULL_2 bound to: 7'b1000101 
	Parameter TX_MARGIN_FULL_3 bound to: 7'b1000010 
	Parameter TX_MARGIN_FULL_4 bound to: 7'b1000000 
	Parameter TX_MARGIN_LOW_0 bound to: 7'b1000110 
	Parameter TX_MARGIN_LOW_1 bound to: 7'b1000100 
	Parameter TX_MARGIN_LOW_2 bound to: 7'b1000010 
	Parameter TX_MARGIN_LOW_3 bound to: 7'b1000000 
	Parameter TX_MARGIN_LOW_4 bound to: 7'b1000000 
	Parameter TX_PREDRIVER_MODE bound to: 1'b0 
	Parameter TX_QPI_STATUS_EN bound to: 1'b0 
	Parameter TX_RXDETECT_CFG bound to: 14'b01100000110010 
	Parameter TX_RXDETECT_REF bound to: 3'b100 
	Parameter TX_XCLK_SEL bound to: TXOUT - type: string 
	Parameter UCODEER_CLR bound to: 1'b0 
INFO: [Synth 8-6155] done synthesizing module 'GTXE2_CHANNEL' (11#1) [C:/Xilinx/Vivado/2020.2/scripts/rt/data/unisim_comp.v:21334]
INFO: [Synth 8-6157] synthesizing module 'FD' [C:/Xilinx/Vivado/2020.2/scripts/rt/data/unisim_comp.v:13483]
	Parameter INIT bound to: 1'b0 
INFO: [Synth 8-6155] done synthesizing module 'FD' (12#1) [C:/Xilinx/Vivado/2020.2/scripts/rt/data/unisim_comp.v:13483]
INFO: [Synth 8-6155] done synthesizing module 'aurora_8b10b_0_gt' (13#1) [c:/Users/user/Desktop/mayis/RX_1byte_tlast_enabled/alex.gen/sources_1/ip/aurora_8b10b_0/aurora_8b10b_0/gt/aurora_8b10b_0_gt.v:55]
INFO: [Synth 8-6155] done synthesizing module 'aurora_8b10b_0_multi_gt' (14#1) [c:/Users/user/Desktop/mayis/RX_1byte_tlast_enabled/alex.gen/sources_1/ip/aurora_8b10b_0/aurora_8b10b_0/gt/aurora_8b10b_0_multi_gt.v:55]
INFO: [Synth 8-6155] done synthesizing module 'aurora_8b10b_0_GT_WRAPPER' (15#1) [c:/Users/user/Desktop/mayis/RX_1byte_tlast_enabled/alex.gen/sources_1/ip/aurora_8b10b_0/aurora_8b10b_0/gt/aurora_8b10b_0_transceiver_wrapper.v:57]
INFO: [Synth 8-6157] synthesizing module 'aurora_8b10b_0_RX_GLOBAL_LOGIC_SIMPLEX' [c:/Users/user/Desktop/mayis/RX_1byte_tlast_enabled/alex.gen/sources_1/ip/aurora_8b10b_0/aurora_8b10b_0/src/aurora_8b10b_0_rx_global_logic_simplex.v:62]
	Parameter WATCHDOG_TIMEOUT bound to: 14 - type: integer 
INFO: [Synth 8-6157] synthesizing module 'aurora_8b10b_0_RX_CHANNEL_INIT_SM_SIMPLEX' [c:/Users/user/Desktop/mayis/RX_1byte_tlast_enabled/alex.gen/sources_1/ip/aurora_8b10b_0/aurora_8b10b_0/src/aurora_8b10b_0_rx_channel_init_sm_simplex.v:80]
	Parameter WATCHDOG_TIMEOUT bound to: 14 - type: integer 
INFO: [Synth 8-6157] synthesizing module 'FD__parameterized0' [C:/Xilinx/Vivado/2020.2/scripts/rt/data/unisim_comp.v:13483]
	Parameter INIT bound to: 1'b1 
INFO: [Synth 8-6155] done synthesizing module 'FD__parameterized0' (15#1) [C:/Xilinx/Vivado/2020.2/scripts/rt/data/unisim_comp.v:13483]
INFO: [Synth 8-6155] done synthesizing module 'aurora_8b10b_0_RX_CHANNEL_INIT_SM_SIMPLEX' (16#1) [c:/Users/user/Desktop/mayis/RX_1byte_tlast_enabled/alex.gen/sources_1/ip/aurora_8b10b_0/aurora_8b10b_0/src/aurora_8b10b_0_rx_channel_init_sm_simplex.v:80]
INFO: [Synth 8-6157] synthesizing module 'aurora_8b10b_0_RX_CHANNEL_ERR_DETECT_SIMPLEX' [c:/Users/user/Desktop/mayis/RX_1byte_tlast_enabled/alex.gen/sources_1/ip/aurora_8b10b_0/aurora_8b10b_0/src/aurora_8b10b_0_rx_channel_err_detect_simplex.v:65]
INFO: [Synth 8-6155] done synthesizing module 'aurora_8b10b_0_RX_CHANNEL_ERR_DETECT_SIMPLEX' (17#1) [c:/Users/user/Desktop/mayis/RX_1byte_tlast_enabled/alex.gen/sources_1/ip/aurora_8b10b_0/aurora_8b10b_0/src/aurora_8b10b_0_rx_channel_err_detect_simplex.v:65]
INFO: [Synth 8-6155] done synthesizing module 'aurora_8b10b_0_RX_GLOBAL_LOGIC_SIMPLEX' (18#1) [c:/Users/user/Desktop/mayis/RX_1byte_tlast_enabled/alex.gen/sources_1/ip/aurora_8b10b_0/aurora_8b10b_0/src/aurora_8b10b_0_rx_global_logic_simplex.v:62]
INFO: [Synth 8-6157] synthesizing module 'aurora_8b10b_0_LL_TO_AXI' [c:/Users/user/Desktop/mayis/RX_1byte_tlast_enabled/alex.gen/sources_1/ip/aurora_8b10b_0/aurora_8b10b_0/src/aurora_8b10b_0_ll_to_axi.v:62]
	Parameter DATA_WIDTH bound to: 32 - type: integer 
	Parameter STRB_WIDTH bound to: 4 - type: integer 
	Parameter USE_UFC_REM bound to: 0 - type: integer 
	Parameter BC bound to: 4 - type: integer 
	Parameter REM_WIDTH bound to: 2 - type: integer 
INFO: [Synth 8-6155] done synthesizing module 'aurora_8b10b_0_LL_TO_AXI' (19#1) [c:/Users/user/Desktop/mayis/RX_1byte_tlast_enabled/alex.gen/sources_1/ip/aurora_8b10b_0/aurora_8b10b_0/src/aurora_8b10b_0_ll_to_axi.v:62]
INFO: [Synth 8-6157] synthesizing module 'aurora_8b10b_0_RX_LL' [c:/Users/user/Desktop/mayis/RX_1byte_tlast_enabled/alex.gen/sources_1/ip/aurora_8b10b_0/aurora_8b10b_0/src/aurora_8b10b_0_rx_ll.v:64]
INFO: [Synth 8-6157] synthesizing module 'aurora_8b10b_0_RX_LL_PDU_DATAPATH' [c:/Users/user/Desktop/mayis/RX_1byte_tlast_enabled/alex.gen/sources_1/ip/aurora_8b10b_0/aurora_8b10b_0/src/aurora_8b10b_0_rx_ll_pdu_datapath.v:63]
INFO: [Synth 8-6157] synthesizing module 'aurora_8b10b_0_RX_LL_DEFRAMER' [c:/Users/user/Desktop/mayis/RX_1byte_tlast_enabled/alex.gen/sources_1/ip/aurora_8b10b_0/aurora_8b10b_0/src/aurora_8b10b_0_rx_ll_deframer.v:64]
INFO: [Synth 8-6157] synthesizing module 'MUXCY' [C:/Xilinx/Vivado/2020.2/scripts/rt/data/unisim_comp.v:42936]
INFO: [Synth 8-6155] done synthesizing module 'MUXCY' (20#1) [C:/Xilinx/Vivado/2020.2/scripts/rt/data/unisim_comp.v:42936]
INFO: [Synth 8-6155] done synthesizing module 'aurora_8b10b_0_RX_LL_DEFRAMER' (21#1) [c:/Users/user/Desktop/mayis/RX_1byte_tlast_enabled/alex.gen/sources_1/ip/aurora_8b10b_0/aurora_8b10b_0/src/aurora_8b10b_0_rx_ll_deframer.v:64]
INFO: [Synth 8-6157] synthesizing module 'aurora_8b10b_0_LEFT_ALIGN_CONTROL' [c:/Users/user/Desktop/mayis/RX_1byte_tlast_enabled/alex.gen/sources_1/ip/aurora_8b10b_0/aurora_8b10b_0/src/aurora_8b10b_0_left_align_control.v:63]
INFO: [Synth 8-6155] done synthesizing module 'aurora_8b10b_0_LEFT_ALIGN_CONTROL' (22#1) [c:/Users/user/Desktop/mayis/RX_1byte_tlast_enabled/alex.gen/sources_1/ip/aurora_8b10b_0/aurora_8b10b_0/src/aurora_8b10b_0_left_align_control.v:63]
INFO: [Synth 8-6157] synthesizing module 'aurora_8b10b_0_VALID_DATA_COUNTER' [c:/Users/user/Desktop/mayis/RX_1byte_tlast_enabled/alex.gen/sources_1/ip/aurora_8b10b_0/aurora_8b10b_0/src/aurora_8b10b_0_valid_data_counter.v:70]
INFO: [Synth 8-6155] done synthesizing module 'aurora_8b10b_0_VALID_DATA_COUNTER' (23#1) [c:/Users/user/Desktop/mayis/RX_1byte_tlast_enabled/alex.gen/sources_1/ip/aurora_8b10b_0/aurora_8b10b_0/src/aurora_8b10b_0_valid_data_counter.v:70]
INFO: [Synth 8-6157] synthesizing module 'aurora_8b10b_0_LEFT_ALIGN_MUX' [c:/Users/user/Desktop/mayis/RX_1byte_tlast_enabled/alex.gen/sources_1/ip/aurora_8b10b_0/aurora_8b10b_0/src/aurora_8b10b_0_left_align_mux.v:67]
INFO: [Synth 8-6155] done synthesizing module 'aurora_8b10b_0_LEFT_ALIGN_MUX' (24#1) [c:/Users/user/Desktop/mayis/RX_1byte_tlast_enabled/alex.gen/sources_1/ip/aurora_8b10b_0/aurora_8b10b_0/src/aurora_8b10b_0_left_align_mux.v:67]
INFO: [Synth 8-6157] synthesizing module 'aurora_8b10b_0_STORAGE_COUNT_CONTROL' [c:/Users/user/Desktop/mayis/RX_1byte_tlast_enabled/alex.gen/sources_1/ip/aurora_8b10b_0/aurora_8b10b_0/src/aurora_8b10b_0_storage_count_control.v:62]
INFO: [Synth 8-226] default block is never used [c:/Users/user/Desktop/mayis/RX_1byte_tlast_enabled/alex.gen/sources_1/ip/aurora_8b10b_0/aurora_8b10b_0/src/aurora_8b10b_0_storage_count_control.v:116]
INFO: [Synth 8-6155] done synthesizing module 'aurora_8b10b_0_STORAGE_COUNT_CONTROL' (25#1) [c:/Users/user/Desktop/mayis/RX_1byte_tlast_enabled/alex.gen/sources_1/ip/aurora_8b10b_0/aurora_8b10b_0/src/aurora_8b10b_0_storage_count_control.v:62]
INFO: [Synth 8-6157] synthesizing module 'aurora_8b10b_0_STORAGE_CE_CONTROL' [c:/Users/user/Desktop/mayis/RX_1byte_tlast_enabled/alex.gen/sources_1/ip/aurora_8b10b_0/aurora_8b10b_0/src/aurora_8b10b_0_storage_ce_control.v:63]
INFO: [Synth 8-6155] done synthesizing module 'aurora_8b10b_0_STORAGE_CE_CONTROL' (26#1) [c:/Users/user/Desktop/mayis/RX_1byte_tlast_enabled/alex.gen/sources_1/ip/aurora_8b10b_0/aurora_8b10b_0/src/aurora_8b10b_0_storage_ce_control.v:63]
INFO: [Synth 8-6157] synthesizing module 'aurora_8b10b_0_STORAGE_SWITCH_CONTROL' [c:/Users/user/Desktop/mayis/RX_1byte_tlast_enabled/alex.gen/sources_1/ip/aurora_8b10b_0/aurora_8b10b_0/src/aurora_8b10b_0_storage_switch_control.v:62]
INFO: [Synth 8-6155] done synthesizing module 'aurora_8b10b_0_STORAGE_SWITCH_CONTROL' (27#1) [c:/Users/user/Desktop/mayis/RX_1byte_tlast_enabled/alex.gen/sources_1/ip/aurora_8b10b_0/aurora_8b10b_0/src/aurora_8b10b_0_storage_switch_control.v:62]
INFO: [Synth 8-6157] synthesizing module 'aurora_8b10b_0_OUTPUT_SWITCH_CONTROL' [c:/Users/user/Desktop/mayis/RX_1byte_tlast_enabled/alex.gen/sources_1/ip/aurora_8b10b_0/aurora_8b10b_0/src/aurora_8b10b_0_output_switch_control.v:62]
INFO: [Synth 8-6155] done synthesizing module 'aurora_8b10b_0_OUTPUT_SWITCH_CONTROL' (28#1) [c:/Users/user/Desktop/mayis/RX_1byte_tlast_enabled/alex.gen/sources_1/ip/aurora_8b10b_0/aurora_8b10b_0/src/aurora_8b10b_0_output_switch_control.v:62]
INFO: [Synth 8-6157] synthesizing module 'aurora_8b10b_0_SIDEBAND_OUTPUT' [c:/Users/user/Desktop/mayis/RX_1byte_tlast_enabled/alex.gen/sources_1/ip/aurora_8b10b_0/aurora_8b10b_0/src/aurora_8b10b_0_sideband_output.v:63]
INFO: [Synth 8-6155] done synthesizing module 'aurora_8b10b_0_SIDEBAND_OUTPUT' (29#1) [c:/Users/user/Desktop/mayis/RX_1byte_tlast_enabled/alex.gen/sources_1/ip/aurora_8b10b_0/aurora_8b10b_0/src/aurora_8b10b_0_sideband_output.v:63]
INFO: [Synth 8-6157] synthesizing module 'aurora_8b10b_0_STORAGE_MUX' [c:/Users/user/Desktop/mayis/RX_1byte_tlast_enabled/alex.gen/sources_1/ip/aurora_8b10b_0/aurora_8b10b_0/src/aurora_8b10b_0_storage_mux.v:64]
INFO: [Synth 8-6155] done synthesizing module 'aurora_8b10b_0_STORAGE_MUX' (30#1) [c:/Users/user/Desktop/mayis/RX_1byte_tlast_enabled/alex.gen/sources_1/ip/aurora_8b10b_0/aurora_8b10b_0/src/aurora_8b10b_0_storage_mux.v:64]
INFO: [Synth 8-6157] synthesizing module 'aurora_8b10b_0_OUTPUT_MUX' [c:/Users/user/Desktop/mayis/RX_1byte_tlast_enabled/alex.gen/sources_1/ip/aurora_8b10b_0/aurora_8b10b_0/src/aurora_8b10b_0_output_mux.v:65]
INFO: [Synth 8-6155] done synthesizing module 'aurora_8b10b_0_OUTPUT_MUX' (31#1) [c:/Users/user/Desktop/mayis/RX_1byte_tlast_enabled/alex.gen/sources_1/ip/aurora_8b10b_0/aurora_8b10b_0/src/aurora_8b10b_0_output_mux.v:65]
INFO: [Synth 8-6155] done synthesizing module 'aurora_8b10b_0_RX_LL_PDU_DATAPATH' (32#1) [c:/Users/user/Desktop/mayis/RX_1byte_tlast_enabled/alex.gen/sources_1/ip/aurora_8b10b_0/aurora_8b10b_0/src/aurora_8b10b_0_rx_ll_pdu_datapath.v:63]
INFO: [Synth 8-6155] done synthesizing module 'aurora_8b10b_0_RX_LL' (33#1) [c:/Users/user/Desktop/mayis/RX_1byte_tlast_enabled/alex.gen/sources_1/ip/aurora_8b10b_0/aurora_8b10b_0/src/aurora_8b10b_0_rx_ll.v:64]
INFO: [Synth 8-6155] done synthesizing module 'aurora_8b10b_0_core' (34#1) [c:/Users/user/Desktop/mayis/RX_1byte_tlast_enabled/alex.gen/sources_1/ip/aurora_8b10b_0/aurora_8b10b_0_core.v:65]
INFO: [Synth 8-6155] done synthesizing module 'aurora_8b10b_0' (35#1) [c:/Users/user/Desktop/mayis/RX_1byte_tlast_enabled/alex.gen/sources_1/ip/aurora_8b10b_0/aurora_8b10b_0.v:54]
---------------------------------------------------------------------------------
Finished RTL Elaboration : Time (s): cpu = 00:00:05 ; elapsed = 00:00:05 . Memory (MB): peak = 1322.750 ; gain = 160.156
---------------------------------------------------------------------------------
---------------------------------------------------------------------------------
Start Handling Custom Attributes
---------------------------------------------------------------------------------
---------------------------------------------------------------------------------
Finished Handling Custom Attributes : Time (s): cpu = 00:00:06 ; elapsed = 00:00:06 . Memory (MB): peak = 1322.750 ; gain = 160.156
---------------------------------------------------------------------------------
---------------------------------------------------------------------------------
Finished RTL Optimization Phase 1 : Time (s): cpu = 00:00:06 ; elapsed = 00:00:06 . Memory (MB): peak = 1322.750 ; gain = 160.156
---------------------------------------------------------------------------------
Netlist sorting complete. Time (s): cpu = 00:00:00 ; elapsed = 00:00:00.032 . Memory (MB): peak = 1322.750 ; gain = 0.000
INFO: [Netlist 29-17] Analyzing 19 Unisim elements for replacement
INFO: [Netlist 29-28] Unisim Transformation completed in 0 CPU seconds
INFO: [Project 1-570] Preparing netlist for logic optimization

Processing XDC Constraints
Initializing timing engine
Parsing XDC File [c:/Users/user/Desktop/mayis/RX_1byte_tlast_enabled/alex.gen/sources_1/ip/aurora_8b10b_0/aurora_8b10b_0_ooc.xdc] for cell 'inst'
Finished Parsing XDC File [c:/Users/user/Desktop/mayis/RX_1byte_tlast_enabled/alex.gen/sources_1/ip/aurora_8b10b_0/aurora_8b10b_0_ooc.xdc] for cell 'inst'
Parsing XDC File [c:/Users/user/Desktop/mayis/RX_1byte_tlast_enabled/alex.gen/sources_1/ip/aurora_8b10b_0/aurora_8b10b_0.xdc] for cell 'inst'
Finished Parsing XDC File [c:/Users/user/Desktop/mayis/RX_1byte_tlast_enabled/alex.gen/sources_1/ip/aurora_8b10b_0/aurora_8b10b_0.xdc] for cell 'inst'
Parsing XDC File [C:/Users/user/Desktop/mayis/RX_1byte_tlast_enabled/alex.runs/aurora_8b10b_0_synth_1/dont_touch.xdc]
Finished Parsing XDC File [C:/Users/user/Desktop/mayis/RX_1byte_tlast_enabled/alex.runs/aurora_8b10b_0_synth_1/dont_touch.xdc]
Parsing XDC File [c:/Users/user/Desktop/mayis/RX_1byte_tlast_enabled/alex.gen/sources_1/ip/aurora_8b10b_0/aurora_8b10b_0_clocks.xdc] for cell 'inst'
Finished Parsing XDC File [c:/Users/user/Desktop/mayis/RX_1byte_tlast_enabled/alex.gen/sources_1/ip/aurora_8b10b_0/aurora_8b10b_0_clocks.xdc] for cell 'inst'
Completed Processing XDC Constraints

Netlist sorting complete. Time (s): cpu = 00:00:00 ; elapsed = 00:00:00.001 . Memory (MB): peak = 1436.297 ; gain = 0.000
INFO: [Project 1-111] Unisim Transformation Summary:
  A total of 15 instances were transformed.
  FD => FDRE: 14 instances
  FDR => FDRE: 1 instance 

Constraint Validation Runtime : Time (s): cpu = 00:00:00 ; elapsed = 00:00:00.038 . Memory (MB): peak = 1443.242 ; gain = 6.945
---------------------------------------------------------------------------------
Finished Constraint Validation : Time (s): cpu = 00:00:12 ; elapsed = 00:00:12 . Memory (MB): peak = 1443.242 ; gain = 280.648
---------------------------------------------------------------------------------
---------------------------------------------------------------------------------
Start Loading Part and Timing Information
---------------------------------------------------------------------------------
Loading part: xc7k325tfbv676-2
---------------------------------------------------------------------------------
Finished Loading Part and Timing Information : Time (s): cpu = 00:00:12 ; elapsed = 00:00:12 . Memory (MB): peak = 1443.242 ; gain = 280.648
---------------------------------------------------------------------------------
---------------------------------------------------------------------------------
Start Applying 'set_property' XDC Constraints
---------------------------------------------------------------------------------
Applied set_property KEEP_HIERARCHY = SOFT for inst. (constraint file  C:/Users/user/Desktop/mayis/RX_1byte_tlast_enabled/alex.runs/aurora_8b10b_0_synth_1/dont_touch.xdc, line 9).
---------------------------------------------------------------------------------
Finished applying 'set_property' XDC Constraints : Time (s): cpu = 00:00:12 ; elapsed = 00:00:12 . Memory (MB): peak = 1443.242 ; gain = 280.648
---------------------------------------------------------------------------------
INFO: [Synth 8-802] inferred FSM for state register 'rx_state_reg' in module 'aurora_8b10b_0_rx_startup_fsm'
---------------------------------------------------------------------------------------------------
                   State |                     New Encoding |                Previous Encoding 
---------------------------------------------------------------------------------------------------
                    INIT |                             0000 |                             0000
       ASSERT_ALL_RESETS |                             0001 |                             0001
       WAIT_FOR_PLL_LOCK |                             0010 |                             0010
       RELEASE_PLL_RESET |                             0011 |                             0011
    VERIFY_RECCLK_STABLE |                             0100 |                             0100
      RELEASE_MMCM_RESET |                             0101 |                             0101
       WAIT_FOR_RXUSRCLK |                             0110 |                             0110
         WAIT_RESET_DONE |                             0111 |                             0111
      DO_PHASE_ALIGNMENT |                             1000 |                             1000
      MONITOR_DATA_VALID |                             1001 |                             1001
                FSM_DONE |                             1010 |                             1010
---------------------------------------------------------------------------------------------------
INFO: [Synth 8-3354] encoded FSM with state register 'rx_state_reg' using encoding 'sequential' in module 'aurora_8b10b_0_rx_startup_fsm'
---------------------------------------------------------------------------------
Finished RTL Optimization Phase 2 : Time (s): cpu = 00:00:13 ; elapsed = 00:00:13 . Memory (MB): peak = 1443.242 ; gain = 280.648
---------------------------------------------------------------------------------
---------------------------------------------------------------------------------
Start RTL Component Statistics 
---------------------------------------------------------------------------------
Detailed RTL Component Info : 
+---Adders : 
	   2 Input   32 Bit       Adders := 1     
	   2 Input   10 Bit       Adders := 1     
	   2 Input    8 Bit       Adders := 3     
	   2 Input    4 Bit       Adders := 1     
	   2 Input    3 Bit       Adders := 4     
	   2 Input    2 Bit       Adders := 4     
	   3 Input    2 Bit       Adders := 2     
+---XORs : 
	   2 Input      1 Bit         XORs := 3     
+---Registers : 
	              128 Bit    Registers := 1     
	               96 Bit    Registers := 1     
	               32 Bit    Registers := 8     
	               24 Bit    Registers := 1     
	               16 Bit    Registers := 3     
	               10 Bit    Registers := 2     
	                8 Bit    Registers := 16    
	                6 Bit    Registers := 1     
	                5 Bit    Registers := 1     
	                4 Bit    Registers := 5     
	                3 Bit    Registers := 3     
	                2 Bit    Registers := 21    
	                1 Bit    Registers := 209   
+---Muxes : 
	   2 Input   32 Bit        Muxes := 1     
	   2 Input   16 Bit        Muxes := 10    
	   4 Input    8 Bit        Muxes := 4     
	   2 Input    8 Bit        Muxes := 1     
	  11 Input    4 Bit        Muxes := 1     
	   2 Input    4 Bit        Muxes := 7     
	   7 Input    2 Bit        Muxes := 1     
	   2 Input    2 Bit        Muxes := 4     
	   4 Input    2 Bit        Muxes := 1     
	   7 Input    1 Bit        Muxes := 1     
	   4 Input    1 Bit        Muxes := 6     
	   2 Input    1 Bit        Muxes := 23    
	  11 Input    1 Bit        Muxes := 21    
	   6 Input    1 Bit        Muxes := 2     
	   8 Input    1 Bit        Muxes := 1     
---------------------------------------------------------------------------------
Finished RTL Component Statistics 
---------------------------------------------------------------------------------
---------------------------------------------------------------------------------
Start Part Resource Summary
---------------------------------------------------------------------------------
Part Resources:
DSPs: 840 (col length:140)
BRAMs: 890 (col length: RAMB18 140 RAMB36 70)
---------------------------------------------------------------------------------
Finished Part Resource Summary
---------------------------------------------------------------------------------
---------------------------------------------------------------------------------
Start Cross Boundary and Area Optimization
---------------------------------------------------------------------------------
---------------------------------------------------------------------------------
Finished Cross Boundary and Area Optimization : Time (s): cpu = 00:00:16 ; elapsed = 00:00:16 . Memory (MB): peak = 1443.242 ; gain = 280.648
---------------------------------------------------------------------------------
---------------------------------------------------------------------------------
Start Applying XDC Timing Constraints
---------------------------------------------------------------------------------
---------------------------------------------------------------------------------
Finished Applying XDC Timing Constraints : Time (s): cpu = 00:00:21 ; elapsed = 00:00:21 . Memory (MB): peak = 1443.242 ; gain = 280.648
---------------------------------------------------------------------------------
---------------------------------------------------------------------------------
Start Timing Optimization
---------------------------------------------------------------------------------
---------------------------------------------------------------------------------
Finished Timing Optimization : Time (s): cpu = 00:00:21 ; elapsed = 00:00:21 . Memory (MB): peak = 1443.242 ; gain = 280.648
---------------------------------------------------------------------------------
---------------------------------------------------------------------------------
Start Technology Mapping
---------------------------------------------------------------------------------
---------------------------------------------------------------------------------
Finished Technology Mapping : Time (s): cpu = 00:00:21 ; elapsed = 00:00:21 . Memory (MB): peak = 1443.242 ; gain = 280.648
---------------------------------------------------------------------------------
---------------------------------------------------------------------------------
Start IO Insertion
---------------------------------------------------------------------------------
---------------------------------------------------------------------------------
Start Flattening Before IO Insertion
---------------------------------------------------------------------------------
---------------------------------------------------------------------------------
Finished Flattening Before IO Insertion
---------------------------------------------------------------------------------
---------------------------------------------------------------------------------
Start Final Netlist Cleanup
---------------------------------------------------------------------------------
---------------------------------------------------------------------------------
Finished Final Netlist Cleanup
---------------------------------------------------------------------------------
---------------------------------------------------------------------------------
Finished IO Insertion : Time (s): cpu = 00:00:24 ; elapsed = 00:00:24 . Memory (MB): peak = 1443.242 ; gain = 280.648
---------------------------------------------------------------------------------
---------------------------------------------------------------------------------
Start Renaming Generated Instances
---------------------------------------------------------------------------------
---------------------------------------------------------------------------------
Finished Renaming Generated Instances : Time (s): cpu = 00:00:24 ; elapsed = 00:00:24 . Memory (MB): peak = 1443.242 ; gain = 280.648
---------------------------------------------------------------------------------
---------------------------------------------------------------------------------
Start Rebuilding User Hierarchy
---------------------------------------------------------------------------------
---------------------------------------------------------------------------------
Finished Rebuilding User Hierarchy : Time (s): cpu = 00:00:24 ; elapsed = 00:00:24 . Memory (MB): peak = 1443.242 ; gain = 280.648
---------------------------------------------------------------------------------
---------------------------------------------------------------------------------
Start Renaming Generated Ports
---------------------------------------------------------------------------------
---------------------------------------------------------------------------------
Finished Renaming Generated Ports : Time (s): cpu = 00:00:24 ; elapsed = 00:00:24 . Memory (MB): peak = 1443.242 ; gain = 280.648
---------------------------------------------------------------------------------
---------------------------------------------------------------------------------
Start Handling Custom Attributes
---------------------------------------------------------------------------------
---------------------------------------------------------------------------------
Finished Handling Custom Attributes : Time (s): cpu = 00:00:24 ; elapsed = 00:00:24 . Memory (MB): peak = 1443.242 ; gain = 280.648
---------------------------------------------------------------------------------
---------------------------------------------------------------------------------
Start Renaming Generated Nets
---------------------------------------------------------------------------------
---------------------------------------------------------------------------------
Finished Renaming Generated Nets : Time (s): cpu = 00:00:24 ; elapsed = 00:00:24 . Memory (MB): peak = 1443.242 ; gain = 280.648
---------------------------------------------------------------------------------
---------------------------------------------------------------------------------
Start ROM, RAM, DSP, Shift Register and Retiming Reporting
---------------------------------------------------------------------------------

Static Shift Register Report:
+--------------------+-----------------------------------------------------------------------------------------------------------------------+--------+-------+--------------+--------------------+-------------------+--------+---------+
|Module Name         | RTL Name                                                                                                              | Length | Width | Reset Signal | Pull out first Reg | Pull out last Reg | SRL16E | SRLC32E | 
+--------------------+-----------------------------------------------------------------------------------------------------------------------+--------+-------+--------------+--------------------+-------------------+--------+---------+
|aurora_8b10b_0_core | gt_wrapper_i/rxfsm_rxresetdone_r_reg                                                                                  | 4      | 1     | NO           | NO                 | YES               | 1      | 0       | 
|aurora_8b10b_0_core | aurora_8b10b_0_rx_aurora_lane_simplex_gtx_4byte_0_i/aurora_8b10b_0_rx_lane_init_sm_simplex_4byte_i/counter2_r_reg[15] | 16     | 1     | NO           | NO                 | YES               | 1      | 0       | 
|aurora_8b10b_0_core | gt_wrapper_i/aurora_8b10b_0_multi_gt_i/gt0_aurora_8b10b_0_i/cpllpd_wait_reg[95]                                       | 96     | 1     | NO           | NO                 | YES               | 0      | 3       | 
|aurora_8b10b_0_core | gt_wrapper_i/aurora_8b10b_0_multi_gt_i/gt0_aurora_8b10b_0_i/cpllreset_wait_reg[127]                                   | 128    | 1     | NO           | NO                 | YES               | 0      | 4       | 
|aurora_8b10b_0_core | aurora_8b10b_0_rx_global_logic_simplex_i/rx_channel_init_sm_simplex_i/v_count_r_reg[15]                               | 16     | 1     | NO           | NO                 | YES               | 1      | 0       | 
|aurora_8b10b_0_core | aurora_8b10b_0_rx_global_logic_simplex_i/rx_channel_init_sm_simplex_i/rxver_count_r_reg[2]                            | 3      | 1     | NO           | NO                 | YES               | 1      | 0       | 
|aurora_8b10b_0_core | aurora_8b10b_0_rx_global_logic_simplex_i/rx_channel_init_sm_simplex_i/verify_watchdog_r_reg[15]                       | 16     | 1     | NO           | NO                 | YES               | 1      | 0       | 
|aurora_8b10b_0_core | aurora_8b10b_0_rx_ll_i/rx_ll_pdu_datapath_i/stage_2_data_r_reg[0]                                                     | 4      | 32    | NO           | NO                 | YES               | 32     | 0       | 
+--------------------+-----------------------------------------------------------------------------------------------------------------------+--------+-------+--------------+--------------------+-------------------+--------+---------+

---------------------------------------------------------------------------------
Finished ROM, RAM, DSP, Shift Register and Retiming Reporting
---------------------------------------------------------------------------------
---------------------------------------------------------------------------------
Start Writing Synthesis Report
---------------------------------------------------------------------------------

Report BlackBoxes: 
+-+--------------+----------+
| |BlackBox name |Instances |
+-+--------------+----------+
+-+--------------+----------+

Report Cell Usage: 
+------+--------------+------+
|      |Cell          |Count |
+------+--------------+------+
|1     |CARRY4        |    40|
|2     |GTXE2_CHANNEL |     1|
|3     |LUT1          |   332|
|4     |LUT2          |    43|
|5     |LUT3          |    93|
|6     |LUT4          |    97|
|7     |LUT5          |    73|
|8     |LUT6          |   111|
|9     |MUXCY         |     4|
|10    |SRL16E        |    37|
|11    |SRLC32E       |     7|
|12    |FD            |    14|
|13    |FDCE          |    11|
|14    |FDR           |     1|
|15    |FDRE          |   635|
|16    |FDSE          |    27|
+------+--------------+------+
---------------------------------------------------------------------------------
Finished Writing Synthesis Report : Time (s): cpu = 00:00:24 ; elapsed = 00:00:24 . Memory (MB): peak = 1443.242 ; gain = 280.648
---------------------------------------------------------------------------------
Synthesis finished with 0 errors, 0 critical warnings and 0 warnings.
Synthesis Optimization Runtime : Time (s): cpu = 00:00:16 ; elapsed = 00:00:22 . Memory (MB): peak = 1443.242 ; gain = 160.156
Synthesis Optimization Complete : Time (s): cpu = 00:00:24 ; elapsed = 00:00:24 . Memory (MB): peak = 1443.242 ; gain = 280.648
INFO: [Project 1-571] Translating synthesized netlist
Netlist sorting complete. Time (s): cpu = 00:00:00 ; elapsed = 00:00:00.024 . Memory (MB): peak = 1443.242 ; gain = 0.000
INFO: [Netlist 29-17] Analyzing 59 Unisim elements for replacement
INFO: [Netlist 29-28] Unisim Transformation completed in 0 CPU seconds
INFO: [Project 1-570] Preparing netlist for logic optimization
INFO: [Opt 31-138] Pushed 0 inverter(s) to 0 load pin(s).
Netlist sorting complete. Time (s): cpu = 00:00:00 ; elapsed = 00:00:00.001 . Memory (MB): peak = 1452.996 ; gain = 0.000
INFO: [Project 1-111] Unisim Transformation Summary:
  A total of 17 instances were transformed.
  (MUXCY,XORCY) => CARRY4: 2 instances
  FD => FDRE: 14 instances
  FDR => FDRE: 1 instance 

INFO: [Common 17-83] Releasing license: Synthesis
101 Infos, 2 Warnings, 0 Critical Warnings and 0 Errors encountered.
synth_design completed successfully
synth_design: Time (s): cpu = 00:00:29 ; elapsed = 00:00:31 . Memory (MB): peak = 1452.996 ; gain = 290.402
INFO: [Common 17-1381] The checkpoint 'C:/Users/user/Desktop/mayis/RX_1byte_tlast_enabled/alex.runs/aurora_8b10b_0_synth_1/aurora_8b10b_0.dcp' has been generated.
WARNING: [Common 17-576] 'use_project_ipc' is deprecated. This option is deprecated and no longer used.
INFO: [Coretcl 2-1648] Added synthesis output to IP cache for IP aurora_8b10b_0, cache-ID = ff710b86b8d8b636
INFO: [Coretcl 2-1174] Renamed 42 cell refs.
INFO: [Common 17-1381] The checkpoint 'C:/Users/user/Desktop/mayis/RX_1byte_tlast_enabled/alex.runs/aurora_8b10b_0_synth_1/aurora_8b10b_0.dcp' has been generated.
INFO: [runtcl-4] Executing : report_utilization -file aurora_8b10b_0_utilization_synth.rpt -pb aurora_8b10b_0_utilization_synth.pb
INFO: [Common 17-206] Exiting Vivado at Fri May 14 21:23:58 2021...
